[ 2016-10-31T11:57:20+08:00 ] 14.17.37.72 /singcms/index.php?m=home&c=index&a=showsignup
INFO: [ app_init ] --START--
INFO: Run Behavior\BuildLiteBehavior [ RunTime:0.000018s ]
INFO: [ app_init ] --END-- [ RunTime:0.000127s ]
INFO: [ app_begin ] --START--
INFO: Run Behavior\ReadHtmlCacheBehavior [ RunTime:0.000045s ]
INFO: [ app_begin ] --END-- [ RunTime:0.000083s ]
NOTIC: [2048] Declaration of Home\Controller\IndexController::show() should be compatible with Think\Controller::show($content, $charset = '', $contentType = '', $prefix = '') /data/wwwroot/bjx.cheerskeji.com/singcms/Application/Home/Controller/IndexController.class.php 第 204083136 行.
INFO: [ app_end ] --START--
INFO: Run Behavior\ShowPageTraceBehavior [ RunTime:0.001035s ]
INFO: [ app_end ] --END-- [ RunTime:0.001084s ]

[ 2016-10-31T11:57:20+08:00 ] 58.247.206.155 /singcms/index.php?m=home&signature=6f5d79aeabf3f31b50d10baa834ee5736bc4726b&timestamp=1477886239&nonce=257078857&openid=okIYdw3gT3x7bZGHCSfp3XqmuAU4&encrypt_type=aes&msg_signature=55b887cb7c069125e5d94ac3e899532c53504a63
INFO: [ app_init ] --START--
INFO: Run Behavior\BuildLiteBehavior [ RunTime:0.000016s ]
INFO: [ app_init ] --END-- [ RunTime:0.000548s ]
INFO: [ app_begin ] --START--
INFO: Run Behavior\ReadHtmlCacheBehavior [ RunTime:0.000700s ]
INFO: [ app_begin ] --END-- [ RunTime:0.000747s ]
NOTIC: [2048] Declaration of Home\Controller\IndexController::show() should be compatible with Think\Controller::show($content, $charset = '', $contentType = '', $prefix = '') /data/wwwroot/bjx.cheerskeji.com/singcms/Application/Home/Controller/IndexController.class.php 第 0 行.
NOTIC: [8] Undefined index: echostr /data/wwwroot/bjx.cheerskeji.com/singcms/Application/Home/Controller/IndexController.class.php 第 27 行.
NOTIC: [8] Undefined index: access_token /data/wwwroot/bjx.cheerskeji.com/singcms/Application/Home/Controller/IndexController.class.php 第 247 行.
NOTIC: [2] curl_error(): 29 is not a valid cURL handle resource /data/wwwroot/bjx.cheerskeji.com/singcms/Application/Home/Controller/IndexController.class.php 第 193 行.
NOTIC: [8] Array to string conversion /data/wwwroot/bjx.cheerskeji.com/singcms/Application/Home/Controller/IndexController.class.php 第 260 行.
NOTIC: [2] curl_error(): 30 is not a valid cURL handle resource /data/wwwroot/bjx.cheerskeji.com/singcms/Application/Home/Controller/IndexController.class.php 第 193 行.
INFO: [ app_end ] --START--
INFO: Run Behavior\ShowPageTraceBehavior [ RunTime:0.000122s ]
INFO: [ app_end ] --END-- [ RunTime:0.000176s ]

[ 2016-10-31T11:57:21+08:00 ] 14.17.37.72 /singcms/index.php/home/index/checkIsSignUp?code=0316UbUF0ErYUh2XCESF0fRhUF06UbUy&state=0
INFO: [ app_init ] --START--
INFO: Run Behavior\BuildLiteBehavior [ RunTime:0.000015s ]
INFO: [ app_init ] --END-- [ RunTime:0.000120s ]
INFO: [ app_begin ] --START--
INFO: Run Behavior\ReadHtmlCacheBehavior [ RunTime:0.000046s ]
INFO: [ app_begin ] --END-- [ RunTime:0.000097s ]
NOTIC: [2048] Declaration of Home\Controller\IndexController::show() should be compatible with Think\Controller::show($content, $charset = '', $contentType = '', $prefix = '') /data/wwwroot/bjx.cheerskeji.com/singcms/Application/Home/Controller/IndexController.class.php 第 771518656 行.
SQL: SHOW COLUMNS FROM `yingchao_user_wx` [ RunTime:0.0007s ]
NOTIC: [2] curl_error(): 6 is not a valid cURL handle resource /data/wwwroot/bjx.cheerskeji.com/singcms/Application/Home/Controller/IndexController.class.php 第 193 行.
SQL: SELECT * FROM `yingchao_user_wx` WHERE ( openid='okIYdw3gT3x7bZGHCSfp3XqmuAU4' ) LIMIT 1   [ RunTime:0.0002s ]
INFO: [ view_parse ] --START--
INFO: [ template_filter ] --START--
INFO: Run Behavior\ContentReplaceBehavior [ RunTime:0.000059s ]
INFO: [ template_filter ] --END-- [ RunTime:0.000125s ]
INFO: Run Behavior\ParseTemplateBehavior [ RunTime:0.010250s ]
INFO: [ view_parse ] --END-- [ RunTime:0.010304s ]
INFO: [ view_filter ] --START--
INFO: Run Behavior\WriteHtmlCacheBehavior [ RunTime:0.000285s ]
INFO: [ view_filter ] --END-- [ RunTime:0.000323s ]
INFO: [ app_end ] --START--
INFO: Run Behavior\ShowPageTraceBehavior [ RunTime:0.000053s ]
INFO: [ app_end ] --END-- [ RunTime:0.000082s ]

[ 2016-10-31T11:57:28+08:00 ] 58.247.206.145 /singcms/index.php?m=home&signature=5b7a50ebf8102426627d22ccdb607b1251b76b05&timestamp=1477886248&nonce=1341756430&openid=okIYdw3gT3x7bZGHCSfp3XqmuAU4&encrypt_type=aes&msg_signature=ad4f3b584bd3d4adb50d7fa49cb1544e2ae80b8f
INFO: [ app_init ] --START--
INFO: Run Behavior\BuildLiteBehavior [ RunTime:0.000015s ]
INFO: [ app_init ] --END-- [ RunTime:0.000088s ]
INFO: [ app_begin ] --START--
INFO: Run Behavior\ReadHtmlCacheBehavior [ RunTime:0.000039s ]
INFO: [ app_begin ] --END-- [ RunTime:0.000079s ]
NOTIC: [2048] Declaration of Home\Controller\IndexController::show() should be compatible with Think\Controller::show($content, $charset = '', $contentType = '', $prefix = '') /data/wwwroot/bjx.cheerskeji.com/singcms/Application/Home/Controller/IndexController.class.php 第 0 行.
NOTIC: [8] Undefined index: echostr /data/wwwroot/bjx.cheerskeji.com/singcms/Application/Home/Controller/IndexController.class.php 第 27 行.

[ 2016-10-31T11:57:29+08:00 ] 14.17.37.72 /singcms/index.php?m=home&c=index&a=findOpenId
INFO: [ app_init ] --START--
INFO: Run Behavior\BuildLiteBehavior [ RunTime:0.000014s ]
INFO: [ app_init ] --END-- [ RunTime:0.000110s ]
INFO: [ app_begin ] --START--
INFO: Run Behavior\ReadHtmlCacheBehavior [ RunTime:0.000063s ]
INFO: [ app_begin ] --END-- [ RunTime:0.000130s ]
NOTIC: [2048] Declaration of Home\Controller\IndexController::show() should be compatible with Think\Controller::show($content, $charset = '', $contentType = '', $prefix = '') /data/wwwroot/bjx.cheerskeji.com/singcms/Application/Home/Controller/IndexController.class.php 第 0 行.
INFO: [ app_end ] --START--
INFO: Run Behavior\ShowPageTraceBehavior [ RunTime:0.000046s ]
INFO: [ app_end ] --END-- [ RunTime:0.000084s ]

[ 2016-10-31T11:57:29+08:00 ] 14.17.37.72 /singcms/index.php/home/index/getWebAccessToken?code=001QabN91Z0m9T1WpqO91th9N91QabNU&state=0
INFO: [ app_init ] --START--
INFO: Run Behavior\BuildLiteBehavior [ RunTime:0.000019s ]
INFO: [ app_init ] --END-- [ RunTime:0.000156s ]
INFO: [ app_begin ] --START--
INFO: Run Behavior\ReadHtmlCacheBehavior [ RunTime:0.000070s ]
INFO: [ app_begin ] --END-- [ RunTime:0.000139s ]
NOTIC: [2048] Declaration of Home\Controller\IndexController::show() should be compatible with Think\Controller::show($content, $charset = '', $contentType = '', $prefix = '') /data/wwwroot/bjx.cheerskeji.com/singcms/Application/Home/Controller/IndexController.class.php 第 0 行.
SQL: SHOW COLUMNS FROM `yingchao_user_wx` [ RunTime:0.0008s ]
NOTIC: [2] curl_error(): 2 is not a valid cURL handle resource /data/wwwroot/bjx.cheerskeji.com/singcms/Application/Home/Controller/IndexController.class.php 第 193 行.
DEBUG: okIYdw3gT3x7bZGHCSfp3XqmuAU4
SQL: SELECT * FROM `yingchao_user_wx` WHERE ( openid='okIYdw3gT3x7bZGHCSfp3XqmuAU4' ) LIMIT 1   [ RunTime:0.0002s ]
DEBUG: 1
INFO: [ view_parse ] --START--
INFO: [ template_filter ] --START--
INFO: Run Behavior\ContentReplaceBehavior [ RunTime:0.000052s ]
INFO: [ template_filter ] --END-- [ RunTime:0.000111s ]
INFO: Run Behavior\ParseTemplateBehavior [ RunTime:0.002103s ]
INFO: [ view_parse ] --END-- [ RunTime:0.002161s ]
INFO: [ view_filter ] --START--
INFO: Run Behavior\WriteHtmlCacheBehavior [ RunTime:0.000049s ]
INFO: [ view_filter ] --END-- [ RunTime:0.000078s ]
INFO: [ app_end ] --START--
INFO: Run Behavior\ShowPageTraceBehavior [ RunTime:0.000037s ]
INFO: [ app_end ] --END-- [ RunTime:0.000063s ]

[ 2016-10-31T11:57:33+08:00 ] 14.17.37.72 /singcms/index.php/home/index/showsignup
INFO: [ app_init ] --START--
INFO: Run Behavior\BuildLiteBehavior [ RunTime:0.000019s ]
INFO: [ app_init ] --END-- [ RunTime:0.000155s ]
INFO: [ app_begin ] --START--
INFO: Run Behavior\ReadHtmlCacheBehavior [ RunTime:0.000054s ]
INFO: [ app_begin ] --END-- [ RunTime:0.000109s ]
NOTIC: [2048] Declaration of Home\Controller\IndexController::show() should be compatible with Think\Controller::show($content, $charset = '', $contentType = '', $prefix = '') /data/wwwroot/bjx.cheerskeji.com/singcms/Application/Home/Controller/IndexController.class.php 第 0 行.
INFO: [ app_end ] --START--
INFO: Run Behavior\ShowPageTraceBehavior [ RunTime:0.000093s ]
INFO: [ app_end ] --END-- [ RunTime:0.000210s ]

[ 2016-10-31T11:57:33+08:00 ] 14.17.37.72 /singcms/index.php/home/index/checkIsSignUp?code=011pTGRW1MRCdV0puBSW10gORW1pTGRJ&state=0
INFO: [ app_init ] --START--
INFO: Run Behavior\BuildLiteBehavior [ RunTime:0.000012s ]
INFO: [ app_init ] --END-- [ RunTime:0.000109s ]
INFO: [ app_begin ] --START--
INFO: Run Behavior\ReadHtmlCacheBehavior [ RunTime:0.000040s ]
INFO: [ app_begin ] --END-- [ RunTime:0.000081s ]
NOTIC: [2048] Declaration of Home\Controller\IndexController::show() should be compatible with Think\Controller::show($content, $charset = '', $contentType = '', $prefix = '') /data/wwwroot/bjx.cheerskeji.com/singcms/Application/Home/Controller/IndexController.class.php 第 1143958382 行.
SQL: SHOW COLUMNS FROM `yingchao_user_wx` [ RunTime:0.0006s ]
NOTIC: [2] curl_error(): 2 is not a valid cURL handle resource /data/wwwroot/bjx.cheerskeji.com/singcms/Application/Home/Controller/IndexController.class.php 第 193 行.
SQL: SELECT * FROM `yingchao_user_wx` WHERE ( openid='okIYdw3gT3x7bZGHCSfp3XqmuAU4' ) LIMIT 1   [ RunTime:0.0003s ]
INFO: [ view_parse ] --START--
INFO: [ template_filter ] --START--
INFO: Run Behavior\ContentReplaceBehavior [ RunTime:0.000070s ]
INFO: [ template_filter ] --END-- [ RunTime:0.000144s ]
INFO: Run Behavior\ParseTemplateBehavior [ RunTime:0.005002s ]
INFO: [ view_parse ] --END-- [ RunTime:0.005077s ]
INFO: [ view_filter ] --START--
INFO: Run Behavior\WriteHtmlCacheBehavior [ RunTime:0.000062s ]
INFO: [ view_filter ] --END-- [ RunTime:0.000111s ]
INFO: [ app_end ] --START--
INFO: Run Behavior\ShowPageTraceBehavior [ RunTime:0.000080s ]
INFO: [ app_end ] --END-- [ RunTime:0.000261s ]

[ 2016-10-31T11:57:37+08:00 ] 180.163.2.119 /singcms/index.php/home/index/checkIsSignUp
INFO: [ app_init ] --START--
INFO: Run Behavior\BuildLiteBehavior [ RunTime:0.000010s ]
INFO: [ app_init ] --END-- [ RunTime:0.000079s ]
INFO: [ app_begin ] --START--
INFO: Run Behavior\ReadHtmlCacheBehavior [ RunTime:0.000040s ]
INFO: [ app_begin ] --END-- [ RunTime:0.000076s ]
NOTIC: [2048] Declaration of Home\Controller\IndexController::show() should be compatible with Think\Controller::show($content, $charset = '', $contentType = '', $prefix = '') /data/wwwroot/bjx.cheerskeji.com/singcms/Application/Home/Controller/IndexController.class.php 第 795176297 行.
NOTIC: [8] Undefined index: code /data/wwwroot/bjx.cheerskeji.com/singcms/Application/Home/Controller/IndexController.class.php 第 336 行.
SQL: SHOW COLUMNS FROM `yingchao_user_wx` [ RunTime:0.0006s ]
NOTIC: [2] curl_error(): 2 is not a valid cURL handle resource /data/wwwroot/bjx.cheerskeji.com/singcms/Application/Home/Controller/IndexController.class.php 第 193 行.
NOTIC: [8] Undefined index: openid /data/wwwroot/bjx.cheerskeji.com/singcms/Application/Home/Controller/IndexController.class.php 第 340 行.
SQL: SELECT * FROM `yingchao_user_wx` WHERE ( openid='' ) LIMIT 1   [ RunTime:0.0002s ]
INFO: [ view_parse ] --START--
INFO: [ template_filter ] --START--
INFO: Run Behavior\ContentReplaceBehavior [ RunTime:0.000053s ]
INFO: [ template_filter ] --END-- [ RunTime:0.000105s ]
INFO: Run Behavior\ParseTemplateBehavior [ RunTime:0.002783s ]
INFO: [ view_parse ] --END-- [ RunTime:0.002837s ]
INFO: [ view_filter ] --START--
INFO: Run Behavior\WriteHtmlCacheBehavior [ RunTime:0.000073s ]
INFO: [ view_filter ] --END-- [ RunTime:0.000102s ]
INFO: [ app_end ] --START--
INFO: Run Behavior\ShowPageTraceBehavior [ RunTime:0.000041s ]
INFO: [ app_end ] --END-- [ RunTime:0.000069s ]

[ 2016-10-31T11:57:39+08:00 ] 180.153.81.212 /singcms/index.php?m=home&c=index&a=showsignup
INFO: [ app_init ] --START--
INFO: Run Behavior\BuildLiteBehavior [ RunTime:0.000014s ]
INFO: [ app_init ] --END-- [ RunTime:0.000097s ]
INFO: [ app_begin ] --START--
INFO: Run Behavior\ReadHtmlCacheBehavior [ RunTime:0.000043s ]
INFO: [ app_begin ] --END-- [ RunTime:0.000082s ]
NOTIC: [2048] Declaration of Home\Controller\IndexController::show() should be compatible with Think\Controller::show($content, $charset = '', $contentType = '', $prefix = '') /data/wwwroot/bjx.cheerskeji.com/singcms/Application/Home/Controller/IndexController.class.php 第 0 行.
INFO: [ app_end ] --START--
INFO: Run Behavior\ShowPageTraceBehavior [ RunTime:0.000043s ]
INFO: [ app_end ] --END-- [ RunTime:0.000089s ]

[ 2016-10-31T11:57:41+08:00 ] 219.137.178.114 /singcms/index.php?m=home&c=index&a=showsignup
INFO: [ app_init ] --START--
INFO: Run Behavior\BuildLiteBehavior [ RunTime:0.000017s ]
INFO: [ app_init ] --END-- [ RunTime:0.000156s ]
INFO: [ app_begin ] --START--
INFO: Run Behavior\ReadHtmlCacheBehavior [ RunTime:0.000056s ]
INFO: [ app_begin ] --END-- [ RunTime:0.000126s ]
NOTIC: [2048] Declaration of Home\Controller\IndexController::show() should be compatible with Think\Controller::show($content, $charset = '', $contentType = '', $prefix = '') /data/wwwroot/bjx.cheerskeji.com/singcms/Application/Home/Controller/IndexController.class.php 第 256 行.
INFO: [ app_end ] --START--
INFO: Run Behavior\ShowPageTraceBehavior [ RunTime:0.000064s ]
INFO: [ app_end ] --END-- [ RunTime:0.000127s ]

[ 2016-10-31T11:57:42+08:00 ] 58.247.206.155 /singcms/index.php?m=home&signature=1f65f1eb4110ce70233ba7bf8b736ac09b3ba958&timestamp=1477886261&nonce=64980664&openid=okIYdw1dJkQisFW0IM7Ot1bLvJYI&encrypt_type=aes&msg_signature=cdf10ab8c5b637a6c45cff594096ab23efdf22d8
INFO: [ app_init ] --START--
INFO: Run Behavior\BuildLiteBehavior [ RunTime:0.000017s ]
INFO: [ app_init ] --END-- [ RunTime:0.000212s ]
INFO: [ app_begin ] --START--
INFO: Run Behavior\ReadHtmlCacheBehavior [ RunTime:0.000061s ]
INFO: [ app_begin ] --END-- [ RunTime:0.000129s ]
NOTIC: [2048] Declaration of Home\Controller\IndexController::show() should be compatible with Think\Controller::show($content, $charset = '', $contentType = '', $prefix = '') /data/wwwroot/bjx.cheerskeji.com/singcms/Application/Home/Controller/IndexController.class.php 第 70794496 行.
NOTIC: [8] Undefined index: echostr /data/wwwroot/bjx.cheerskeji.com/singcms/Application/Home/Controller/IndexController.class.php 第 27 行.
NOTIC: [8] Undefined index: access_token /data/wwwroot/bjx.cheerskeji.com/singcms/Application/Home/Controller/IndexController.class.php 第 247 行.
NOTIC: [2] curl_error(): 3 is not a valid cURL handle resource /data/wwwroot/bjx.cheerskeji.com/singcms/Application/Home/Controller/IndexController.class.php 第 193 行.
NOTIC: [8] Array to string conversion /data/wwwroot/bjx.cheerskeji.com/singcms/Application/Home/Controller/IndexController.class.php 第 260 行.
NOTIC: [2] curl_error(): 4 is not a valid cURL handle resource /data/wwwroot/bjx.cheerskeji.com/singcms/Application/Home/Controller/IndexController.class.php 第 193 行.
INFO: [ app_end ] --START--
INFO: Run Behavior\ShowPageTraceBehavior [ RunTime:0.000098s ]
INFO: [ app_end ] --END-- [ RunTime:0.000153s ]

[ 2016-10-31T11:57:42+08:00 ] 219.137.178.114 /singcms/index.php/home/index/checkIsSignUp?code=021HItjC007a8e2oZogC0IIyjC0HItj4&state=0
INFO: [ app_init ] --START--
INFO: Run Behavior\BuildLiteBehavior [ RunTime:0.000012s ]
INFO: [ app_init ] --END-- [ RunTime:0.000093s ]
INFO: [ app_begin ] --START--
INFO: Run Behavior\ReadHtmlCacheBehavior [ RunTime:0.000037s ]
INFO: [ app_begin ] --END-- [ RunTime:0.000072s ]
NOTIC: [2048] Declaration of Home\Controller\IndexController::show() should be compatible with Think\Controller::show($content, $charset = '', $contentType = '', $prefix = '') /data/wwwroot/bjx.cheerskeji.com/singcms/Application/Home/Controller/IndexController.class.php 第 256 行.
SQL: SHOW COLUMNS FROM `yingchao_user_wx` [ RunTime:0.0006s ]
NOTIC: [2] curl_error(): 2 is not a valid cURL handle resource /data/wwwroot/bjx.cheerskeji.com/singcms/Application/Home/Controller/IndexController.class.php 第 193 行.
SQL: SELECT * FROM `yingchao_user_wx` WHERE ( openid='okIYdw1dJkQisFW0IM7Ot1bLvJYI' ) LIMIT 1   [ RunTime:0.0002s ]
INFO: [ view_parse ] --START--
INFO: [ template_filter ] --START--
INFO: Run Behavior\ContentReplaceBehavior [ RunTime:0.000044s ]
INFO: [ template_filter ] --END-- [ RunTime:0.000089s ]
INFO: Run Behavior\ParseTemplateBehavior [ RunTime:0.002282s ]
INFO: [ view_parse ] --END-- [ RunTime:0.002355s ]
INFO: [ view_filter ] --START--
INFO: Run Behavior\WriteHtmlCacheBehavior [ RunTime:0.000047s ]
INFO: [ view_filter ] --END-- [ RunTime:0.000077s ]
INFO: [ app_end ] --START--
INFO: Run Behavior\ShowPageTraceBehavior [ RunTime:0.000044s ]
INFO: [ app_end ] --END-- [ RunTime:0.000072s ]

[ 2016-10-31T11:57:44+08:00 ] 101.226.65.107 /singcms/index.php/home/index/getWebAccessToken
INFO: [ app_init ] --START--
INFO: Run Behavior\BuildLiteBehavior [ RunTime:0.000011s ]
INFO: [ app_init ] --END-- [ RunTime:0.000100s ]
INFO: [ app_begin ] --START--
INFO: Run Behavior\ReadHtmlCacheBehavior [ RunTime:0.000041s ]
INFO: [ app_begin ] --END-- [ RunTime:0.000082s ]
NOTIC: [2048] Declaration of Home\Controller\IndexController::show() should be compatible with Think\Controller::show($content, $charset = '', $contentType = '', $prefix = '') /data/wwwroot/bjx.cheerskeji.com/singcms/Application/Home/Controller/IndexController.class.php 第 0 行.
NOTIC: [8] Undefined index: code /data/wwwroot/bjx.cheerskeji.com/singcms/Application/Home/Controller/IndexController.class.php 第 373 行.
SQL: SHOW COLUMNS FROM `yingchao_user_wx` [ RunTime:0.0006s ]
NOTIC: [2] curl_error(): 2 is not a valid cURL handle resource /data/wwwroot/bjx.cheerskeji.com/singcms/Application/Home/Controller/IndexController.class.php 第 193 行.
NOTIC: [8] Undefined index: openid /data/wwwroot/bjx.cheerskeji.com/singcms/Application/Home/Controller/IndexController.class.php 第 377 行.
DEBUG: 
SQL: SELECT * FROM `yingchao_user_wx` WHERE ( openid='' ) LIMIT 1   [ RunTime:0.0002s ]
DEBUG: 1
NOTIC: [8] Undefined index: state /data/wwwroot/bjx.cheerskeji.com/singcms/Application/Home/Controller/IndexController.class.php 第 388 行.
NOTIC: [8] Undefined index: access_token /data/wwwroot/bjx.cheerskeji.com/singcms/Application/Home/Controller/IndexController.class.php 第 390 行.
NOTIC: [2] curl_error(): 3 is not a valid cURL handle resource /data/wwwroot/bjx.cheerskeji.com/singcms/Application/Home/Controller/IndexController.class.php 第 193 行.
ERR: 1048:Column 'id' cannot be null
 [ SQL语句 ] : INSERT INTO `yingchao_user_wx` (`id`) VALUES (NULL)
ERR: 1048:Column 'id' cannot be null
 [ SQL语句 ] : INSERT INTO `yingchao_user_wx` (`id`) VALUES (NULL)

[ 2016-10-31T11:57:46+08:00 ] 219.137.178.114 /singcms/index.php/home/index/userList
INFO: [ app_init ] --START--
INFO: Run Behavior\BuildLiteBehavior [ RunTime:0.000027s ]
INFO: [ app_init ] --END-- [ RunTime:0.000124s ]
INFO: [ app_begin ] --START--
INFO: Run Behavior\ReadHtmlCacheBehavior [ RunTime:0.000038s ]
INFO: [ app_begin ] --END-- [ RunTime:0.000073s ]
NOTIC: [2048] Declaration of Home\Controller\IndexController::show() should be compatible with Think\Controller::show($content, $charset = '', $contentType = '', $prefix = '') /data/wwwroot/bjx.cheerskeji.com/singcms/Application/Home/Controller/IndexController.class.php 第 0 行.
NOTIC: [8] Undefined index: info /data/wwwroot/bjx.cheerskeji.com/singcms/Application/Home/Controller/IndexController.class.php 第 412 行.
SQL: SHOW COLUMNS FROM `yingchao_user_true` [ RunTime:0.0007s ]
SQL: SHOW COLUMNS FROM `yingchao_user_wx` [ RunTime:0.0005s ]
SQL: SELECT * FROM `yingchao_user_true` WHERE ( id="67" ) LIMIT 1   [ RunTime:0.0001s ]
SQL: SELECT * FROM `yingchao_user_wx` WHERE ( id="67" ) LIMIT 1   [ RunTime:0.0001s ]
INFO: [ view_parse ] --START--
INFO: [ template_filter ] --START--
INFO: Run Behavior\ContentReplaceBehavior [ RunTime:0.000053s ]
INFO: [ template_filter ] --END-- [ RunTime:0.000123s ]
INFO: Run Behavior\ParseTemplateBehavior [ RunTime:0.009464s ]
INFO: [ view_parse ] --END-- [ RunTime:0.009519s ]
INFO: [ view_filter ] --START--
INFO: Run Behavior\WriteHtmlCacheBehavior [ RunTime:0.000043s ]
INFO: [ view_filter ] --END-- [ RunTime:0.000073s ]
INFO: [ app_end ] --START--
INFO: Run Behavior\ShowPageTraceBehavior [ RunTime:0.000049s ]
INFO: [ app_end ] --END-- [ RunTime:0.000090s ]

[ 2016-10-31T11:57:48+08:00 ] 101.226.33.208 /singcms/index.php/home/index/showsignup
INFO: [ app_init ] --START--
INFO: Run Behavior\BuildLiteBehavior [ RunTime:0.000014s ]
INFO: [ app_init ] --END-- [ RunTime:0.000147s ]
INFO: [ app_begin ] --START--
INFO: Run Behavior\ReadHtmlCacheBehavior [ RunTime:0.000040s ]
INFO: [ app_begin ] --END-- [ RunTime:0.000085s ]
NOTIC: [2048] Declaration of Home\Controller\IndexController::show() should be compatible with Think\Controller::show($content, $charset = '', $contentType = '', $prefix = '') /data/wwwroot/bjx.cheerskeji.com/singcms/Application/Home/Controller/IndexController.class.php 第 139321248 行.
INFO: [ app_end ] --START--
INFO: Run Behavior\ShowPageTraceBehavior [ RunTime:0.000049s ]
INFO: [ app_end ] --END-- [ RunTime:0.000101s ]

[ 2016-10-31T11:57:52+08:00 ] 219.137.178.114 /singcms/index.php/home/user/edit
INFO: [ app_init ] --START--
INFO: Run Behavior\BuildLiteBehavior [ RunTime:0.000012s ]
INFO: [ app_init ] --END-- [ RunTime:0.000089s ]
INFO: [ app_begin ] --START--
INFO: Run Behavior\ReadHtmlCacheBehavior [ RunTime:0.000039s ]
INFO: [ app_begin ] --END-- [ RunTime:0.000079s ]
SQL: SHOW COLUMNS FROM `yingchao_user_true` [ RunTime:0.0006s ]
SQL: SHOW COLUMNS FROM `yingchao_user_wx` [ RunTime:0.0004s ]
SQL: SELECT * FROM `yingchao_user_true` WHERE ( id="67" ) LIMIT 1   [ RunTime:0.0002s ]
SQL: SELECT * FROM `yingchao_user_wx` WHERE ( id="67" ) LIMIT 1   [ RunTime:0.0001s ]
INFO: [ view_parse ] --START--
INFO: [ template_filter ] --START--
INFO: Run Behavior\ContentReplaceBehavior [ RunTime:0.000039s ]
INFO: [ template_filter ] --END-- [ RunTime:0.000085s ]
INFO: Run Behavior\ParseTemplateBehavior [ RunTime:0.003230s ]
INFO: [ view_parse ] --END-- [ RunTime:0.003280s ]
INFO: [ view_filter ] --START--
INFO: Run Behavior\WriteHtmlCacheBehavior [ RunTime:0.000041s ]
INFO: [ view_filter ] --END-- [ RunTime:0.000067s ]
INFO: [ app_end ] --START--
INFO: Run Behavior\ShowPageTraceBehavior [ RunTime:0.000035s ]
INFO: [ app_end ] --END-- [ RunTime:0.000062s ]

[ 2016-10-31T11:58:02+08:00 ] 101.226.33.218 /singcms/index.php/home/index/userList
INFO: [ app_init ] --START--
INFO: Run Behavior\BuildLiteBehavior [ RunTime:0.000013s ]
INFO: [ app_init ] --END-- [ RunTime:0.000103s ]
INFO: [ app_begin ] --START--
INFO: Run Behavior\ReadHtmlCacheBehavior [ RunTime:0.000044s ]
INFO: [ app_begin ] --END-- [ RunTime:0.000088s ]
NOTIC: [2048] Declaration of Home\Controller\IndexController::show() should be compatible with Think\Controller::show($content, $charset = '', $contentType = '', $prefix = '') /data/wwwroot/bjx.cheerskeji.com/singcms/Application/Home/Controller/IndexController.class.php 第 206528320 行.
NOTIC: [8] Undefined index: info /data/wwwroot/bjx.cheerskeji.com/singcms/Application/Home/Controller/IndexController.class.php 第 412 行.
NOTIC: [8] Undefined index: id /data/wwwroot/bjx.cheerskeji.com/singcms/Application/Home/Controller/IndexController.class.php 第 413 行.
SQL: SHOW COLUMNS FROM `yingchao_user_true` [ RunTime:0.0007s ]
SQL: SHOW COLUMNS FROM `yingchao_user_wx` [ RunTime:0.0005s ]
SQL: SELECT * FROM `yingchao_user_true` WHERE ( id="" ) LIMIT 1   [ RunTime:0.0001s ]
SQL: SELECT * FROM `yingchao_user_wx` WHERE ( id="" ) LIMIT 1   [ RunTime:0.0001s ]
INFO: [ view_parse ] --START--
INFO: [ template_filter ] --START--
INFO: Run Behavior\ContentReplaceBehavior [ RunTime:0.000050s ]
INFO: [ template_filter ] --END-- [ RunTime:0.000101s ]
INFO: Run Behavior\ParseTemplateBehavior [ RunTime:0.009020s ]
INFO: [ view_parse ] --END-- [ RunTime:0.009070s ]
INFO: [ view_filter ] --START--
INFO: Run Behavior\WriteHtmlCacheBehavior [ RunTime:0.000061s ]
INFO: [ view_filter ] --END-- [ RunTime:0.000093s ]
INFO: [ app_end ] --START--
INFO: Run Behavior\ShowPageTraceBehavior [ RunTime:0.000040s ]
INFO: [ app_end ] --END-- [ RunTime:0.000070s ]

[ 2016-10-31T11:58:10+08:00 ] 180.153.206.17 /singcms/index.php/home/user/edit
INFO: [ app_init ] --START--
INFO: Run Behavior\BuildLiteBehavior [ RunTime:0.000011s ]
INFO: [ app_init ] --END-- [ RunTime:0.000090s ]
INFO: [ app_begin ] --START--
INFO: Run Behavior\ReadHtmlCacheBehavior [ RunTime:0.000040s ]
INFO: [ app_begin ] --END-- [ RunTime:0.000087s ]
NOTIC: [8] Undefined index: id /data/wwwroot/bjx.cheerskeji.com/singcms/Application/Home/Controller/UserController.class.php 第 24 行.
SQL: SHOW COLUMNS FROM `yingchao_user_true` [ RunTime:0.0008s ]
SQL: SHOW COLUMNS FROM `yingchao_user_wx` [ RunTime:0.0004s ]
SQL: SELECT * FROM `yingchao_user_true` WHERE ( id="" ) LIMIT 1   [ RunTime:0.0001s ]
SQL: SELECT * FROM `yingchao_user_wx` WHERE ( id="" ) LIMIT 1   [ RunTime:0.0001s ]
INFO: [ view_parse ] --START--
INFO: [ template_filter ] --START--
INFO: Run Behavior\ContentReplaceBehavior [ RunTime:0.000061s ]
INFO: [ template_filter ] --END-- [ RunTime:0.000122s ]
INFO: Run Behavior\ParseTemplateBehavior [ RunTime:0.004593s ]
INFO: [ view_parse ] --END-- [ RunTime:0.004651s ]
INFO: [ view_filter ] --START--
INFO: Run Behavior\WriteHtmlCacheBehavior [ RunTime:0.000048s ]
INFO: [ view_filter ] --END-- [ RunTime:0.000085s ]
INFO: [ app_end ] --START--
INFO: Run Behavior\ShowPageTraceBehavior [ RunTime:0.000042s ]
INFO: [ app_end ] --END-- [ RunTime:0.000069s ]

[ 2016-10-31T12:02:29+08:00 ] 14.17.37.72 /singcms/index.php?m=home&c=index&a=showsignup
INFO: [ app_init ] --START--
INFO: Run Behavior\BuildLiteBehavior [ RunTime:0.000013s ]
INFO: [ app_init ] --END-- [ RunTime:0.000152s ]
INFO: [ app_begin ] --START--
INFO: Run Behavior\ReadHtmlCacheBehavior [ RunTime:0.000041s ]
INFO: [ app_begin ] --END-- [ RunTime:0.000078s ]
NOTIC: [2048] Declaration of Home\Controller\IndexController::show() should be compatible with Think\Controller::show($content, $charset = '', $contentType = '', $prefix = '') /data/wwwroot/bjx.cheerskeji.com/singcms/Application/Home/Controller/IndexController.class.php 第 204066944 行.
INFO: [ app_end ] --START--
INFO: Run Behavior\ShowPageTraceBehavior [ RunTime:0.000046s ]
INFO: [ app_end ] --END-- [ RunTime:0.000081s ]

[ 2016-10-31T12:02:30+08:00 ] 14.17.37.72 /singcms/index.php/home/index/checkIsSignUp?code=0415LyP31AdkbN1nttO31o4xP315LyPC&state=0
INFO: [ app_init ] --START--
INFO: Run Behavior\BuildLiteBehavior [ RunTime:0.000017s ]
INFO: [ app_init ] --END-- [ RunTime:0.000137s ]
INFO: [ app_begin ] --START--
INFO: Run Behavior\ReadHtmlCacheBehavior [ RunTime:0.000059s ]
INFO: [ app_begin ] --END-- [ RunTime:0.000121s ]
NOTIC: [2048] Declaration of Home\Controller\IndexController::show() should be compatible with Think\Controller::show($content, $charset = '', $contentType = '', $prefix = '') /data/wwwroot/bjx.cheerskeji.com/singcms/Application/Home/Controller/IndexController.class.php 第 0 行.
SQL: SHOW COLUMNS FROM `yingchao_user_wx` [ RunTime:0.0006s ]
NOTIC: [2] curl_error(): 2 is not a valid cURL handle resource /data/wwwroot/bjx.cheerskeji.com/singcms/Application/Home/Controller/IndexController.class.php 第 193 行.
SQL: SELECT * FROM `yingchao_user_wx` WHERE ( openid='okIYdw3gT3x7bZGHCSfp3XqmuAU4' ) LIMIT 1   [ RunTime:0.0002s ]
INFO: [ view_parse ] --START--
INFO: [ template_filter ] --START--
INFO: Run Behavior\ContentReplaceBehavior [ RunTime:0.000043s ]
INFO: [ template_filter ] --END-- [ RunTime:0.000096s ]
INFO: Run Behavior\ParseTemplateBehavior [ RunTime:0.002888s ]
INFO: [ view_parse ] --END-- [ RunTime:0.002936s ]
INFO: [ view_filter ] --START--
INFO: Run Behavior\WriteHtmlCacheBehavior [ RunTime:0.000043s ]
INFO: [ view_filter ] --END-- [ RunTime:0.000073s ]
INFO: [ app_end ] --START--
INFO: Run Behavior\ShowPageTraceBehavior [ RunTime:0.000038s ]
INFO: [ app_end ] --END-- [ RunTime:0.000065s ]

[ 2016-10-31T12:02:30+08:00 ] 58.247.206.140 /singcms/index.php?m=home&signature=b49d3bd9d1dc623e0b6c6b8a759dc95e773be82e&timestamp=1477886549&nonce=198909547&openid=okIYdw3gT3x7bZGHCSfp3XqmuAU4&encrypt_type=aes&msg_signature=e277adbb0b59b654d54d71ac90f7854d7ca82941
INFO: [ app_init ] --START--
INFO: Run Behavior\BuildLiteBehavior [ RunTime:0.000016s ]
INFO: [ app_init ] --END-- [ RunTime:0.000103s ]
INFO: [ app_begin ] --START--
INFO: Run Behavior\ReadHtmlCacheBehavior [ RunTime:0.000039s ]
INFO: [ app_begin ] --END-- [ RunTime:0.000076s ]
NOTIC: [2048] Declaration of Home\Controller\IndexController::show() should be compatible with Think\Controller::show($content, $charset = '', $contentType = '', $prefix = '') /data/wwwroot/bjx.cheerskeji.com/singcms/Application/Home/Controller/IndexController.class.php 第 1143958382 行.
NOTIC: [8] Undefined index: echostr /data/wwwroot/bjx.cheerskeji.com/singcms/Application/Home/Controller/IndexController.class.php 第 27 行.
NOTIC: [8] Undefined index: access_token /data/wwwroot/bjx.cheerskeji.com/singcms/Application/Home/Controller/IndexController.class.php 第 247 行.
NOTIC: [2] curl_error(): 3 is not a valid cURL handle resource /data/wwwroot/bjx.cheerskeji.com/singcms/Application/Home/Controller/IndexController.class.php 第 193 行.
NOTIC: [8] Array to string conversion /data/wwwroot/bjx.cheerskeji.com/singcms/Application/Home/Controller/IndexController.class.php 第 260 行.
NOTIC: [2] curl_error(): 4 is not a valid cURL handle resource /data/wwwroot/bjx.cheerskeji.com/singcms/Application/Home/Controller/IndexController.class.php 第 193 行.
INFO: [ app_end ] --START--
INFO: Run Behavior\ShowPageTraceBehavior [ RunTime:0.000092s ]
INFO: [ app_end ] --END-- [ RunTime:0.000144s ]

[ 2016-10-31T12:02:30+08:00 ] 58.247.206.143 /singcms/index.php?m=home&signature=38b7807fb36559ed7114b57efeb5de449cb2c02b&timestamp=1477886550&nonce=1533654505&openid=okIYdw1dJkQisFW0IM7Ot1bLvJYI&encrypt_type=aes&msg_signature=e3904306557db8a7d9d03a437062754b03b2e8e4
INFO: [ app_init ] --START--
INFO: Run Behavior\BuildLiteBehavior [ RunTime:0.000017s ]
INFO: [ app_init ] --END-- [ RunTime:0.000115s ]
INFO: [ app_begin ] --START--
INFO: Run Behavior\ReadHtmlCacheBehavior [ RunTime:0.000038s ]
INFO: [ app_begin ] --END-- [ RunTime:0.000079s ]
NOTIC: [2048] Declaration of Home\Controller\IndexController::show() should be compatible with Think\Controller::show($content, $charset = '', $contentType = '', $prefix = '') /data/wwwroot/bjx.cheerskeji.com/singcms/Application/Home/Controller/IndexController.class.php 第 5145120 行.
NOTIC: [8] Undefined index: echostr /data/wwwroot/bjx.cheerskeji.com/singcms/Application/Home/Controller/IndexController.class.php 第 27 行.

[ 2016-10-31T12:02:31+08:00 ] 219.137.178.114 /singcms/index.php?m=home&c=index&a=showsignup
INFO: [ app_init ] --START--
INFO: Run Behavior\BuildLiteBehavior [ RunTime:0.000011s ]
INFO: [ app_init ] --END-- [ RunTime:0.000086s ]
INFO: [ app_begin ] --START--
INFO: Run Behavior\ReadHtmlCacheBehavior [ RunTime:0.000057s ]
INFO: [ app_begin ] --END-- [ RunTime:0.000116s ]
NOTIC: [2048] Declaration of Home\Controller\IndexController::show() should be compatible with Think\Controller::show($content, $charset = '', $contentType = '', $prefix = '') /data/wwwroot/bjx.cheerskeji.com/singcms/Application/Home/Controller/IndexController.class.php 第 1143958382 行.
INFO: [ app_end ] --START--
INFO: Run Behavior\ShowPageTraceBehavior [ RunTime:0.000042s ]
INFO: [ app_end ] --END-- [ RunTime:0.000080s ]

[ 2016-10-31T12:02:31+08:00 ] 219.137.178.114 /singcms/index.php/home/index/checkIsSignUp?code=011Qbel72T1xEN06q4k72LBcl72QbelR&state=0
INFO: [ app_init ] --START--
INFO: Run Behavior\BuildLiteBehavior [ RunTime:0.000020s ]
INFO: [ app_init ] --END-- [ RunTime:0.000090s ]
INFO: [ app_begin ] --START--
INFO: Run Behavior\ReadHtmlCacheBehavior [ RunTime:0.000036s ]
INFO: [ app_begin ] --END-- [ RunTime:0.000071s ]
NOTIC: [2048] Declaration of Home\Controller\IndexController::show() should be compatible with Think\Controller::show($content, $charset = '', $contentType = '', $prefix = '') /data/wwwroot/bjx.cheerskeji.com/singcms/Application/Home/Controller/IndexController.class.php 第 1143958382 行.
SQL: SHOW COLUMNS FROM `yingchao_user_wx` [ RunTime:0.0006s ]
NOTIC: [2] curl_error(): 2 is not a valid cURL handle resource /data/wwwroot/bjx.cheerskeji.com/singcms/Application/Home/Controller/IndexController.class.php 第 193 行.
SQL: SELECT * FROM `yingchao_user_wx` WHERE ( openid='okIYdw1dJkQisFW0IM7Ot1bLvJYI' ) LIMIT 1   [ RunTime:0.0002s ]
INFO: [ view_parse ] --START--
INFO: [ template_filter ] --START--
INFO: Run Behavior\ContentReplaceBehavior [ RunTime:0.000042s ]
INFO: [ template_filter ] --END-- [ RunTime:0.000090s ]
INFO: Run Behavior\ParseTemplateBehavior [ RunTime:0.001973s ]
INFO: [ view_parse ] --END-- [ RunTime:0.002033s ]
INFO: [ view_filter ] --START--
INFO: Run Behavior\WriteHtmlCacheBehavior [ RunTime:0.000043s ]
INFO: [ view_filter ] --END-- [ RunTime:0.000069s ]
INFO: [ app_end ] --START--
INFO: Run Behavior\ShowPageTraceBehavior [ RunTime:0.000043s ]
INFO: [ app_end ] --END-- [ RunTime:0.000079s ]

[ 2016-10-31T12:02:35+08:00 ] 219.137.178.114 /singcms/index.php/home/index/userList
INFO: [ app_init ] --START--
INFO: Run Behavior\BuildLiteBehavior [ RunTime:0.000012s ]
INFO: [ app_init ] --END-- [ RunTime:0.000088s ]
INFO: [ app_begin ] --START--
INFO: Run Behavior\ReadHtmlCacheBehavior [ RunTime:0.000040s ]
INFO: [ app_begin ] --END-- [ RunTime:0.000077s ]
NOTIC: [2048] Declaration of Home\Controller\IndexController::show() should be compatible with Think\Controller::show($content, $charset = '', $contentType = '', $prefix = '') /data/wwwroot/bjx.cheerskeji.com/singcms/Application/Home/Controller/IndexController.class.php 第 0 行.
NOTIC: [8] Undefined index: info /data/wwwroot/bjx.cheerskeji.com/singcms/Application/Home/Controller/IndexController.class.php 第 412 行.
SQL: SHOW COLUMNS FROM `yingchao_user_true` [ RunTime:0.0007s ]
SQL: SHOW COLUMNS FROM `yingchao_user_wx` [ RunTime:0.0006s ]
SQL: SELECT * FROM `yingchao_user_true` WHERE ( id="67" ) LIMIT 1   [ RunTime:0.0001s ]
SQL: SELECT * FROM `yingchao_user_wx` WHERE ( id="67" ) LIMIT 1   [ RunTime:0.0001s ]
INFO: [ view_parse ] --START--
INFO: [ template_filter ] --START--
INFO: Run Behavior\ContentReplaceBehavior [ RunTime:0.000050s ]
INFO: [ template_filter ] --END-- [ RunTime:0.000101s ]
INFO: Run Behavior\ParseTemplateBehavior [ RunTime:0.008905s ]
INFO: [ view_parse ] --END-- [ RunTime:0.008952s ]
INFO: [ view_filter ] --START--
INFO: Run Behavior\WriteHtmlCacheBehavior [ RunTime:0.000046s ]
INFO: [ view_filter ] --END-- [ RunTime:0.000071s ]
INFO: [ app_end ] --START--
INFO: Run Behavior\ShowPageTraceBehavior [ RunTime:0.000047s ]
INFO: [ app_end ] --END-- [ RunTime:0.000108s ]

[ 2016-10-31T12:02:36+08:00 ] 219.137.178.114 /singcms/index.php/home/user/edit
INFO: [ app_init ] --START--
INFO: Run Behavior\BuildLiteBehavior [ RunTime:0.000018s ]
INFO: [ app_init ] --END-- [ RunTime:0.000113s ]
INFO: [ app_begin ] --START--
INFO: Run Behavior\ReadHtmlCacheBehavior [ RunTime:0.000037s ]
INFO: [ app_begin ] --END-- [ RunTime:0.000070s ]
SQL: SHOW COLUMNS FROM `yingchao_user_true` [ RunTime:0.0007s ]
SQL: SHOW COLUMNS FROM `yingchao_user_wx` [ RunTime:0.0005s ]
SQL: SELECT * FROM `yingchao_user_true` WHERE ( id="67" ) LIMIT 1   [ RunTime:0.0001s ]
SQL: SELECT * FROM `yingchao_user_wx` WHERE ( id="67" ) LIMIT 1   [ RunTime:0.0001s ]
INFO: [ view_parse ] --START--
INFO: [ template_filter ] --START--
INFO: Run Behavior\ContentReplaceBehavior [ RunTime:0.000057s ]
INFO: [ template_filter ] --END-- [ RunTime:0.000117s ]
INFO: Run Behavior\ParseTemplateBehavior [ RunTime:0.002892s ]
INFO: [ view_parse ] --END-- [ RunTime:0.002934s ]
INFO: [ view_filter ] --START--
INFO: Run Behavior\WriteHtmlCacheBehavior [ RunTime:0.000059s ]
INFO: [ view_filter ] --END-- [ RunTime:0.000092s ]
INFO: [ app_end ] --START--
INFO: Run Behavior\ShowPageTraceBehavior [ RunTime:0.000045s ]
INFO: [ app_end ] --END-- [ RunTime:0.000083s ]

[ 2016-10-31T12:02:39+08:00 ] 101.226.65.104 /singcms/index.php?m=home&c=index&a=showsignup
INFO: [ app_init ] --START--
INFO: Run Behavior\BuildLiteBehavior [ RunTime:0.000011s ]
INFO: [ app_init ] --END-- [ RunTime:0.000089s ]
INFO: [ app_begin ] --START--
INFO: Run Behavior\ReadHtmlCacheBehavior [ RunTime:0.000041s ]
INFO: [ app_begin ] --END-- [ RunTime:0.000089s ]
NOTIC: [2048] Declaration of Home\Controller\IndexController::show() should be compatible with Think\Controller::show($content, $charset = '', $contentType = '', $prefix = '') /data/wwwroot/bjx.cheerskeji.com/singcms/Application/Home/Controller/IndexController.class.php 第 338340304 行.
INFO: [ app_end ] --START--
INFO: Run Behavior\ShowPageTraceBehavior [ RunTime:0.000041s ]
INFO: [ app_end ] --END-- [ RunTime:0.000079s ]

[ 2016-10-31T12:03:49+08:00 ] 219.137.178.114 /singcms/index.php/home/user/save
INFO: [ app_init ] --START--
INFO: Run Behavior\BuildLiteBehavior [ RunTime:0.000017s ]
INFO: [ app_init ] --END-- [ RunTime:0.000147s ]
INFO: [ app_begin ] --START--
INFO: Run Behavior\ReadHtmlCacheBehavior [ RunTime:0.000061s ]
INFO: [ app_begin ] --END-- [ RunTime:0.000118s ]
SQL: SHOW COLUMNS FROM `yingchao_user_true` [ RunTime:0.0006s ]
SQL: UPDATE `yingchao_user_true` SET `name`='toby',`school`='0',`academy`='1',`profession`='1',`alipay`='1',`alipaynickname`='1',`tel`='1',`truesex`='男' WHERE ( id=67 ) [ RunTime:0.0004s ]

[ 2016-10-31T12:03:51+08:00 ] 219.137.178.114 /singcms/index.php?m=home&c=index&a=findOpenId
INFO: [ app_init ] --START--
INFO: Run Behavior\BuildLiteBehavior [ RunTime:0.000012s ]
INFO: [ app_init ] --END-- [ RunTime:0.000083s ]
INFO: [ app_begin ] --START--
INFO: Run Behavior\ReadHtmlCacheBehavior [ RunTime:0.000035s ]
INFO: [ app_begin ] --END-- [ RunTime:0.000067s ]
NOTIC: [2048] Declaration of Home\Controller\IndexController::show() should be compatible with Think\Controller::show($content, $charset = '', $contentType = '', $prefix = '') /data/wwwroot/bjx.cheerskeji.com/singcms/Application/Home/Controller/IndexController.class.php 第 207364784 行.
INFO: [ app_end ] --START--
INFO: Run Behavior\ShowPageTraceBehavior [ RunTime:0.000044s ]
INFO: [ app_end ] --END-- [ RunTime:0.000099s ]

[ 2016-10-31T12:03:51+08:00 ] 219.137.178.114 /singcms/index.php/home/index/getWebAccessToken?code=031rmwi30MGRfF1dOXg30A2zi30rmwix&state=0
INFO: [ app_init ] --START--
INFO: Run Behavior\BuildLiteBehavior [ RunTime:0.000012s ]
INFO: [ app_init ] --END-- [ RunTime:0.000082s ]
INFO: [ app_begin ] --START--
INFO: Run Behavior\ReadHtmlCacheBehavior [ RunTime:0.000040s ]
INFO: [ app_begin ] --END-- [ RunTime:0.000075s ]
NOTIC: [2048] Declaration of Home\Controller\IndexController::show() should be compatible with Think\Controller::show($content, $charset = '', $contentType = '', $prefix = '') /data/wwwroot/bjx.cheerskeji.com/singcms/Application/Home/Controller/IndexController.class.php 第 207364784 行.
SQL: SHOW COLUMNS FROM `yingchao_user_wx` [ RunTime:0.0006s ]
NOTIC: [2] curl_error(): 2 is not a valid cURL handle resource /data/wwwroot/bjx.cheerskeji.com/singcms/Application/Home/Controller/IndexController.class.php 第 193 行.
DEBUG: okIYdw1dJkQisFW0IM7Ot1bLvJYI
SQL: SELECT * FROM `yingchao_user_wx` WHERE ( openid='okIYdw1dJkQisFW0IM7Ot1bLvJYI' ) LIMIT 1   [ RunTime:0.0002s ]
DEBUG: 
SQL: SHOW COLUMNS FROM `yingchao_user_true` [ RunTime:0.0008s ]
SQL: SELECT * FROM `yingchao_user_true` WHERE ( id="67" ) LIMIT 1   [ RunTime:0.0003s ]
SQL: SELECT * FROM `yingchao_user_wx` WHERE ( id="67" ) LIMIT 1   [ RunTime:0.0001s ]
INFO: [ view_parse ] --START--
INFO: [ template_filter ] --START--
INFO: Run Behavior\ContentReplaceBehavior [ RunTime:0.000058s ]
INFO: [ template_filter ] --END-- [ RunTime:0.000116s ]
INFO: Run Behavior\ParseTemplateBehavior [ RunTime:0.009522s ]
INFO: [ view_parse ] --END-- [ RunTime:0.009576s ]
INFO: [ view_filter ] --START--
INFO: Run Behavior\WriteHtmlCacheBehavior [ RunTime:0.000055s ]
INFO: [ view_filter ] --END-- [ RunTime:0.000082s ]
INFO: [ app_end ] --START--
INFO: Run Behavior\ShowPageTraceBehavior [ RunTime:0.000046s ]
INFO: [ app_end ] --END-- [ RunTime:0.000083s ]

[ 2016-10-31T12:03:53+08:00 ] 219.137.178.114 /singcms/index.php/home/user/edit
INFO: [ app_init ] --START--
INFO: Run Behavior\BuildLiteBehavior [ RunTime:0.000014s ]
INFO: [ app_init ] --END-- [ RunTime:0.000113s ]
INFO: [ app_begin ] --START--
INFO: Run Behavior\ReadHtmlCacheBehavior [ RunTime:0.000038s ]
INFO: [ app_begin ] --END-- [ RunTime:0.000075s ]
SQL: SHOW COLUMNS FROM `yingchao_user_true` [ RunTime:0.0006s ]
SQL: SHOW COLUMNS FROM `yingchao_user_wx` [ RunTime:0.0004s ]
SQL: SELECT * FROM `yingchao_user_true` WHERE ( id="67" ) LIMIT 1   [ RunTime:0.0001s ]
SQL: SELECT * FROM `yingchao_user_wx` WHERE ( id="67" ) LIMIT 1   [ RunTime:0.0001s ]
INFO: [ view_parse ] --START--
INFO: [ template_filter ] --START--
INFO: Run Behavior\ContentReplaceBehavior [ RunTime:0.000040s ]
INFO: [ template_filter ] --END-- [ RunTime:0.000078s ]
INFO: Run Behavior\ParseTemplateBehavior [ RunTime:0.002885s ]
INFO: [ view_parse ] --END-- [ RunTime:0.002937s ]
INFO: [ view_filter ] --START--
INFO: Run Behavior\WriteHtmlCacheBehavior [ RunTime:0.000041s ]
INFO: [ view_filter ] --END-- [ RunTime:0.000069s ]
INFO: [ app_end ] --START--
INFO: Run Behavior\ShowPageTraceBehavior [ RunTime:0.000045s ]
INFO: [ app_end ] --END-- [ RunTime:0.000072s ]

[ 2016-10-31T12:04:08+08:00 ] 101.226.33.228 /singcms/index.php?m=home&c=index&a=findOpenId
INFO: [ app_init ] --START--
INFO: Run Behavior\BuildLiteBehavior [ RunTime:0.000012s ]
INFO: [ app_init ] --END-- [ RunTime:0.000094s ]
INFO: [ app_begin ] --START--
INFO: Run Behavior\ReadHtmlCacheBehavior [ RunTime:0.000037s ]
INFO: [ app_begin ] --END-- [ RunTime:0.000072s ]
NOTIC: [2048] Declaration of Home\Controller\IndexController::show() should be compatible with Think\Controller::show($content, $charset = '', $contentType = '', $prefix = '') /data/wwwroot/bjx.cheerskeji.com/singcms/Application/Home/Controller/IndexController.class.php 第 0 行.
INFO: [ app_end ] --START--
INFO: Run Behavior\ShowPageTraceBehavior [ RunTime:0.000051s ]
INFO: [ app_end ] --END-- [ RunTime:0.000105s ]

[ 2016-10-31T12:10:39+08:00 ] 119.147.146.60 /singcms/index.php?m=home&c=index&a=findOpenId
INFO: [ app_init ] --START--
INFO: Run Behavior\BuildLiteBehavior [ RunTime:0.000013s ]
INFO: [ app_init ] --END-- [ RunTime:0.000091s ]
INFO: [ app_begin ] --START--
INFO: Run Behavior\ReadHtmlCacheBehavior [ RunTime:0.000045s ]
INFO: [ app_begin ] --END-- [ RunTime:0.000091s ]
NOTIC: [2048] Declaration of Home\Controller\IndexController::show() should be compatible with Think\Controller::show($content, $charset = '', $contentType = '', $prefix = '') /data/wwwroot/bjx.cheerskeji.com/singcms/Application/Home/Controller/IndexController.class.php 第 206493264 行.
INFO: [ app_end ] --START--
INFO: Run Behavior\ShowPageTraceBehavior [ RunTime:0.000040s ]
INFO: [ app_end ] --END-- [ RunTime:0.000076s ]

[ 2016-10-31T22:13:23+08:00 ] 110.64.69.112 /singcms/index.php?m=home&c=index&a=showsignup
INFO: [ app_init ] --START--
INFO: Run Behavior\BuildLiteBehavior [ RunTime:0.000013s ]
INFO: [ app_init ] --END-- [ RunTime:0.000120s ]
INFO: [ app_begin ] --START--
INFO: Run Behavior\ReadHtmlCacheBehavior [ RunTime:0.000077s ]
INFO: [ app_begin ] --END-- [ RunTime:0.000136s ]
NOTIC: [2048] Declaration of Home\Controller\IndexController::show() should be compatible with Think\Controller::show($content, $charset = '', $contentType = '', $prefix = '') /data/wwwroot/bjx.cheerskeji.com/singcms/Application/Home/Controller/IndexController.class.php 第 0 行.
INFO: [ app_end ] --START--
INFO: Run Behavior\ShowPageTraceBehavior [ RunTime:0.000073s ]
INFO: [ app_end ] --END-- [ RunTime:0.000125s ]

[ 2016-10-31T22:13:26+08:00 ] 110.64.69.112 /singcms/index.php/home/index/checkIsSignUp?code=011GsmpE0FZieg2NHFqE0dRepE0GsmpR&state=0
INFO: [ app_init ] --START--
INFO: Run Behavior\BuildLiteBehavior [ RunTime:0.000012s ]
INFO: [ app_init ] --END-- [ RunTime:0.000080s ]
INFO: [ app_begin ] --START--
INFO: Run Behavior\ReadHtmlCacheBehavior [ RunTime:0.000055s ]
INFO: [ app_begin ] --END-- [ RunTime:0.000097s ]
NOTIC: [2048] Declaration of Home\Controller\IndexController::show() should be compatible with Think\Controller::show($content, $charset = '', $contentType = '', $prefix = '') /data/wwwroot/bjx.cheerskeji.com/singcms/Application/Home/Controller/IndexController.class.php 第 0 行.
SQL: SHOW COLUMNS FROM `yingchao_user_wx` [ RunTime:0.0006s ]
NOTIC: [2] curl_error(): 2 is not a valid cURL handle resource /data/wwwroot/bjx.cheerskeji.com/singcms/Application/Home/Controller/IndexController.class.php 第 193 行.
SQL: SELECT * FROM `yingchao_user_wx` WHERE ( openid='okIYdw_7fZAjxv53mPS0TC0NRDLU' ) LIMIT 1   [ RunTime:0.0002s ]
INFO: [ view_parse ] --START--
INFO: [ template_filter ] --START--
INFO: Run Behavior\ContentReplaceBehavior [ RunTime:0.000040s ]
INFO: [ template_filter ] --END-- [ RunTime:0.000081s ]
INFO: Run Behavior\ParseTemplateBehavior [ RunTime:0.001662s ]
INFO: [ view_parse ] --END-- [ RunTime:0.001747s ]
INFO: [ view_filter ] --START--
INFO: Run Behavior\WriteHtmlCacheBehavior [ RunTime:0.000058s ]
INFO: [ view_filter ] --END-- [ RunTime:0.000086s ]
INFO: [ app_end ] --START--
INFO: Run Behavior\ShowPageTraceBehavior [ RunTime:0.000057s ]
INFO: [ app_end ] --END-- [ RunTime:0.000102s ]

[ 2016-10-31T22:13:29+08:00 ] 110.64.69.112 /singcms/index.php/home/index/userList
INFO: [ app_init ] --START--
INFO: Run Behavior\BuildLiteBehavior [ RunTime:0.000021s ]
INFO: [ app_init ] --END-- [ RunTime:0.000166s ]
INFO: [ app_begin ] --START--
INFO: Run Behavior\ReadHtmlCacheBehavior [ RunTime:0.000072s ]
INFO: [ app_begin ] --END-- [ RunTime:0.000136s ]
NOTIC: [2048] Declaration of Home\Controller\IndexController::show() should be compatible with Think\Controller::show($content, $charset = '', $contentType = '', $prefix = '') /data/wwwroot/bjx.cheerskeji.com/singcms/Application/Home/Controller/IndexController.class.php 第 0 行.
NOTIC: [8] Undefined index: info /data/wwwroot/bjx.cheerskeji.com/singcms/Application/Home/Controller/IndexController.class.php 第 412 行.
SQL: SHOW COLUMNS FROM `yingchao_user_true` [ RunTime:0.0009s ]
SQL: SHOW COLUMNS FROM `yingchao_user_wx` [ RunTime:0.0006s ]
SQL: SELECT * FROM `yingchao_user_true` WHERE ( id="70" ) LIMIT 1   [ RunTime:0.0003s ]
SQL: SELECT * FROM `yingchao_user_wx` WHERE ( id="70" ) LIMIT 1   [ RunTime:0.0001s ]
INFO: [ view_parse ] --START--
INFO: [ template_filter ] --START--
INFO: Run Behavior\ContentReplaceBehavior [ RunTime:0.000058s ]
INFO: [ template_filter ] --END-- [ RunTime:0.000099s ]
INFO: Run Behavior\ParseTemplateBehavior [ RunTime:0.008052s ]
INFO: [ view_parse ] --END-- [ RunTime:0.008108s ]
INFO: [ view_filter ] --START--
INFO: Run Behavior\WriteHtmlCacheBehavior [ RunTime:0.000077s ]
INFO: [ view_filter ] --END-- [ RunTime:0.000117s ]
INFO: [ app_end ] --START--
INFO: Run Behavior\ShowPageTraceBehavior [ RunTime:0.000063s ]
INFO: [ app_end ] --END-- [ RunTime:0.000120s ]

[ 2016-10-31T22:13:48+08:00 ] 101.226.33.225 /singcms/index.php/home/index/userList
INFO: [ app_init ] --START--
INFO: Run Behavior\BuildLiteBehavior [ RunTime:0.000012s ]
INFO: [ app_init ] --END-- [ RunTime:0.000082s ]
INFO: [ app_begin ] --START--
INFO: Run Behavior\ReadHtmlCacheBehavior [ RunTime:0.000037s ]
INFO: [ app_begin ] --END-- [ RunTime:0.000071s ]
NOTIC: [2048] Declaration of Home\Controller\IndexController::show() should be compatible with Think\Controller::show($content, $charset = '', $contentType = '', $prefix = '') /data/wwwroot/bjx.cheerskeji.com/singcms/Application/Home/Controller/IndexController.class.php 第 0 行.
NOTIC: [8] Undefined index: info /data/wwwroot/bjx.cheerskeji.com/singcms/Application/Home/Controller/IndexController.class.php 第 412 行.
NOTIC: [8] Undefined index: id /data/wwwroot/bjx.cheerskeji.com/singcms/Application/Home/Controller/IndexController.class.php 第 413 行.
SQL: SHOW COLUMNS FROM `yingchao_user_true` [ RunTime:0.0007s ]
SQL: SHOW COLUMNS FROM `yingchao_user_wx` [ RunTime:0.0004s ]
SQL: SELECT * FROM `yingchao_user_true` WHERE ( id="" ) LIMIT 1   [ RunTime:0.0003s ]
SQL: SELECT * FROM `yingchao_user_wx` WHERE ( id="" ) LIMIT 1   [ RunTime:0.0001s ]
INFO: [ view_parse ] --START--
INFO: [ template_filter ] --START--
INFO: Run Behavior\ContentReplaceBehavior [ RunTime:0.000048s ]
INFO: [ template_filter ] --END-- [ RunTime:0.000097s ]
INFO: Run Behavior\ParseTemplateBehavior [ RunTime:0.009024s ]
INFO: [ view_parse ] --END-- [ RunTime:0.009081s ]
INFO: [ view_filter ] --START--
INFO: Run Behavior\WriteHtmlCacheBehavior [ RunTime:0.000047s ]
INFO: [ view_filter ] --END-- [ RunTime:0.000074s ]
INFO: [ app_end ] --START--
INFO: Run Behavior\ShowPageTraceBehavior [ RunTime:0.000038s ]
INFO: [ app_end ] --END-- [ RunTime:0.000065s ]

[ 2016-10-31T22:13:49+08:00 ] 110.64.69.62 /singcms/index.php?m=home&c=index&a=findOpenId
INFO: [ app_init ] --START--
INFO: Run Behavior\BuildLiteBehavior [ RunTime:0.000012s ]
INFO: [ app_init ] --END-- [ RunTime:0.000090s ]
INFO: [ app_begin ] --START--
INFO: Run Behavior\ReadHtmlCacheBehavior [ RunTime:0.000040s ]
INFO: [ app_begin ] --END-- [ RunTime:0.000083s ]
NOTIC: [2048] Declaration of Home\Controller\IndexController::show() should be compatible with Think\Controller::show($content, $charset = '', $contentType = '', $prefix = '') /data/wwwroot/bjx.cheerskeji.com/singcms/Application/Home/Controller/IndexController.class.php 第 0 行.
INFO: [ app_end ] --START--
INFO: Run Behavior\ShowPageTraceBehavior [ RunTime:0.000062s ]
INFO: [ app_end ] --END-- [ RunTime:0.000114s ]

[ 2016-10-31T22:13:49+08:00 ] 110.64.69.62 /singcms/index.php/home/index/getWebAccessToken?code=001TVGy62mL4JM0zYsx62o0Iy62TVGyw&state=0
INFO: [ app_init ] --START--
INFO: Run Behavior\BuildLiteBehavior [ RunTime:0.000011s ]
INFO: [ app_init ] --END-- [ RunTime:0.000081s ]
INFO: [ app_begin ] --START--
INFO: Run Behavior\ReadHtmlCacheBehavior [ RunTime:0.000044s ]
INFO: [ app_begin ] --END-- [ RunTime:0.000086s ]
NOTIC: [2048] Declaration of Home\Controller\IndexController::show() should be compatible with Think\Controller::show($content, $charset = '', $contentType = '', $prefix = '') /data/wwwroot/bjx.cheerskeji.com/singcms/Application/Home/Controller/IndexController.class.php 第 0 行.
SQL: SHOW COLUMNS FROM `yingchao_user_wx` [ RunTime:0.0008s ]
NOTIC: [2] curl_error(): 2 is not a valid cURL handle resource /data/wwwroot/bjx.cheerskeji.com/singcms/Application/Home/Controller/IndexController.class.php 第 193 行.
DEBUG: okIYdw_7fZAjxv53mPS0TC0NRDLU
SQL: SELECT * FROM `yingchao_user_wx` WHERE ( openid='okIYdw_7fZAjxv53mPS0TC0NRDLU' ) LIMIT 1   [ RunTime:0.0003s ]
DEBUG: 
SQL: SHOW COLUMNS FROM `yingchao_user_true` [ RunTime:0.0007s ]
SQL: SELECT * FROM `yingchao_user_true` WHERE ( id="70" ) LIMIT 1   [ RunTime:0.0001s ]
SQL: SELECT * FROM `yingchao_user_wx` WHERE ( id="70" ) LIMIT 1   [ RunTime:0.0001s ]
INFO: [ view_parse ] --START--
INFO: [ template_filter ] --START--
INFO: Run Behavior\ContentReplaceBehavior [ RunTime:0.000053s ]
INFO: [ template_filter ] --END-- [ RunTime:0.000096s ]
INFO: Run Behavior\ParseTemplateBehavior [ RunTime:0.008451s ]
INFO: [ view_parse ] --END-- [ RunTime:0.008496s ]
INFO: [ view_filter ] --START--
INFO: Run Behavior\WriteHtmlCacheBehavior [ RunTime:0.000042s ]
INFO: [ view_filter ] --END-- [ RunTime:0.000067s ]
INFO: [ app_end ] --START--
INFO: Run Behavior\ShowPageTraceBehavior [ RunTime:0.000088s ]
INFO: [ app_end ] --END-- [ RunTime:0.000129s ]

[ 2016-10-31T22:13:50+08:00 ] 140.207.54.74 /singcms/index.php?m=home&signature=76c3daaf7aac05cfe95ae6ab25a8769fb291638a&timestamp=1477923229&nonce=875772403&openid=okIYdw_7fZAjxv53mPS0TC0NRDLU&encrypt_type=aes&msg_signature=92144cd548459791908ae2d30884a8999a53f30b
INFO: [ app_init ] --START--
INFO: Run Behavior\BuildLiteBehavior [ RunTime:0.000014s ]
INFO: [ app_init ] --END-- [ RunTime:0.000095s ]
INFO: [ app_begin ] --START--
INFO: Run Behavior\ReadHtmlCacheBehavior [ RunTime:0.000043s ]
INFO: [ app_begin ] --END-- [ RunTime:0.000079s ]
NOTIC: [2048] Declaration of Home\Controller\IndexController::show() should be compatible with Think\Controller::show($content, $charset = '', $contentType = '', $prefix = '') /data/wwwroot/bjx.cheerskeji.com/singcms/Application/Home/Controller/IndexController.class.php 第 0 行.
NOTIC: [8] Undefined index: echostr /data/wwwroot/bjx.cheerskeji.com/singcms/Application/Home/Controller/IndexController.class.php 第 27 行.
NOTIC: [8] Undefined index: access_token /data/wwwroot/bjx.cheerskeji.com/singcms/Application/Home/Controller/IndexController.class.php 第 247 行.
NOTIC: [2] curl_error(): 3 is not a valid cURL handle resource /data/wwwroot/bjx.cheerskeji.com/singcms/Application/Home/Controller/IndexController.class.php 第 193 行.
NOTIC: [8] Array to string conversion /data/wwwroot/bjx.cheerskeji.com/singcms/Application/Home/Controller/IndexController.class.php 第 260 行.
NOTIC: [2] curl_error(): 4 is not a valid cURL handle resource /data/wwwroot/bjx.cheerskeji.com/singcms/Application/Home/Controller/IndexController.class.php 第 193 行.
INFO: [ app_end ] --START--
INFO: Run Behavior\ShowPageTraceBehavior [ RunTime:0.000098s ]
INFO: [ app_end ] --END-- [ RunTime:0.000154s ]

[ 2016-10-31T22:14:39+08:00 ] 110.64.69.64 /singcms/index.php/home/user/edit
INFO: [ app_init ] --START--
INFO: Run Behavior\BuildLiteBehavior [ RunTime:0.000012s ]
INFO: [ app_init ] --END-- [ RunTime:0.000092s ]
INFO: [ app_begin ] --START--
INFO: Run Behavior\ReadHtmlCacheBehavior [ RunTime:0.000078s ]
INFO: [ app_begin ] --END-- [ RunTime:0.000131s ]
SQL: SHOW COLUMNS FROM `yingchao_user_true` [ RunTime:0.0007s ]
SQL: SHOW COLUMNS FROM `yingchao_user_wx` [ RunTime:0.0005s ]
SQL: SELECT * FROM `yingchao_user_true` WHERE ( id="70" ) LIMIT 1   [ RunTime:0.0001s ]
SQL: SELECT * FROM `yingchao_user_wx` WHERE ( id="70" ) LIMIT 1   [ RunTime:0.0001s ]
INFO: [ view_parse ] --START--
INFO: [ template_filter ] --START--
INFO: Run Behavior\ContentReplaceBehavior [ RunTime:0.000039s ]
INFO: [ template_filter ] --END-- [ RunTime:0.000076s ]
INFO: Run Behavior\ParseTemplateBehavior [ RunTime:0.003087s ]
INFO: [ view_parse ] --END-- [ RunTime:0.003138s ]
INFO: [ view_filter ] --START--
INFO: Run Behavior\WriteHtmlCacheBehavior [ RunTime:0.000049s ]
INFO: [ view_filter ] --END-- [ RunTime:0.000084s ]
INFO: [ app_end ] --START--
INFO: Run Behavior\ShowPageTraceBehavior [ RunTime:0.000041s ]
INFO: [ app_end ] --END-- [ RunTime:0.000068s ]

[ 2016-10-31T22:14:54+08:00 ] 101.226.33.202 /singcms/index.php/home/user/edit
INFO: [ app_init ] --START--
INFO: Run Behavior\BuildLiteBehavior [ RunTime:0.000013s ]
INFO: [ app_init ] --END-- [ RunTime:0.000086s ]
INFO: [ app_begin ] --START--
INFO: Run Behavior\ReadHtmlCacheBehavior [ RunTime:0.000043s ]
INFO: [ app_begin ] --END-- [ RunTime:0.000080s ]
NOTIC: [8] Undefined index: id /data/wwwroot/bjx.cheerskeji.com/singcms/Application/Home/Controller/UserController.class.php 第 24 行.
SQL: SHOW COLUMNS FROM `yingchao_user_true` [ RunTime:0.0007s ]
SQL: SHOW COLUMNS FROM `yingchao_user_wx` [ RunTime:0.0005s ]
SQL: SELECT * FROM `yingchao_user_true` WHERE ( id="" ) LIMIT 1   [ RunTime:0.0001s ]
SQL: SELECT * FROM `yingchao_user_wx` WHERE ( id="" ) LIMIT 1   [ RunTime:0.0001s ]
INFO: [ view_parse ] --START--
INFO: [ template_filter ] --START--
INFO: Run Behavior\ContentReplaceBehavior [ RunTime:0.000046s ]
INFO: [ template_filter ] --END-- [ RunTime:0.000095s ]
INFO: Run Behavior\ParseTemplateBehavior [ RunTime:0.003456s ]
INFO: [ view_parse ] --END-- [ RunTime:0.003510s ]
INFO: [ view_filter ] --START--
INFO: Run Behavior\WriteHtmlCacheBehavior [ RunTime:0.000058s ]
INFO: [ view_filter ] --END-- [ RunTime:0.000093s ]
INFO: [ app_end ] --START--
INFO: Run Behavior\ShowPageTraceBehavior [ RunTime:0.000037s ]
INFO: [ app_end ] --END-- [ RunTime:0.000067s ]

[ 2016-10-31T22:15:09+08:00 ] 110.64.69.64 /singcms/index.php?m=home&c=index&a=showsignup
INFO: [ app_init ] --START--
INFO: Run Behavior\BuildLiteBehavior [ RunTime:0.000018s ]
INFO: [ app_init ] --END-- [ RunTime:0.000133s ]
INFO: [ app_begin ] --START--
INFO: Run Behavior\ReadHtmlCacheBehavior [ RunTime:0.000065s ]
INFO: [ app_begin ] --END-- [ RunTime:0.000122s ]
NOTIC: [2048] Declaration of Home\Controller\IndexController::show() should be compatible with Think\Controller::show($content, $charset = '', $contentType = '', $prefix = '') /data/wwwroot/bjx.cheerskeji.com/singcms/Application/Home/Controller/IndexController.class.php 第 0 行.
INFO: [ app_end ] --START--
INFO: Run Behavior\ShowPageTraceBehavior [ RunTime:0.000066s ]
INFO: [ app_end ] --END-- [ RunTime:0.000129s ]

[ 2016-10-31T22:15:09+08:00 ] 110.64.69.64 /singcms/index.php/home/index/checkIsSignUp?code=041He7Ek0KEGgm1QNVBk02U8Ek0He7ED&state=0
INFO: [ app_init ] --START--
INFO: Run Behavior\BuildLiteBehavior [ RunTime:0.000013s ]
INFO: [ app_init ] --END-- [ RunTime:0.000090s ]
INFO: [ app_begin ] --START--
INFO: Run Behavior\ReadHtmlCacheBehavior [ RunTime:0.000039s ]
INFO: [ app_begin ] --END-- [ RunTime:0.000073s ]
NOTIC: [2048] Declaration of Home\Controller\IndexController::show() should be compatible with Think\Controller::show($content, $charset = '', $contentType = '', $prefix = '') /data/wwwroot/bjx.cheerskeji.com/singcms/Application/Home/Controller/IndexController.class.php 第 0 行.
SQL: SHOW COLUMNS FROM `yingchao_user_wx` [ RunTime:0.0006s ]
NOTIC: [2] curl_error(): 2 is not a valid cURL handle resource /data/wwwroot/bjx.cheerskeji.com/singcms/Application/Home/Controller/IndexController.class.php 第 193 行.
SQL: SELECT * FROM `yingchao_user_wx` WHERE ( openid='okIYdw_7fZAjxv53mPS0TC0NRDLU' ) LIMIT 1   [ RunTime:0.0003s ]
INFO: [ view_parse ] --START--
INFO: [ template_filter ] --START--
INFO: Run Behavior\ContentReplaceBehavior [ RunTime:0.000062s ]
INFO: [ template_filter ] --END-- [ RunTime:0.000137s ]
INFO: Run Behavior\ParseTemplateBehavior [ RunTime:0.002366s ]
INFO: [ view_parse ] --END-- [ RunTime:0.002429s ]
INFO: [ view_filter ] --START--
INFO: Run Behavior\WriteHtmlCacheBehavior [ RunTime:0.000062s ]
INFO: [ view_filter ] --END-- [ RunTime:0.000105s ]
INFO: [ app_end ] --START--
INFO: Run Behavior\ShowPageTraceBehavior [ RunTime:0.000060s ]
INFO: [ app_end ] --END-- [ RunTime:0.000105s ]

[ 2016-10-31T22:15:10+08:00 ] 140.207.54.74 /singcms/index.php?m=home&signature=9c3a929cace11490a5718274877b564c470bccff&timestamp=1477923309&nonce=823485094&openid=okIYdw_7fZAjxv53mPS0TC0NRDLU&encrypt_type=aes&msg_signature=836f5fa79789f09a4a64f349dd33d470741d2b6c
INFO: [ app_init ] --START--
INFO: Run Behavior\BuildLiteBehavior [ RunTime:0.000011s ]
INFO: [ app_init ] --END-- [ RunTime:0.000065s ]
INFO: [ app_begin ] --START--
INFO: Run Behavior\ReadHtmlCacheBehavior [ RunTime:0.000051s ]
INFO: [ app_begin ] --END-- [ RunTime:0.000094s ]
NOTIC: [2048] Declaration of Home\Controller\IndexController::show() should be compatible with Think\Controller::show($content, $charset = '', $contentType = '', $prefix = '') /data/wwwroot/bjx.cheerskeji.com/singcms/Application/Home/Controller/IndexController.class.php 第 0 行.
NOTIC: [8] Undefined index: echostr /data/wwwroot/bjx.cheerskeji.com/singcms/Application/Home/Controller/IndexController.class.php 第 27 行.
NOTIC: [8] Undefined index: access_token /data/wwwroot/bjx.cheerskeji.com/singcms/Application/Home/Controller/IndexController.class.php 第 247 行.
NOTIC: [2] curl_error(): 3 is not a valid cURL handle resource /data/wwwroot/bjx.cheerskeji.com/singcms/Application/Home/Controller/IndexController.class.php 第 193 行.
NOTIC: [8] Array to string conversion /data/wwwroot/bjx.cheerskeji.com/singcms/Application/Home/Controller/IndexController.class.php 第 260 行.
NOTIC: [2] curl_error(): 4 is not a valid cURL handle resource /data/wwwroot/bjx.cheerskeji.com/singcms/Application/Home/Controller/IndexController.class.php 第 193 行.
INFO: [ app_end ] --START--
INFO: Run Behavior\ShowPageTraceBehavior [ RunTime:0.000120s ]
INFO: [ app_end ] --END-- [ RunTime:0.000203s ]

[ 2016-10-31T22:15:13+08:00 ] 110.64.69.64 /singcms/index.php/home/index/userList
INFO: [ app_init ] --START--
INFO: Run Behavior\BuildLiteBehavior [ RunTime:0.000039s ]
INFO: [ app_init ] --END-- [ RunTime:0.000158s ]
INFO: [ app_begin ] --START--
INFO: Run Behavior\ReadHtmlCacheBehavior [ RunTime:0.000064s ]
INFO: [ app_begin ] --END-- [ RunTime:0.000122s ]
NOTIC: [2048] Declaration of Home\Controller\IndexController::show() should be compatible with Think\Controller::show($content, $charset = '', $contentType = '', $prefix = '') /data/wwwroot/bjx.cheerskeji.com/singcms/Application/Home/Controller/IndexController.class.php 第 0 行.
SQL: SHOW COLUMNS FROM `yingchao_user_true` [ RunTime:0.0008s ]
SQL: SHOW COLUMNS FROM `yingchao_user_wx` [ RunTime:0.0006s ]
SQL: SELECT * FROM `yingchao_user_true` WHERE ( id="70" ) LIMIT 1   [ RunTime:0.0001s ]
SQL: SELECT * FROM `yingchao_user_wx` WHERE ( id="70" ) LIMIT 1   [ RunTime:0.0001s ]
INFO: [ view_parse ] --START--
INFO: [ template_filter ] --START--
INFO: Run Behavior\ContentReplaceBehavior [ RunTime:0.000059s ]
INFO: [ template_filter ] --END-- [ RunTime:0.000107s ]
INFO: Run Behavior\ParseTemplateBehavior [ RunTime:0.008271s ]
INFO: [ view_parse ] --END-- [ RunTime:0.008327s ]
INFO: [ view_filter ] --START--
INFO: Run Behavior\WriteHtmlCacheBehavior [ RunTime:0.000057s ]
INFO: [ view_filter ] --END-- [ RunTime:0.000103s ]
INFO: [ app_end ] --START--
INFO: Run Behavior\ShowPageTraceBehavior [ RunTime:0.000048s ]
INFO: [ app_end ] --END-- [ RunTime:0.000122s ]

[ 2016-10-31T22:16:34+08:00 ] 101.226.33.218 /singcms/index.php/home/index/userList
INFO: [ app_init ] --START--
INFO: Run Behavior\BuildLiteBehavior [ RunTime:0.000012s ]
INFO: [ app_init ] --END-- [ RunTime:0.000100s ]
INFO: [ app_begin ] --START--
INFO: Run Behavior\ReadHtmlCacheBehavior [ RunTime:0.000046s ]
INFO: [ app_begin ] --END-- [ RunTime:0.000082s ]
NOTIC: [2048] Declaration of Home\Controller\IndexController::show() should be compatible with Think\Controller::show($content, $charset = '', $contentType = '', $prefix = '') /data/wwwroot/bjx.cheerskeji.com/singcms/Application/Home/Controller/IndexController.class.php 第 0 行.
NOTIC: [8] Undefined index: info /data/wwwroot/bjx.cheerskeji.com/singcms/Application/Home/Controller/IndexController.class.php 第 412 行.
NOTIC: [8] Undefined index: id /data/wwwroot/bjx.cheerskeji.com/singcms/Application/Home/Controller/IndexController.class.php 第 413 行.
SQL: SHOW COLUMNS FROM `yingchao_user_true` [ RunTime:0.0006s ]
SQL: SHOW COLUMNS FROM `yingchao_user_wx` [ RunTime:0.0004s ]
SQL: SELECT * FROM `yingchao_user_true` WHERE ( id="" ) LIMIT 1   [ RunTime:0.0001s ]
SQL: SELECT * FROM `yingchao_user_wx` WHERE ( id="" ) LIMIT 1   [ RunTime:0.0001s ]
INFO: [ view_parse ] --START--
INFO: [ template_filter ] --START--
INFO: Run Behavior\ContentReplaceBehavior [ RunTime:0.000059s ]
INFO: [ template_filter ] --END-- [ RunTime:0.000119s ]
INFO: Run Behavior\ParseTemplateBehavior [ RunTime:0.009894s ]
INFO: [ view_parse ] --END-- [ RunTime:0.009961s ]
INFO: [ view_filter ] --START--
INFO: Run Behavior\WriteHtmlCacheBehavior [ RunTime:0.000094s ]
INFO: [ view_filter ] --END-- [ RunTime:0.000138s ]
INFO: [ app_end ] --START--
INFO: Run Behavior\ShowPageTraceBehavior [ RunTime:0.000080s ]
INFO: [ app_end ] --END-- [ RunTime:0.000132s ]

[ 2016-10-31T22:16:36+08:00 ] 180.153.214.189 /singcms/index.php/home/index/userList
INFO: [ app_init ] --START--
INFO: Run Behavior\BuildLiteBehavior [ RunTime:0.000012s ]
INFO: [ app_init ] --END-- [ RunTime:0.000085s ]
INFO: [ app_begin ] --START--
INFO: Run Behavior\ReadHtmlCacheBehavior [ RunTime:0.000040s ]
INFO: [ app_begin ] --END-- [ RunTime:0.000074s ]
NOTIC: [2048] Declaration of Home\Controller\IndexController::show() should be compatible with Think\Controller::show($content, $charset = '', $contentType = '', $prefix = '') /data/wwwroot/bjx.cheerskeji.com/singcms/Application/Home/Controller/IndexController.class.php 第 0 行.
NOTIC: [8] Undefined index: info /data/wwwroot/bjx.cheerskeji.com/singcms/Application/Home/Controller/IndexController.class.php 第 412 行.
NOTIC: [8] Undefined index: id /data/wwwroot/bjx.cheerskeji.com/singcms/Application/Home/Controller/IndexController.class.php 第 413 行.
SQL: SHOW COLUMNS FROM `yingchao_user_true` [ RunTime:0.0006s ]
SQL: SHOW COLUMNS FROM `yingchao_user_wx` [ RunTime:0.0004s ]
SQL: SELECT * FROM `yingchao_user_true` WHERE ( id="" ) LIMIT 1   [ RunTime:0.0001s ]
SQL: SELECT * FROM `yingchao_user_wx` WHERE ( id="" ) LIMIT 1   [ RunTime:0.0001s ]
INFO: [ view_parse ] --START--
INFO: [ template_filter ] --START--
INFO: Run Behavior\ContentReplaceBehavior [ RunTime:0.000047s ]
INFO: [ template_filter ] --END-- [ RunTime:0.000084s ]
INFO: Run Behavior\ParseTemplateBehavior [ RunTime:0.007542s ]
INFO: [ view_parse ] --END-- [ RunTime:0.007585s ]
INFO: [ view_filter ] --START--
INFO: Run Behavior\WriteHtmlCacheBehavior [ RunTime:0.000043s ]
INFO: [ view_filter ] --END-- [ RunTime:0.000070s ]
INFO: [ app_end ] --START--
INFO: Run Behavior\ShowPageTraceBehavior [ RunTime:0.000037s ]
INFO: [ app_end ] --END-- [ RunTime:0.000063s ]

[ 2016-10-31T22:16:37+08:00 ] 180.153.206.23 /singcms/index.php/home/index/userList
INFO: [ app_init ] --START--
INFO: Run Behavior\BuildLiteBehavior [ RunTime:0.000014s ]
INFO: [ app_init ] --END-- [ RunTime:0.000111s ]
INFO: [ app_begin ] --START--
INFO: Run Behavior\ReadHtmlCacheBehavior [ RunTime:0.000041s ]
INFO: [ app_begin ] --END-- [ RunTime:0.000077s ]
NOTIC: [2048] Declaration of Home\Controller\IndexController::show() should be compatible with Think\Controller::show($content, $charset = '', $contentType = '', $prefix = '') /data/wwwroot/bjx.cheerskeji.com/singcms/Application/Home/Controller/IndexController.class.php 第 0 行.
NOTIC: [8] Undefined index: info /data/wwwroot/bjx.cheerskeji.com/singcms/Application/Home/Controller/IndexController.class.php 第 412 行.
NOTIC: [8] Undefined index: id /data/wwwroot/bjx.cheerskeji.com/singcms/Application/Home/Controller/IndexController.class.php 第 413 行.
SQL: SHOW COLUMNS FROM `yingchao_user_true` [ RunTime:0.0006s ]
SQL: SHOW COLUMNS FROM `yingchao_user_wx` [ RunTime:0.0004s ]
SQL: SELECT * FROM `yingchao_user_true` WHERE ( id="" ) LIMIT 1   [ RunTime:0.0001s ]
SQL: SELECT * FROM `yingchao_user_wx` WHERE ( id="" ) LIMIT 1   [ RunTime:0.0001s ]
INFO: [ view_parse ] --START--
INFO: [ template_filter ] --START--
INFO: Run Behavior\ContentReplaceBehavior [ RunTime:0.000053s ]
INFO: [ template_filter ] --END-- [ RunTime:0.000100s ]
INFO: Run Behavior\ParseTemplateBehavior [ RunTime:0.007850s ]
INFO: [ view_parse ] --END-- [ RunTime:0.007896s ]
INFO: [ view_filter ] --START--
INFO: Run Behavior\WriteHtmlCacheBehavior [ RunTime:0.000047s ]
INFO: [ view_filter ] --END-- [ RunTime:0.000074s ]
INFO: [ app_end ] --START--
INFO: Run Behavior\ShowPageTraceBehavior [ RunTime:0.000040s ]
INFO: [ app_end ] --END-- [ RunTime:0.000066s ]

[ 2016-10-31T22:44:10+08:00 ] 110.64.69.62 /singcms/index.php?m=home&c=index&a=findOpenId
INFO: [ app_init ] --START--
INFO: Run Behavior\BuildLiteBehavior [ RunTime:0.000012s ]
INFO: [ app_init ] --END-- [ RunTime:0.000093s ]
INFO: [ app_begin ] --START--
INFO: Run Behavior\ReadHtmlCacheBehavior [ RunTime:0.000062s ]
INFO: [ app_begin ] --END-- [ RunTime:0.000104s ]
NOTIC: [2048] Declaration of Home\Controller\IndexController::show() should be compatible with Think\Controller::show($content, $charset = '', $contentType = '', $prefix = '') /data/wwwroot/bjx.cheerskeji.com/singcms/Application/Home/Controller/IndexController.class.php 第 0 行.
INFO: [ app_end ] --START--
INFO: Run Behavior\ShowPageTraceBehavior [ RunTime:0.000090s ]
INFO: [ app_end ] --END-- [ RunTime:0.000134s ]

[ 2016-10-31T22:44:16+08:00 ] 110.64.69.62 /singcms/index.php?m=home&c=index&a=findOpenId
INFO: [ app_init ] --START--
INFO: Run Behavior\BuildLiteBehavior [ RunTime:0.000017s ]
INFO: [ app_init ] --END-- [ RunTime:0.000116s ]
INFO: [ app_begin ] --START--
INFO: Run Behavior\ReadHtmlCacheBehavior [ RunTime:0.000042s ]
INFO: [ app_begin ] --END-- [ RunTime:0.000080s ]
NOTIC: [2048] Declaration of Home\Controller\IndexController::show() should be compatible with Think\Controller::show($content, $charset = '', $contentType = '', $prefix = '') /data/wwwroot/bjx.cheerskeji.com/singcms/Application/Home/Controller/IndexController.class.php 第 0 行.
INFO: [ app_end ] --START--
INFO: Run Behavior\ShowPageTraceBehavior [ RunTime:0.000040s ]
INFO: [ app_end ] --END-- [ RunTime:0.000072s ]

[ 2016-10-31T22:44:18+08:00 ] 110.64.69.62 /singcms/index.php/home/index/getWebAccessToken?code=011SzZ6o1sBtqm0tb89o1UpY6o1SzZ6P&state=0
INFO: [ app_init ] --START--
INFO: Run Behavior\BuildLiteBehavior [ RunTime:0.000013s ]
INFO: [ app_init ] --END-- [ RunTime:0.000088s ]
INFO: [ app_begin ] --START--
INFO: Run Behavior\ReadHtmlCacheBehavior [ RunTime:0.000047s ]
INFO: [ app_begin ] --END-- [ RunTime:0.000094s ]
NOTIC: [2048] Declaration of Home\Controller\IndexController::show() should be compatible with Think\Controller::show($content, $charset = '', $contentType = '', $prefix = '') /data/wwwroot/bjx.cheerskeji.com/singcms/Application/Home/Controller/IndexController.class.php 第 0 行.
SQL: SHOW COLUMNS FROM `yingchao_user_wx` [ RunTime:0.0009s ]
NOTIC: [2] curl_error(): 2 is not a valid cURL handle resource /data/wwwroot/bjx.cheerskeji.com/singcms/Application/Home/Controller/IndexController.class.php 第 193 行.
DEBUG: okIYdw_7fZAjxv53mPS0TC0NRDLU
SQL: SELECT * FROM `yingchao_user_wx` WHERE ( openid='okIYdw_7fZAjxv53mPS0TC0NRDLU' ) LIMIT 1   [ RunTime:0.0003s ]
DEBUG: 
SQL: SHOW COLUMNS FROM `yingchao_user_true` [ RunTime:0.0009s ]
SQL: SELECT * FROM `yingchao_user_true` WHERE ( id="70" ) LIMIT 1   [ RunTime:0.0001s ]
SQL: SELECT * FROM `yingchao_user_wx` WHERE ( id="70" ) LIMIT 1   [ RunTime:0.0002s ]
INFO: [ view_parse ] --START--
INFO: [ template_filter ] --START--
INFO: Run Behavior\ContentReplaceBehavior [ RunTime:0.000094s ]
INFO: [ template_filter ] --END-- [ RunTime:0.000189s ]
INFO: Run Behavior\ParseTemplateBehavior [ RunTime:0.013924s ]
INFO: [ view_parse ] --END-- [ RunTime:0.013999s ]
INFO: [ view_filter ] --START--
INFO: Run Behavior\WriteHtmlCacheBehavior [ RunTime:0.000098s ]
INFO: [ view_filter ] --END-- [ RunTime:0.000147s ]
INFO: [ app_end ] --START--
INFO: Run Behavior\ShowPageTraceBehavior [ RunTime:0.000075s ]
INFO: [ app_end ] --END-- [ RunTime:0.000139s ]

