[ 2016-10-16T10:54:54+08:00 ] 14.17.11.196 /singcms/index.php?m=home&c=index&a=showsignup
INFO: [ app_init ] --START--
INFO: Run Behavior\BuildLiteBehavior [ RunTime:0.000014s ]
INFO: [ app_init ] --END-- [ RunTime:0.000092s ]
INFO: [ app_begin ] --START--
INFO: Run Behavior\ReadHtmlCacheBehavior [ RunTime:0.000052s ]
INFO: [ app_begin ] --END-- [ RunTime:0.000089s ]
NOTIC: [2048] Declaration of Home\Controller\IndexController::show() should be compatible with Think\Controller::show($content, $charset = '', $contentType = '', $prefix = '') /data/wwwroot/bjx.cheerskeji.com/singcms/Application/Home/Controller/IndexController.class.php 第 0 行.
INFO: [ view_parse ] --START--
INFO: [ template_filter ] --START--
INFO: Run Behavior\ContentReplaceBehavior [ RunTime:0.000063s ]
INFO: [ template_filter ] --END-- [ RunTime:0.000129s ]
INFO: Run Behavior\ParseTemplateBehavior [ RunTime:0.036744s ]
INFO: [ view_parse ] --END-- [ RunTime:0.036840s ]
INFO: [ view_filter ] --START--
INFO: Run Behavior\WriteHtmlCacheBehavior [ RunTime:0.000392s ]
INFO: [ view_filter ] --END-- [ RunTime:0.000428s ]
INFO: [ app_end ] --START--
INFO: Run Behavior\ShowPageTraceBehavior [ RunTime:0.000880s ]
INFO: [ app_end ] --END-- [ RunTime:0.000921s ]

[ 2016-10-16T10:54:54+08:00 ] 58.247.206.148 /singcms/index.php?m=home&signature=1c50c7626a273169986e8c2a2486b374a53a5492&timestamp=1476586493&nonce=657040274&openid=okIYdw_B02wN0fD6kQgcOAqkCMfA&encrypt_type=aes&msg_signature=96f8a3b35473915fc46714ad59e1738179f08034
INFO: [ app_init ] --START--
INFO: Run Behavior\BuildLiteBehavior [ RunTime:0.000015s ]
INFO: [ app_init ] --END-- [ RunTime:0.000517s ]
INFO: [ app_begin ] --START--
INFO: Run Behavior\ReadHtmlCacheBehavior [ RunTime:0.000658s ]
INFO: [ app_begin ] --END-- [ RunTime:0.000734s ]
NOTIC: [2048] Declaration of Home\Controller\IndexController::show() should be compatible with Think\Controller::show($content, $charset = '', $contentType = '', $prefix = '') /data/wwwroot/bjx.cheerskeji.com/singcms/Application/Home/Controller/IndexController.class.php 第 0 行.
NOTIC: [8] Undefined index: echostr /data/wwwroot/bjx.cheerskeji.com/singcms/Application/Home/Controller/IndexController.class.php 第 23 行.
NOTIC: [8] Undefined index: access_token /data/wwwroot/bjx.cheerskeji.com/singcms/Application/Home/Controller/IndexController.class.php 第 238 行.
NOTIC: [2] curl_error(): 29 is not a valid cURL handle resource /data/wwwroot/bjx.cheerskeji.com/singcms/Application/Home/Controller/IndexController.class.php 第 187 行.
NOTIC: [8] Array to string conversion /data/wwwroot/bjx.cheerskeji.com/singcms/Application/Home/Controller/IndexController.class.php 第 252 行.
NOTIC: [2] curl_error(): 30 is not a valid cURL handle resource /data/wwwroot/bjx.cheerskeji.com/singcms/Application/Home/Controller/IndexController.class.php 第 187 行.
INFO: [ app_end ] --START--
INFO: Run Behavior\ShowPageTraceBehavior [ RunTime:0.000109s ]
INFO: [ app_end ] --END-- [ RunTime:0.000161s ]

[ 2016-10-16T10:55:30+08:00 ] 58.247.206.153 /singcms/index.php?m=home&signature=12c92612fdc3077ce66bdb69bcaf93d9a4a04611&timestamp=1476586529&nonce=1127736879&openid=okIYdw_B02wN0fD6kQgcOAqkCMfA&encrypt_type=aes&msg_signature=1a49a416d1bff1cf7fa852b22b9c9cfa16175fde
INFO: [ app_init ] --START--
INFO: Run Behavior\BuildLiteBehavior [ RunTime:0.000017s ]
INFO: [ app_init ] --END-- [ RunTime:0.000126s ]
INFO: [ app_begin ] --START--
INFO: Run Behavior\ReadHtmlCacheBehavior [ RunTime:0.000058s ]
INFO: [ app_begin ] --END-- [ RunTime:0.000120s ]
NOTIC: [2048] Declaration of Home\Controller\IndexController::show() should be compatible with Think\Controller::show($content, $charset = '', $contentType = '', $prefix = '') /data/wwwroot/bjx.cheerskeji.com/singcms/Application/Home/Controller/IndexController.class.php 第 0 行.
NOTIC: [8] Undefined index: echostr /data/wwwroot/bjx.cheerskeji.com/singcms/Application/Home/Controller/IndexController.class.php 第 23 行.

[ 2016-10-16T10:55:30+08:00 ] 14.17.11.196 /singcms/index.php?m=home&c=index&a=findOpenId
INFO: [ app_init ] --START--
INFO: Run Behavior\BuildLiteBehavior [ RunTime:0.000014s ]
INFO: [ app_init ] --END-- [ RunTime:0.000176s ]
INFO: [ app_begin ] --START--
INFO: Run Behavior\ReadHtmlCacheBehavior [ RunTime:0.000047s ]
INFO: [ app_begin ] --END-- [ RunTime:0.000081s ]
NOTIC: [2048] Declaration of Home\Controller\IndexController::show() should be compatible with Think\Controller::show($content, $charset = '', $contentType = '', $prefix = '') /data/wwwroot/bjx.cheerskeji.com/singcms/Application/Home/Controller/IndexController.class.php 第 0 行.
INFO: [ app_end ] --START--
INFO: Run Behavior\ShowPageTraceBehavior [ RunTime:0.000047s ]
INFO: [ app_end ] --END-- [ RunTime:0.000080s ]

[ 2016-10-16T10:55:30+08:00 ] 14.17.11.196 /singcms/index.php/home/index/getWebAccessToken?code=011BU8iH03IFdj2LUhjH0pEaiH0BU8iE&state=123
INFO: [ app_init ] --START--
INFO: Run Behavior\BuildLiteBehavior [ RunTime:0.000014s ]
INFO: [ app_init ] --END-- [ RunTime:0.000096s ]
INFO: [ app_begin ] --START--
INFO: Run Behavior\ReadHtmlCacheBehavior [ RunTime:0.000060s ]
INFO: [ app_begin ] --END-- [ RunTime:0.000112s ]
NOTIC: [2048] Declaration of Home\Controller\IndexController::show() should be compatible with Think\Controller::show($content, $charset = '', $contentType = '', $prefix = '') /data/wwwroot/bjx.cheerskeji.com/singcms/Application/Home/Controller/IndexController.class.php 第 0 行.
SQL: SHOW COLUMNS FROM `yingchao_user_wx` [ RunTime:0.0007s ]
NOTIC: [2] curl_error(): 6 is not a valid cURL handle resource /data/wwwroot/bjx.cheerskeji.com/singcms/Application/Home/Controller/IndexController.class.php 第 187 行.
SQL: SELECT * FROM `yingchao_user_wx` WHERE ( openid='okIYdw_B02wN0fD6kQgcOAqkCMfA' ) LIMIT 1   [ RunTime:0.0005s ]
SQL: SHOW COLUMNS FROM `yingchao_user_true` [ RunTime:0.0007s ]
SQL: SELECT * FROM `yingchao_user_true` WHERE ( id="36" ) LIMIT 1   [ RunTime:0.0002s ]
SQL: SELECT * FROM `yingchao_user_wx` WHERE ( id="36" ) LIMIT 1   [ RunTime:0.0001s ]
INFO: [ view_parse ] --START--
INFO: [ template_filter ] --START--
INFO: Run Behavior\ContentReplaceBehavior [ RunTime:0.000061s ]
INFO: [ template_filter ] --END-- [ RunTime:0.000120s ]
INFO: Run Behavior\ParseTemplateBehavior [ RunTime:0.002386s ]
INFO: [ view_parse ] --END-- [ RunTime:0.002450s ]
INFO: [ view_filter ] --START--
INFO: Run Behavior\WriteHtmlCacheBehavior [ RunTime:0.000051s ]
INFO: [ view_filter ] --END-- [ RunTime:0.000083s ]
INFO: [ app_end ] --START--
INFO: Run Behavior\ShowPageTraceBehavior [ RunTime:0.000060s ]
INFO: [ app_end ] --END-- [ RunTime:0.000097s ]

[ 2016-10-16T13:52:52+08:00 ] 140.207.54.74 /singcms/index.php?m=home&signature=99c46601106c2fd137c0b7e4e25d861a5788de7c&timestamp=1476597172&nonce=1916832882&openid=okIYdw_7fZAjxv53mPS0TC0NRDLU&encrypt_type=aes&msg_signature=5d8942248a757c31474511b61b8ed4c7a87b30a9
INFO: [ app_init ] --START--
INFO: Run Behavior\BuildLiteBehavior [ RunTime:0.000012s ]
INFO: [ app_init ] --END-- [ RunTime:0.000087s ]
INFO: [ app_begin ] --START--
INFO: Run Behavior\ReadHtmlCacheBehavior [ RunTime:0.000044s ]
INFO: [ app_begin ] --END-- [ RunTime:0.000094s ]
NOTIC: [2048] Declaration of Home\Controller\IndexController::show() should be compatible with Think\Controller::show($content, $charset = '', $contentType = '', $prefix = '') /data/wwwroot/bjx.cheerskeji.com/singcms/Application/Home/Controller/IndexController.class.php 第 0 行.
NOTIC: [8] Undefined index: echostr /data/wwwroot/bjx.cheerskeji.com/singcms/Application/Home/Controller/IndexController.class.php 第 23 行.

[ 2016-10-16T13:52:52+08:00 ] 222.201.173.110 /singcms/index.php?m=home&c=index&a=showsignup
INFO: [ app_init ] --START--
INFO: Run Behavior\BuildLiteBehavior [ RunTime:0.000013s ]
INFO: [ app_init ] --END-- [ RunTime:0.000084s ]
INFO: [ app_begin ] --START--
INFO: Run Behavior\ReadHtmlCacheBehavior [ RunTime:0.000044s ]
INFO: [ app_begin ] --END-- [ RunTime:0.000089s ]
NOTIC: [2048] Declaration of Home\Controller\IndexController::show() should be compatible with Think\Controller::show($content, $charset = '', $contentType = '', $prefix = '') /data/wwwroot/bjx.cheerskeji.com/singcms/Application/Home/Controller/IndexController.class.php 第 0 行.
INFO: [ view_parse ] --START--
INFO: [ template_filter ] --START--
INFO: Run Behavior\ContentReplaceBehavior [ RunTime:0.000036s ]
INFO: [ template_filter ] --END-- [ RunTime:0.000083s ]
INFO: Run Behavior\ParseTemplateBehavior [ RunTime:0.002817s ]
INFO: [ view_parse ] --END-- [ RunTime:0.002858s ]
INFO: [ view_filter ] --START--
INFO: Run Behavior\WriteHtmlCacheBehavior [ RunTime:0.000071s ]
INFO: [ view_filter ] --END-- [ RunTime:0.000101s ]
INFO: [ app_end ] --START--
INFO: Run Behavior\ShowPageTraceBehavior [ RunTime:0.000043s ]
INFO: [ app_end ] --END-- [ RunTime:0.000070s ]

[ 2016-10-16T13:52:57+08:00 ] 222.201.173.110 /singcms/index.php?m=home&c=index&a=findOpenId
INFO: [ app_init ] --START--
INFO: Run Behavior\BuildLiteBehavior [ RunTime:0.000019s ]
INFO: [ app_init ] --END-- [ RunTime:0.000135s ]
INFO: [ app_begin ] --START--
INFO: Run Behavior\ReadHtmlCacheBehavior [ RunTime:0.000061s ]
INFO: [ app_begin ] --END-- [ RunTime:0.000119s ]
NOTIC: [2048] Declaration of Home\Controller\IndexController::show() should be compatible with Think\Controller::show($content, $charset = '', $contentType = '', $prefix = '') /data/wwwroot/bjx.cheerskeji.com/singcms/Application/Home/Controller/IndexController.class.php 第 0 行.
INFO: [ app_end ] --START--
INFO: Run Behavior\ShowPageTraceBehavior [ RunTime:0.000063s ]
INFO: [ app_end ] --END-- [ RunTime:0.000122s ]

[ 2016-10-16T13:52:57+08:00 ] 140.207.54.74 /singcms/index.php?m=home&signature=ea0022445e215923dd0e6e5577a9b850ebad8230&timestamp=1476597176&nonce=1447242078&openid=okIYdw_7fZAjxv53mPS0TC0NRDLU&encrypt_type=aes&msg_signature=dd29647bd66cbcc62bdbf9fc2ee1af8025ae1f1b
INFO: [ app_init ] --START--
INFO: Run Behavior\BuildLiteBehavior [ RunTime:0.000012s ]
INFO: [ app_init ] --END-- [ RunTime:0.000081s ]
INFO: [ app_begin ] --START--
INFO: Run Behavior\ReadHtmlCacheBehavior [ RunTime:0.000045s ]
INFO: [ app_begin ] --END-- [ RunTime:0.000079s ]
NOTIC: [2048] Declaration of Home\Controller\IndexController::show() should be compatible with Think\Controller::show($content, $charset = '', $contentType = '', $prefix = '') /data/wwwroot/bjx.cheerskeji.com/singcms/Application/Home/Controller/IndexController.class.php 第 0 行.
NOTIC: [8] Undefined index: echostr /data/wwwroot/bjx.cheerskeji.com/singcms/Application/Home/Controller/IndexController.class.php 第 23 行.

[ 2016-10-16T13:52:57+08:00 ] 222.201.173.110 /singcms/index.php/home/index/getWebAccessToken?code=021p1xWJ1oxt180V0RWJ1CpzWJ1p1xWo&state=123
INFO: [ app_init ] --START--
INFO: Run Behavior\BuildLiteBehavior [ RunTime:0.000016s ]
INFO: [ app_init ] --END-- [ RunTime:0.000115s ]
INFO: [ app_begin ] --START--
INFO: Run Behavior\ReadHtmlCacheBehavior [ RunTime:0.000053s ]
INFO: [ app_begin ] --END-- [ RunTime:0.000100s ]
NOTIC: [2048] Declaration of Home\Controller\IndexController::show() should be compatible with Think\Controller::show($content, $charset = '', $contentType = '', $prefix = '') /data/wwwroot/bjx.cheerskeji.com/singcms/Application/Home/Controller/IndexController.class.php 第 0 行.
SQL: SHOW COLUMNS FROM `yingchao_user_wx` [ RunTime:0.0009s ]
NOTIC: [2] curl_error(): 2 is not a valid cURL handle resource /data/wwwroot/bjx.cheerskeji.com/singcms/Application/Home/Controller/IndexController.class.php 第 187 行.
SQL: SELECT * FROM `yingchao_user_wx` WHERE ( openid='okIYdw_7fZAjxv53mPS0TC0NRDLU' ) LIMIT 1   [ RunTime:0.0005s ]
NOTIC: [2] curl_error(): 3 is not a valid cURL handle resource /data/wwwroot/bjx.cheerskeji.com/singcms/Application/Home/Controller/IndexController.class.php 第 187 行.
ERR: 1062:Duplicate entry '123' for key 'PRIMARY'
 [ SQL语句 ] : INSERT INTO `yingchao_user_wx` (`id`,`openid`,`nickname`,`city`,`province`,`country`,`headimgurl`) VALUES ('123','okIYdw_7fZAjxv53mPS0TC0NRDLU','黄燕羊','揭阳','广东','中国','http://wx.qlogo.cn/mmopen/hY27mWElzQviazhL5Esd2hQ1jeicO58nYeFzibfWhaDrvKH2pL2a1NKYCiayYAYJsZUbFTmGXiaBAxMFWcnVIhgfic839aCpZCSY6D/0')
ERR: 1062:Duplicate entry '123' for key 'PRIMARY'
 [ SQL语句 ] : INSERT INTO `yingchao_user_wx` (`id`,`openid`,`nickname`,`city`,`province`,`country`,`headimgurl`) VALUES ('123','okIYdw_7fZAjxv53mPS0TC0NRDLU','黄燕羊','揭阳','广东','中国','http://wx.qlogo.cn/mmopen/hY27mWElzQviazhL5Esd2hQ1jeicO58nYeFzibfWhaDrvKH2pL2a1NKYCiayYAYJsZUbFTmGXiaBAxMFWcnVIhgfic839aCpZCSY6D/0')

[ 2016-10-16T13:53:09+08:00 ] 222.201.173.110 /singcms/index.php?m=home&c=index&a=showsignup
INFO: [ app_init ] --START--
INFO: Run Behavior\BuildLiteBehavior [ RunTime:0.000012s ]
INFO: [ app_init ] --END-- [ RunTime:0.000101s ]
INFO: [ app_begin ] --START--
INFO: Run Behavior\ReadHtmlCacheBehavior [ RunTime:0.000044s ]
INFO: [ app_begin ] --END-- [ RunTime:0.000080s ]
NOTIC: [2048] Declaration of Home\Controller\IndexController::show() should be compatible with Think\Controller::show($content, $charset = '', $contentType = '', $prefix = '') /data/wwwroot/bjx.cheerskeji.com/singcms/Application/Home/Controller/IndexController.class.php 第 0 行.
INFO: [ view_parse ] --START--
INFO: [ template_filter ] --START--
INFO: Run Behavior\ContentReplaceBehavior [ RunTime:0.000040s ]
INFO: [ template_filter ] --END-- [ RunTime:0.000079s ]
INFO: Run Behavior\ParseTemplateBehavior [ RunTime:0.002207s ]
INFO: [ view_parse ] --END-- [ RunTime:0.002262s ]
INFO: [ view_filter ] --START--
INFO: Run Behavior\WriteHtmlCacheBehavior [ RunTime:0.000060s ]
INFO: [ view_filter ] --END-- [ RunTime:0.000107s ]
INFO: [ app_end ] --START--
INFO: Run Behavior\ShowPageTraceBehavior [ RunTime:0.000045s ]
INFO: [ app_end ] --END-- [ RunTime:0.000111s ]

[ 2016-10-16T13:53:09+08:00 ] 140.207.54.74 /singcms/index.php?m=home&signature=a0b55eddd9aa3c377a04383ebcdeb0ea2e6c2458&timestamp=1476597189&nonce=1966127614&openid=okIYdw_7fZAjxv53mPS0TC0NRDLU&encrypt_type=aes&msg_signature=2b751045d5b357ee41f95259e5b14b5030b2e04b
INFO: [ app_init ] --START--
INFO: Run Behavior\BuildLiteBehavior [ RunTime:0.000010s ]
INFO: [ app_init ] --END-- [ RunTime:0.000071s ]
INFO: [ app_begin ] --START--
INFO: Run Behavior\ReadHtmlCacheBehavior [ RunTime:0.000040s ]
INFO: [ app_begin ] --END-- [ RunTime:0.000076s ]
NOTIC: [2048] Declaration of Home\Controller\IndexController::show() should be compatible with Think\Controller::show($content, $charset = '', $contentType = '', $prefix = '') /data/wwwroot/bjx.cheerskeji.com/singcms/Application/Home/Controller/IndexController.class.php 第 0 行.
NOTIC: [8] Undefined index: echostr /data/wwwroot/bjx.cheerskeji.com/singcms/Application/Home/Controller/IndexController.class.php 第 23 行.

[ 2016-10-16T13:53:35+08:00 ] 222.201.173.110 /singcms/index.php/home/index/signup
INFO: [ app_init ] --START--
INFO: Run Behavior\BuildLiteBehavior [ RunTime:0.000012s ]
INFO: [ app_init ] --END-- [ RunTime:0.000082s ]
INFO: [ app_begin ] --START--
INFO: Run Behavior\ReadHtmlCacheBehavior [ RunTime:0.000054s ]
INFO: [ app_begin ] --END-- [ RunTime:0.000102s ]
NOTIC: [2048] Declaration of Home\Controller\IndexController::show() should be compatible with Think\Controller::show($content, $charset = '', $contentType = '', $prefix = '') /data/wwwroot/bjx.cheerskeji.com/singcms/Application/Home/Controller/IndexController.class.php 第 0 行.
SQL: SHOW COLUMNS FROM `yingchao_user_true` [ RunTime:0.0006s ]
SQL: INSERT INTO `yingchao_user_true` (`name`,`trueSex`,`school`,`profession`,`alipay`,`tel`) VALUES ('黄彦扬','男','华南理工大学大学城校区','电子商务','17876435950','15017505834') [ RunTime:0.0003s ]
SQL: SELECT * FROM `yingchao_user_true` WHERE ( name="黄彦扬" ) LIMIT 1   [ RunTime:0.0003s ]
INFO: [ app_end ] --START--
INFO: Run Behavior\ShowPageTraceBehavior [ RunTime:0.000054s ]
INFO: [ app_end ] --END-- [ RunTime:0.000094s ]

[ 2016-10-16T13:53:36+08:00 ] 222.201.173.110 /singcms/index.php/home/index/getWebAccessToken?code=021Fi1G51GIZ4P1afmE51aUYF51Fi1G4&state=11
INFO: [ app_init ] --START--
INFO: Run Behavior\BuildLiteBehavior [ RunTime:0.000013s ]
INFO: [ app_init ] --END-- [ RunTime:0.000100s ]
INFO: [ app_begin ] --START--
INFO: Run Behavior\ReadHtmlCacheBehavior [ RunTime:0.000056s ]
INFO: [ app_begin ] --END-- [ RunTime:0.000097s ]
NOTIC: [2048] Declaration of Home\Controller\IndexController::show() should be compatible with Think\Controller::show($content, $charset = '', $contentType = '', $prefix = '') /data/wwwroot/bjx.cheerskeji.com/singcms/Application/Home/Controller/IndexController.class.php 第 0 行.
SQL: SHOW COLUMNS FROM `yingchao_user_wx` [ RunTime:0.0007s ]
NOTIC: [2] curl_error(): 2 is not a valid cURL handle resource /data/wwwroot/bjx.cheerskeji.com/singcms/Application/Home/Controller/IndexController.class.php 第 187 行.
SQL: SELECT * FROM `yingchao_user_wx` WHERE ( openid='okIYdw_7fZAjxv53mPS0TC0NRDLU' ) LIMIT 1   [ RunTime:0.0002s ]
NOTIC: [2] curl_error(): 3 is not a valid cURL handle resource /data/wwwroot/bjx.cheerskeji.com/singcms/Application/Home/Controller/IndexController.class.php 第 187 行.
SQL: INSERT INTO `yingchao_user_wx` (`id`,`openid`,`nickname`,`city`,`province`,`country`,`headimgurl`) VALUES ('11','okIYdw_7fZAjxv53mPS0TC0NRDLU','黄燕羊','揭阳','广东','中国','http://wx.qlogo.cn/mmopen/hY27mWElzQviazhL5Esd2hQ1jeicO58nYeFzibfWhaDrvKH2pL2a1NKYCiayYAYJsZUbFTmGXiaBAxMFWcnVIhgfic839aCpZCSY6D/0') [ RunTime:0.0007s ]
SQL: SHOW COLUMNS FROM `yingchao_user_true` [ RunTime:0.0006s ]
SQL: SELECT * FROM `yingchao_user_true` WHERE ( id="11" ) LIMIT 1   [ RunTime:0.0003s ]
SQL: SELECT * FROM `yingchao_user_wx` WHERE ( id="11" ) LIMIT 1   [ RunTime:0.0002s ]
INFO: [ view_parse ] --START--
INFO: [ template_filter ] --START--
INFO: Run Behavior\ContentReplaceBehavior [ RunTime:0.000037s ]
INFO: [ template_filter ] --END-- [ RunTime:0.000074s ]
INFO: Run Behavior\ParseTemplateBehavior [ RunTime:0.001825s ]
INFO: [ view_parse ] --END-- [ RunTime:0.001894s ]
INFO: [ view_filter ] --START--
INFO: Run Behavior\WriteHtmlCacheBehavior [ RunTime:0.000057s ]
INFO: [ view_filter ] --END-- [ RunTime:0.000093s ]
INFO: [ app_end ] --START--
INFO: Run Behavior\ShowPageTraceBehavior [ RunTime:0.000046s ]
INFO: [ app_end ] --END-- [ RunTime:0.000090s ]

[ 2016-10-16T13:53:45+08:00 ] 222.201.173.110 /singcms/index.php?m=home&c=index&a=findOpenId
INFO: [ app_init ] --START--
INFO: Run Behavior\BuildLiteBehavior [ RunTime:0.000011s ]
INFO: [ app_init ] --END-- [ RunTime:0.000081s ]
INFO: [ app_begin ] --START--
INFO: Run Behavior\ReadHtmlCacheBehavior [ RunTime:0.000038s ]
INFO: [ app_begin ] --END-- [ RunTime:0.000076s ]
NOTIC: [2048] Declaration of Home\Controller\IndexController::show() should be compatible with Think\Controller::show($content, $charset = '', $contentType = '', $prefix = '') /data/wwwroot/bjx.cheerskeji.com/singcms/Application/Home/Controller/IndexController.class.php 第 0 行.
INFO: [ app_end ] --START--
INFO: Run Behavior\ShowPageTraceBehavior [ RunTime:0.000036s ]
INFO: [ app_end ] --END-- [ RunTime:0.000069s ]

[ 2016-10-16T13:53:45+08:00 ] 222.201.173.110 /singcms/index.php/home/index/getWebAccessToken?code=031rHrPc0aDJAw1LU0Pc0AjsPc0rHrPY&state=123
INFO: [ app_init ] --START--
INFO: Run Behavior\BuildLiteBehavior [ RunTime:0.000012s ]
INFO: [ app_init ] --END-- [ RunTime:0.000092s ]
INFO: [ app_begin ] --START--
INFO: Run Behavior\ReadHtmlCacheBehavior [ RunTime:0.000035s ]
INFO: [ app_begin ] --END-- [ RunTime:0.000072s ]
NOTIC: [2048] Declaration of Home\Controller\IndexController::show() should be compatible with Think\Controller::show($content, $charset = '', $contentType = '', $prefix = '') /data/wwwroot/bjx.cheerskeji.com/singcms/Application/Home/Controller/IndexController.class.php 第 0 行.
SQL: SHOW COLUMNS FROM `yingchao_user_wx` [ RunTime:0.0007s ]
NOTIC: [2] curl_error(): 2 is not a valid cURL handle resource /data/wwwroot/bjx.cheerskeji.com/singcms/Application/Home/Controller/IndexController.class.php 第 187 行.
SQL: SELECT * FROM `yingchao_user_wx` WHERE ( openid='okIYdw_7fZAjxv53mPS0TC0NRDLU' ) LIMIT 1   [ RunTime:0.0005s ]
SQL: SHOW COLUMNS FROM `yingchao_user_true` [ RunTime:0.0005s ]
SQL: SELECT * FROM `yingchao_user_true` WHERE ( id="11" ) LIMIT 1   [ RunTime:0.0001s ]
SQL: SELECT * FROM `yingchao_user_wx` WHERE ( id="11" ) LIMIT 1   [ RunTime:0.0001s ]
INFO: [ view_parse ] --START--
INFO: [ template_filter ] --START--
INFO: Run Behavior\ContentReplaceBehavior [ RunTime:0.000038s ]
INFO: [ template_filter ] --END-- [ RunTime:0.000083s ]
INFO: Run Behavior\ParseTemplateBehavior [ RunTime:0.002020s ]
INFO: [ view_parse ] --END-- [ RunTime:0.002062s ]
INFO: [ view_filter ] --START--
INFO: Run Behavior\WriteHtmlCacheBehavior [ RunTime:0.000041s ]
INFO: [ view_filter ] --END-- [ RunTime:0.000065s ]
INFO: [ app_end ] --START--
INFO: Run Behavior\ShowPageTraceBehavior [ RunTime:0.000031s ]
INFO: [ app_end ] --END-- [ RunTime:0.000056s ]

[ 2016-10-16T13:53:46+08:00 ] 140.207.54.74 /singcms/index.php?m=home&signature=a0d945d2fda80d984fe84b6dd91e7a06ec98e5e6&timestamp=1476597225&nonce=25190540&openid=okIYdw_7fZAjxv53mPS0TC0NRDLU&encrypt_type=aes&msg_signature=0d27fe3948ef1b018261d18c91ad209114a23f4e
INFO: [ app_init ] --START--
INFO: Run Behavior\BuildLiteBehavior [ RunTime:0.000011s ]
INFO: [ app_init ] --END-- [ RunTime:0.000087s ]
INFO: [ app_begin ] --START--
INFO: Run Behavior\ReadHtmlCacheBehavior [ RunTime:0.000037s ]
INFO: [ app_begin ] --END-- [ RunTime:0.000072s ]
NOTIC: [2048] Declaration of Home\Controller\IndexController::show() should be compatible with Think\Controller::show($content, $charset = '', $contentType = '', $prefix = '') /data/wwwroot/bjx.cheerskeji.com/singcms/Application/Home/Controller/IndexController.class.php 第 0 行.
NOTIC: [8] Undefined index: echostr /data/wwwroot/bjx.cheerskeji.com/singcms/Application/Home/Controller/IndexController.class.php 第 23 行.
NOTIC: [8] Undefined index: access_token /data/wwwroot/bjx.cheerskeji.com/singcms/Application/Home/Controller/IndexController.class.php 第 238 行.
NOTIC: [2] curl_error(): 3 is not a valid cURL handle resource /data/wwwroot/bjx.cheerskeji.com/singcms/Application/Home/Controller/IndexController.class.php 第 187 行.
NOTIC: [8] Array to string conversion /data/wwwroot/bjx.cheerskeji.com/singcms/Application/Home/Controller/IndexController.class.php 第 252 行.
NOTIC: [2] curl_error(): 4 is not a valid cURL handle resource /data/wwwroot/bjx.cheerskeji.com/singcms/Application/Home/Controller/IndexController.class.php 第 187 行.
INFO: [ app_end ] --START--
INFO: Run Behavior\ShowPageTraceBehavior [ RunTime:0.000118s ]
INFO: [ app_end ] --END-- [ RunTime:0.000192s ]

[ 2016-10-16T15:45:04+08:00 ] 58.247.206.140 /singcms/index.php?m=home&signature=bb8a891227b76a1b2b39a611c64f68e2813b8385&timestamp=1476603904&nonce=1139942699&openid=okIYdw1dJkQisFW0IM7Ot1bLvJYI&encrypt_type=aes&msg_signature=2a7dfe9cafc0bc46684d8128563a0dcab054a3a7
INFO: [ app_init ] --START--
INFO: Run Behavior\BuildLiteBehavior [ RunTime:0.000011s ]
INFO: [ app_init ] --END-- [ RunTime:0.000090s ]
INFO: [ app_begin ] --START--
INFO: Run Behavior\ReadHtmlCacheBehavior [ RunTime:0.000039s ]
INFO: [ app_begin ] --END-- [ RunTime:0.000073s ]
NOTIC: [2048] Declaration of Home\Controller\IndexController::show() should be compatible with Think\Controller::show($content, $charset = '', $contentType = '', $prefix = '') /data/wwwroot/bjx.cheerskeji.com/singcms/Application/Home/Controller/IndexController.class.php 第 0 行.
NOTIC: [8] Undefined index: echostr /data/wwwroot/bjx.cheerskeji.com/singcms/Application/Home/Controller/IndexController.class.php 第 23 行.

[ 2016-10-16T15:45:05+08:00 ] 223.104.1.242 /singcms/index.php?m=home&c=index&a=showsignup
INFO: [ app_init ] --START--
INFO: Run Behavior\BuildLiteBehavior [ RunTime:0.000011s ]
INFO: [ app_init ] --END-- [ RunTime:0.000083s ]
INFO: [ app_begin ] --START--
INFO: Run Behavior\ReadHtmlCacheBehavior [ RunTime:0.000043s ]
INFO: [ app_begin ] --END-- [ RunTime:0.000077s ]
NOTIC: [2048] Declaration of Home\Controller\IndexController::show() should be compatible with Think\Controller::show($content, $charset = '', $contentType = '', $prefix = '') /data/wwwroot/bjx.cheerskeji.com/singcms/Application/Home/Controller/IndexController.class.php 第 0 行.
INFO: [ view_parse ] --START--
INFO: [ template_filter ] --START--
INFO: Run Behavior\ContentReplaceBehavior [ RunTime:0.000037s ]
INFO: [ template_filter ] --END-- [ RunTime:0.000076s ]
INFO: Run Behavior\ParseTemplateBehavior [ RunTime:0.002395s ]
INFO: [ view_parse ] --END-- [ RunTime:0.002436s ]
INFO: [ view_filter ] --START--
INFO: Run Behavior\WriteHtmlCacheBehavior [ RunTime:0.000050s ]
INFO: [ view_filter ] --END-- [ RunTime:0.000075s ]
INFO: [ app_end ] --START--
INFO: Run Behavior\ShowPageTraceBehavior [ RunTime:0.000040s ]
INFO: [ app_end ] --END-- [ RunTime:0.000068s ]

[ 2016-10-16T15:45:12+08:00 ] 223.104.1.242 /singcms/index.php?m=home&c=index&a=findOpenId
INFO: [ app_init ] --START--
INFO: Run Behavior\BuildLiteBehavior [ RunTime:0.000012s ]
INFO: [ app_init ] --END-- [ RunTime:0.000083s ]
INFO: [ app_begin ] --START--
INFO: Run Behavior\ReadHtmlCacheBehavior [ RunTime:0.000038s ]
INFO: [ app_begin ] --END-- [ RunTime:0.000071s ]
NOTIC: [2048] Declaration of Home\Controller\IndexController::show() should be compatible with Think\Controller::show($content, $charset = '', $contentType = '', $prefix = '') /data/wwwroot/bjx.cheerskeji.com/singcms/Application/Home/Controller/IndexController.class.php 第 0 行.
INFO: [ app_end ] --START--
INFO: Run Behavior\ShowPageTraceBehavior [ RunTime:0.000036s ]
INFO: [ app_end ] --END-- [ RunTime:0.000068s ]

[ 2016-10-16T15:45:13+08:00 ] 58.247.206.150 /singcms/index.php?m=home&signature=b97e60c4cfef9a83034b396a28cc81aceccdb37a&timestamp=1476603912&nonce=164895392&openid=okIYdw1dJkQisFW0IM7Ot1bLvJYI&encrypt_type=aes&msg_signature=10003c264631b2948284332e035d8f98bad47471
INFO: [ app_init ] --START--
INFO: Run Behavior\BuildLiteBehavior [ RunTime:0.000017s ]
INFO: [ app_init ] --END-- [ RunTime:0.000119s ]
INFO: [ app_begin ] --START--
INFO: Run Behavior\ReadHtmlCacheBehavior [ RunTime:0.000040s ]
INFO: [ app_begin ] --END-- [ RunTime:0.000097s ]
NOTIC: [2048] Declaration of Home\Controller\IndexController::show() should be compatible with Think\Controller::show($content, $charset = '', $contentType = '', $prefix = '') /data/wwwroot/bjx.cheerskeji.com/singcms/Application/Home/Controller/IndexController.class.php 第 0 行.
NOTIC: [8] Undefined index: echostr /data/wwwroot/bjx.cheerskeji.com/singcms/Application/Home/Controller/IndexController.class.php 第 23 行.
NOTIC: [8] Undefined index: access_token /data/wwwroot/bjx.cheerskeji.com/singcms/Application/Home/Controller/IndexController.class.php 第 238 行.
NOTIC: [2] curl_error(): 3 is not a valid cURL handle resource /data/wwwroot/bjx.cheerskeji.com/singcms/Application/Home/Controller/IndexController.class.php 第 187 行.
NOTIC: [8] Array to string conversion /data/wwwroot/bjx.cheerskeji.com/singcms/Application/Home/Controller/IndexController.class.php 第 252 行.
NOTIC: [2] curl_error(): 4 is not a valid cURL handle resource /data/wwwroot/bjx.cheerskeji.com/singcms/Application/Home/Controller/IndexController.class.php 第 187 行.
INFO: [ app_end ] --START--
INFO: Run Behavior\ShowPageTraceBehavior [ RunTime:0.000225s ]
INFO: [ app_end ] --END-- [ RunTime:0.000306s ]

[ 2016-10-16T15:45:13+08:00 ] 223.104.1.242 /singcms/index.php/home/index/getWebAccessToken?code=031sAWXG12XU250lP71H1aXWXG1sAWXb&state=123
INFO: [ app_init ] --START--
INFO: Run Behavior\BuildLiteBehavior [ RunTime:0.000018s ]
INFO: [ app_init ] --END-- [ RunTime:0.000129s ]
INFO: [ app_begin ] --START--
INFO: Run Behavior\ReadHtmlCacheBehavior [ RunTime:0.000058s ]
INFO: [ app_begin ] --END-- [ RunTime:0.000114s ]
NOTIC: [2048] Declaration of Home\Controller\IndexController::show() should be compatible with Think\Controller::show($content, $charset = '', $contentType = '', $prefix = '') /data/wwwroot/bjx.cheerskeji.com/singcms/Application/Home/Controller/IndexController.class.php 第 0 行.
SQL: SHOW COLUMNS FROM `yingchao_user_wx` [ RunTime:0.0011s ]
NOTIC: [2] curl_error(): 2 is not a valid cURL handle resource /data/wwwroot/bjx.cheerskeji.com/singcms/Application/Home/Controller/IndexController.class.php 第 187 行.
SQL: SELECT * FROM `yingchao_user_wx` WHERE ( openid='okIYdw1dJkQisFW0IM7Ot1bLvJYI' ) LIMIT 1   [ RunTime:0.0004s ]
NOTIC: [2] curl_error(): 3 is not a valid cURL handle resource /data/wwwroot/bjx.cheerskeji.com/singcms/Application/Home/Controller/IndexController.class.php 第 187 行.
ERR: 1062:Duplicate entry '123' for key 'PRIMARY'
 [ SQL语句 ] : INSERT INTO `yingchao_user_wx` (`id`,`openid`,`nickname`,`city`,`province`,`country`,`headimgurl`) VALUES ('123','okIYdw1dJkQisFW0IM7Ot1bLvJYI','陈涛彬toby','广州','广东','中国','http://wx.qlogo.cn/mmopen/tFu0LW49N3urEXHicS4XcDDzTRW34wuEUzyWtj11BCM2sKGVFpuLkib401FfLtJfcSwiaNFbVIC6RqFTuicjDnVh1Dw08l3PHRsa/0')
ERR: 1062:Duplicate entry '123' for key 'PRIMARY'
 [ SQL语句 ] : INSERT INTO `yingchao_user_wx` (`id`,`openid`,`nickname`,`city`,`province`,`country`,`headimgurl`) VALUES ('123','okIYdw1dJkQisFW0IM7Ot1bLvJYI','陈涛彬toby','广州','广东','中国','http://wx.qlogo.cn/mmopen/tFu0LW49N3urEXHicS4XcDDzTRW34wuEUzyWtj11BCM2sKGVFpuLkib401FfLtJfcSwiaNFbVIC6RqFTuicjDnVh1Dw08l3PHRsa/0')

[ 2016-10-16T23:14:25+08:00 ] 58.247.206.155 /singcms/index.php?m=home&signature=eab47fcab27e2a46fd79223524e0368bd9bbb1b8&timestamp=1476630865&nonce=143998466&openid=okIYdw3gT3x7bZGHCSfp3XqmuAU4&encrypt_type=aes&msg_signature=9dc3f93207f8d77fd73ff15a135711fe0a7b8087
INFO: [ app_init ] --START--
INFO: Run Behavior\BuildLiteBehavior [ RunTime:0.000019s ]
INFO: [ app_init ] --END-- [ RunTime:0.000168s ]
INFO: [ app_begin ] --START--
INFO: Run Behavior\ReadHtmlCacheBehavior [ RunTime:0.000067s ]
INFO: [ app_begin ] --END-- [ RunTime:0.000127s ]
NOTIC: [2048] Declaration of Home\Controller\IndexController::show() should be compatible with Think\Controller::show($content, $charset = '', $contentType = '', $prefix = '') /data/wwwroot/bjx.cheerskeji.com/singcms/Application/Home/Controller/IndexController.class.php 第 0 行.
NOTIC: [8] Undefined index: echostr /data/wwwroot/bjx.cheerskeji.com/singcms/Application/Home/Controller/IndexController.class.php 第 23 行.

[ 2016-10-16T23:14:26+08:00 ] 119.35.73.80 /singcms/index.php?m=home&c=index&a=showsignup
INFO: [ app_init ] --START--
INFO: Run Behavior\BuildLiteBehavior [ RunTime:0.000016s ]
INFO: [ app_init ] --END-- [ RunTime:0.000104s ]
INFO: [ app_begin ] --START--
INFO: Run Behavior\ReadHtmlCacheBehavior [ RunTime:0.000048s ]
INFO: [ app_begin ] --END-- [ RunTime:0.000088s ]
NOTIC: [2048] Declaration of Home\Controller\IndexController::show() should be compatible with Think\Controller::show($content, $charset = '', $contentType = '', $prefix = '') /data/wwwroot/bjx.cheerskeji.com/singcms/Application/Home/Controller/IndexController.class.php 第 0 行.
INFO: [ view_parse ] --START--
INFO: [ template_filter ] --START--
INFO: Run Behavior\ContentReplaceBehavior [ RunTime:0.000041s ]
INFO: [ template_filter ] --END-- [ RunTime:0.000082s ]
INFO: Run Behavior\ParseTemplateBehavior [ RunTime:0.002347s ]
INFO: [ view_parse ] --END-- [ RunTime:0.002399s ]
INFO: [ view_filter ] --START--
INFO: Run Behavior\WriteHtmlCacheBehavior [ RunTime:0.000049s ]
INFO: [ view_filter ] --END-- [ RunTime:0.000078s ]
INFO: [ app_end ] --START--
INFO: Run Behavior\ShowPageTraceBehavior [ RunTime:0.000047s ]
INFO: [ app_end ] --END-- [ RunTime:0.000076s ]

