[ 2016-10-28T11:34:00+08:00 ] 58.247.206.155 /singcms/index.php?m=home&signature=1106941c8f2a954722adcb281ee8eabee94d7726&timestamp=1477625639&nonce=737753879&openid=okIYdw1dJkQisFW0IM7Ot1bLvJYI&encrypt_type=aes&msg_signature=49be8501708fb92c192be6044f79016caa2e8c41
INFO: [ app_init ] --START--
INFO: Run Behavior\BuildLiteBehavior [ RunTime:0.000016s ]
INFO: [ app_init ] --END-- [ RunTime:0.000554s ]
INFO: [ app_begin ] --START--
INFO: Run Behavior\ReadHtmlCacheBehavior [ RunTime:0.000662s ]
INFO: [ app_begin ] --END-- [ RunTime:0.000708s ]
NOTIC: [2048] Declaration of Home\Controller\IndexController::show() should be compatible with Think\Controller::show($content, $charset = '', $contentType = '', $prefix = '') /data/wwwroot/bjx.cheerskeji.com/singcms/Application/Home/Controller/IndexController.class.php 第 0 行.
NOTIC: [8] Undefined index: echostr /data/wwwroot/bjx.cheerskeji.com/singcms/Application/Home/Controller/IndexController.class.php 第 27 行.
NOTIC: [8] Undefined index: access_token /data/wwwroot/bjx.cheerskeji.com/singcms/Application/Home/Controller/IndexController.class.php 第 247 行.
NOTIC: [2] curl_error(): 29 is not a valid cURL handle resource /data/wwwroot/bjx.cheerskeji.com/singcms/Application/Home/Controller/IndexController.class.php 第 193 行.
NOTIC: [8] Array to string conversion /data/wwwroot/bjx.cheerskeji.com/singcms/Application/Home/Controller/IndexController.class.php 第 260 行.
NOTIC: [2] curl_error(): 30 is not a valid cURL handle resource /data/wwwroot/bjx.cheerskeji.com/singcms/Application/Home/Controller/IndexController.class.php 第 193 行.
INFO: [ app_end ] --START--
INFO: Run Behavior\ShowPageTraceBehavior [ RunTime:0.001158s ]
INFO: [ app_end ] --END-- [ RunTime:0.001247s ]

[ 2016-10-28T11:34:06+08:00 ] 117.136.40.135 /singcms/index.php?m=home&c=index&a=showsignup
INFO: [ app_init ] --START--
INFO: Run Behavior\BuildLiteBehavior [ RunTime:0.000018s ]
INFO: [ app_init ] --END-- [ RunTime:0.000168s ]
INFO: [ app_begin ] --START--
INFO: Run Behavior\ReadHtmlCacheBehavior [ RunTime:0.000066s ]
INFO: [ app_begin ] --END-- [ RunTime:0.000123s ]
NOTIC: [2048] Declaration of Home\Controller\IndexController::show() should be compatible with Think\Controller::show($content, $charset = '', $contentType = '', $prefix = '') /data/wwwroot/bjx.cheerskeji.com/singcms/Application/Home/Controller/IndexController.class.php 第 0 行.
INFO: [ app_end ] --START--
INFO: Run Behavior\ShowPageTraceBehavior [ RunTime:0.000048s ]
INFO: [ app_end ] --END-- [ RunTime:0.000091s ]

[ 2016-10-28T11:34:08+08:00 ] 117.136.40.135 /singcms/index.php/home/index/checkIsSignUp?code=041yNbQJ0vgvv32W1TOJ09e7QJ0yNbQd&state=0
INFO: [ app_init ] --START--
INFO: Run Behavior\BuildLiteBehavior [ RunTime:0.000015s ]
INFO: [ app_init ] --END-- [ RunTime:0.000109s ]
INFO: [ app_begin ] --START--
INFO: Run Behavior\ReadHtmlCacheBehavior [ RunTime:0.000053s ]
INFO: [ app_begin ] --END-- [ RunTime:0.000122s ]
NOTIC: [2048] Declaration of Home\Controller\IndexController::show() should be compatible with Think\Controller::show($content, $charset = '', $contentType = '', $prefix = '') /data/wwwroot/bjx.cheerskeji.com/singcms/Application/Home/Controller/IndexController.class.php 第 772279040 行.
SQL: SHOW COLUMNS FROM `yingchao_user_wx` [ RunTime:0.0006s ]
NOTIC: [2] curl_error(): 6 is not a valid cURL handle resource /data/wwwroot/bjx.cheerskeji.com/singcms/Application/Home/Controller/IndexController.class.php 第 193 行.
SQL: SELECT * FROM `yingchao_user_wx` WHERE ( openid='okIYdw1dJkQisFW0IM7Ot1bLvJYI' ) LIMIT 1   [ RunTime:0.0004s ]
INFO: [ view_parse ] --START--
INFO: [ template_filter ] --START--
INFO: Run Behavior\ContentReplaceBehavior [ RunTime:0.000049s ]
INFO: [ template_filter ] --END-- [ RunTime:0.000101s ]
INFO: Run Behavior\ParseTemplateBehavior [ RunTime:0.008331s ]
INFO: [ view_parse ] --END-- [ RunTime:0.008374s ]
INFO: [ view_filter ] --START--
INFO: Run Behavior\WriteHtmlCacheBehavior [ RunTime:0.000264s ]
INFO: [ view_filter ] --END-- [ RunTime:0.000300s ]
INFO: [ app_end ] --START--
INFO: Run Behavior\ShowPageTraceBehavior [ RunTime:0.000053s ]
INFO: [ app_end ] --END-- [ RunTime:0.000108s ]

[ 2016-10-28T11:34:13+08:00 ] 58.247.206.145 /singcms/index.php?m=home&signature=31d1d39757b26405fb59b455ee070cc6b5a49a27&timestamp=1477625652&nonce=378247545&openid=okIYdw1dJkQisFW0IM7Ot1bLvJYI&encrypt_type=aes&msg_signature=8a4084157cca294a8d7c77300ec0a8f0aa6c3700
INFO: [ app_init ] --START--
INFO: Run Behavior\BuildLiteBehavior [ RunTime:0.000019s ]
INFO: [ app_init ] --END-- [ RunTime:0.000128s ]
INFO: [ app_begin ] --START--
INFO: Run Behavior\ReadHtmlCacheBehavior [ RunTime:0.000058s ]
INFO: [ app_begin ] --END-- [ RunTime:0.000122s ]
NOTIC: [2048] Declaration of Home\Controller\IndexController::show() should be compatible with Think\Controller::show($content, $charset = '', $contentType = '', $prefix = '') /data/wwwroot/bjx.cheerskeji.com/singcms/Application/Home/Controller/IndexController.class.php 第 1143958382 行.
NOTIC: [8] Undefined index: echostr /data/wwwroot/bjx.cheerskeji.com/singcms/Application/Home/Controller/IndexController.class.php 第 27 行.
NOTIC: [8] Undefined index: access_token /data/wwwroot/bjx.cheerskeji.com/singcms/Application/Home/Controller/IndexController.class.php 第 247 行.
NOTIC: [2] curl_error(): 3 is not a valid cURL handle resource /data/wwwroot/bjx.cheerskeji.com/singcms/Application/Home/Controller/IndexController.class.php 第 193 行.
NOTIC: [8] Array to string conversion /data/wwwroot/bjx.cheerskeji.com/singcms/Application/Home/Controller/IndexController.class.php 第 260 行.
NOTIC: [2] curl_error(): 4 is not a valid cURL handle resource /data/wwwroot/bjx.cheerskeji.com/singcms/Application/Home/Controller/IndexController.class.php 第 193 行.
INFO: [ app_end ] --START--
INFO: Run Behavior\ShowPageTraceBehavior [ RunTime:0.000099s ]
INFO: [ app_end ] --END-- [ RunTime:0.000151s ]

[ 2016-10-28T11:34:22+08:00 ] 14.121.21.230 /singcms/index.php?m=home&c=index&a=showsignup
INFO: [ app_init ] --START--
INFO: Run Behavior\BuildLiteBehavior [ RunTime:0.000012s ]
INFO: [ app_init ] --END-- [ RunTime:0.000095s ]
INFO: [ app_begin ] --START--
INFO: Run Behavior\ReadHtmlCacheBehavior [ RunTime:0.000039s ]
INFO: [ app_begin ] --END-- [ RunTime:0.000089s ]
NOTIC: [2048] Declaration of Home\Controller\IndexController::show() should be compatible with Think\Controller::show($content, $charset = '', $contentType = '', $prefix = '') /data/wwwroot/bjx.cheerskeji.com/singcms/Application/Home/Controller/IndexController.class.php 第 1178754399 行.
INFO: [ app_end ] --START--
INFO: Run Behavior\ShowPageTraceBehavior [ RunTime:0.000043s ]
INFO: [ app_end ] --END-- [ RunTime:0.000111s ]

[ 2016-10-28T11:34:23+08:00 ] 14.121.21.230 /singcms/index.php/home/index/checkIsSignUp?code=011TiyVV1RUyqU0ExnYV1gAAVV1TiyVL&state=0
INFO: [ app_init ] --START--
INFO: Run Behavior\BuildLiteBehavior [ RunTime:0.000013s ]
INFO: [ app_init ] --END-- [ RunTime:0.000113s ]
INFO: [ app_begin ] --START--
INFO: Run Behavior\ReadHtmlCacheBehavior [ RunTime:0.000039s ]
INFO: [ app_begin ] --END-- [ RunTime:0.000073s ]
NOTIC: [2048] Declaration of Home\Controller\IndexController::show() should be compatible with Think\Controller::show($content, $charset = '', $contentType = '', $prefix = '') /data/wwwroot/bjx.cheerskeji.com/singcms/Application/Home/Controller/IndexController.class.php 第 1178754399 行.
SQL: SHOW COLUMNS FROM `yingchao_user_wx` [ RunTime:0.0007s ]
NOTIC: [2] curl_error(): 2 is not a valid cURL handle resource /data/wwwroot/bjx.cheerskeji.com/singcms/Application/Home/Controller/IndexController.class.php 第 193 行.
SQL: SELECT * FROM `yingchao_user_wx` WHERE ( openid='okIYdw1dJkQisFW0IM7Ot1bLvJYI' ) LIMIT 1   [ RunTime:0.0003s ]
INFO: [ view_parse ] --START--
INFO: [ template_filter ] --START--
INFO: Run Behavior\ContentReplaceBehavior [ RunTime:0.000064s ]
INFO: [ template_filter ] --END-- [ RunTime:0.000141s ]
INFO: Run Behavior\ParseTemplateBehavior [ RunTime:0.003322s ]
INFO: [ view_parse ] --END-- [ RunTime:0.003405s ]
INFO: [ view_filter ] --START--
INFO: Run Behavior\WriteHtmlCacheBehavior [ RunTime:0.000067s ]
INFO: [ view_filter ] --END-- [ RunTime:0.000117s ]
INFO: [ app_end ] --START--
INFO: Run Behavior\ShowPageTraceBehavior [ RunTime:0.000060s ]
INFO: [ app_end ] --END-- [ RunTime:0.000109s ]

[ 2016-10-28T11:34:26+08:00 ] 14.121.21.230 /singcms/index.php/home/index/userList
INFO: [ app_init ] --START--
INFO: Run Behavior\BuildLiteBehavior [ RunTime:0.000013s ]
INFO: [ app_init ] --END-- [ RunTime:0.000102s ]
INFO: [ app_begin ] --START--
INFO: Run Behavior\ReadHtmlCacheBehavior [ RunTime:0.000055s ]
INFO: [ app_begin ] --END-- [ RunTime:0.000098s ]
NOTIC: [2048] Declaration of Home\Controller\IndexController::show() should be compatible with Think\Controller::show($content, $charset = '', $contentType = '', $prefix = '') /data/wwwroot/bjx.cheerskeji.com/singcms/Application/Home/Controller/IndexController.class.php 第 0 行.
NOTIC: [8] Undefined index: info /data/wwwroot/bjx.cheerskeji.com/singcms/Application/Home/Controller/IndexController.class.php 第 412 行.
SQL: SHOW COLUMNS FROM `yingchao_user_true` [ RunTime:0.0006s ]
SQL: SHOW COLUMNS FROM `yingchao_user_wx` [ RunTime:0.0004s ]
SQL: SELECT * FROM `yingchao_user_true` WHERE ( id="67" ) LIMIT 1   [ RunTime:0.0003s ]
SQL: SELECT * FROM `yingchao_user_wx` WHERE ( id="67" ) LIMIT 1   [ RunTime:0.0002s ]
INFO: [ view_parse ] --START--
INFO: [ template_filter ] --START--
INFO: Run Behavior\ContentReplaceBehavior [ RunTime:0.000066s ]
INFO: [ template_filter ] --END-- [ RunTime:0.000117s ]
INFO: Run Behavior\ParseTemplateBehavior [ RunTime:0.008786s ]
INFO: [ view_parse ] --END-- [ RunTime:0.008849s ]
INFO: [ view_filter ] --START--
INFO: Run Behavior\WriteHtmlCacheBehavior [ RunTime:0.000054s ]
INFO: [ view_filter ] --END-- [ RunTime:0.000089s ]
INFO: [ app_end ] --START--
INFO: Run Behavior\ShowPageTraceBehavior [ RunTime:0.000049s ]
INFO: [ app_end ] --END-- [ RunTime:0.000095s ]

[ 2016-10-28T11:34:30+08:00 ] 14.121.21.230 /singcms/index.php/home/user/edit
INFO: [ app_init ] --START--
INFO: Run Behavior\BuildLiteBehavior [ RunTime:0.000014s ]
INFO: [ app_init ] --END-- [ RunTime:0.000111s ]
INFO: [ app_begin ] --START--
INFO: Run Behavior\ReadHtmlCacheBehavior [ RunTime:0.000177s ]
INFO: [ app_begin ] --END-- [ RunTime:0.000227s ]
SQL: SHOW COLUMNS FROM `yingchao_user_true` [ RunTime:0.0006s ]
SQL: SHOW COLUMNS FROM `yingchao_user_wx` [ RunTime:0.0005s ]
SQL: SELECT * FROM `yingchao_user_true` WHERE ( id="67" ) LIMIT 1   [ RunTime:0.0001s ]
SQL: SELECT * FROM `yingchao_user_wx` WHERE ( id="67" ) LIMIT 1   [ RunTime:0.0001s ]
INFO: [ view_parse ] --START--
INFO: [ template_filter ] --START--
INFO: Run Behavior\ContentReplaceBehavior [ RunTime:0.000041s ]
INFO: [ template_filter ] --END-- [ RunTime:0.000079s ]
INFO: Run Behavior\ParseTemplateBehavior [ RunTime:0.002667s ]
INFO: [ view_parse ] --END-- [ RunTime:0.002711s ]
INFO: [ view_filter ] --START--
INFO: Run Behavior\WriteHtmlCacheBehavior [ RunTime:0.000042s ]
INFO: [ view_filter ] --END-- [ RunTime:0.000067s ]
INFO: [ app_end ] --START--
INFO: Run Behavior\ShowPageTraceBehavior [ RunTime:0.000036s ]
INFO: [ app_end ] --END-- [ RunTime:0.000062s ]

[ 2016-10-28T11:35:38+08:00 ] 58.247.206.154 /singcms/index.php?m=home&signature=8169cd2626d8525a4951a093f759e0969cebc81b&timestamp=1477625737&nonce=1841764721&openid=okIYdw1dJkQisFW0IM7Ot1bLvJYI&encrypt_type=aes&msg_signature=1eca6ee5692eb66736b3a33b4bf52676b536efc9
INFO: [ app_init ] --START--
INFO: Run Behavior\BuildLiteBehavior [ RunTime:0.000029s ]
INFO: [ app_init ] --END-- [ RunTime:0.000184s ]
INFO: [ app_begin ] --START--
INFO: Run Behavior\ReadHtmlCacheBehavior [ RunTime:0.000072s ]
INFO: [ app_begin ] --END-- [ RunTime:0.000113s ]
NOTIC: [2048] Declaration of Home\Controller\IndexController::show() should be compatible with Think\Controller::show($content, $charset = '', $contentType = '', $prefix = '') /data/wwwroot/bjx.cheerskeji.com/singcms/Application/Home/Controller/IndexController.class.php 第 28212 行.
NOTIC: [8] Undefined index: echostr /data/wwwroot/bjx.cheerskeji.com/singcms/Application/Home/Controller/IndexController.class.php 第 27 行.

[ 2016-10-28T11:35:38+08:00 ] 14.121.21.230 /singcms/index.php?m=home&c=index&a=showsignup
INFO: [ app_init ] --START--
INFO: Run Behavior\BuildLiteBehavior [ RunTime:0.000018s ]
INFO: [ app_init ] --END-- [ RunTime:0.000118s ]
INFO: [ app_begin ] --START--
INFO: Run Behavior\ReadHtmlCacheBehavior [ RunTime:0.000058s ]
INFO: [ app_begin ] --END-- [ RunTime:0.000106s ]
NOTIC: [2048] Declaration of Home\Controller\IndexController::show() should be compatible with Think\Controller::show($content, $charset = '', $contentType = '', $prefix = '') /data/wwwroot/bjx.cheerskeji.com/singcms/Application/Home/Controller/IndexController.class.php 第 69876320 行.
INFO: [ app_end ] --START--
INFO: Run Behavior\ShowPageTraceBehavior [ RunTime:0.000080s ]
INFO: [ app_end ] --END-- [ RunTime:0.000130s ]

[ 2016-10-28T11:35:39+08:00 ] 14.121.21.230 /singcms/index.php/home/index/checkIsSignUp?code=0313bGpw1N18Jc0evxrw12qypw13bGpY&state=0
INFO: [ app_init ] --START--
INFO: Run Behavior\BuildLiteBehavior [ RunTime:0.000018s ]
INFO: [ app_init ] --END-- [ RunTime:0.000192s ]
INFO: [ app_begin ] --START--
INFO: Run Behavior\ReadHtmlCacheBehavior [ RunTime:0.000094s ]
INFO: [ app_begin ] --END-- [ RunTime:0.000153s ]
NOTIC: [2048] Declaration of Home\Controller\IndexController::show() should be compatible with Think\Controller::show($content, $charset = '', $contentType = '', $prefix = '') /data/wwwroot/bjx.cheerskeji.com/singcms/Application/Home/Controller/IndexController.class.php 第 69876320 行.
SQL: SHOW COLUMNS FROM `yingchao_user_wx` [ RunTime:0.0012s ]
NOTIC: [2] curl_error(): 2 is not a valid cURL handle resource /data/wwwroot/bjx.cheerskeji.com/singcms/Application/Home/Controller/IndexController.class.php 第 193 行.
SQL: SELECT * FROM `yingchao_user_wx` WHERE ( openid='okIYdw1dJkQisFW0IM7Ot1bLvJYI' ) LIMIT 1   [ RunTime:0.0002s ]
INFO: [ view_parse ] --START--
INFO: [ template_filter ] --START--
INFO: Run Behavior\ContentReplaceBehavior [ RunTime:0.000046s ]
INFO: [ template_filter ] --END-- [ RunTime:0.000094s ]
INFO: Run Behavior\ParseTemplateBehavior [ RunTime:0.002401s ]
INFO: [ view_parse ] --END-- [ RunTime:0.002448s ]
INFO: [ view_filter ] --START--
INFO: Run Behavior\WriteHtmlCacheBehavior [ RunTime:0.000054s ]
INFO: [ view_filter ] --END-- [ RunTime:0.000080s ]
INFO: [ app_end ] --START--
INFO: Run Behavior\ShowPageTraceBehavior [ RunTime:0.000089s ]
INFO: [ app_end ] --END-- [ RunTime:0.000120s ]

[ 2016-10-28T11:35:42+08:00 ] 14.121.21.230 /singcms/index.php/home/index/userList
INFO: [ app_init ] --START--
INFO: Run Behavior\BuildLiteBehavior [ RunTime:0.000013s ]
INFO: [ app_init ] --END-- [ RunTime:0.000084s ]
INFO: [ app_begin ] --START--
INFO: Run Behavior\ReadHtmlCacheBehavior [ RunTime:0.000037s ]
INFO: [ app_begin ] --END-- [ RunTime:0.000072s ]
NOTIC: [2048] Declaration of Home\Controller\IndexController::show() should be compatible with Think\Controller::show($content, $charset = '', $contentType = '', $prefix = '') /data/wwwroot/bjx.cheerskeji.com/singcms/Application/Home/Controller/IndexController.class.php 第 0 行.
NOTIC: [8] Undefined index: info /data/wwwroot/bjx.cheerskeji.com/singcms/Application/Home/Controller/IndexController.class.php 第 412 行.
SQL: SHOW COLUMNS FROM `yingchao_user_true` [ RunTime:0.0006s ]
SQL: SHOW COLUMNS FROM `yingchao_user_wx` [ RunTime:0.0004s ]
SQL: SELECT * FROM `yingchao_user_true` WHERE ( id="67" ) LIMIT 1   [ RunTime:0.0001s ]
SQL: SELECT * FROM `yingchao_user_wx` WHERE ( id="67" ) LIMIT 1   [ RunTime:0.0001s ]
INFO: [ view_parse ] --START--
INFO: [ template_filter ] --START--
INFO: Run Behavior\ContentReplaceBehavior [ RunTime:0.000051s ]
INFO: [ template_filter ] --END-- [ RunTime:0.000097s ]
INFO: Run Behavior\ParseTemplateBehavior [ RunTime:0.008078s ]
INFO: [ view_parse ] --END-- [ RunTime:0.008131s ]
INFO: [ view_filter ] --START--
INFO: Run Behavior\WriteHtmlCacheBehavior [ RunTime:0.000057s ]
INFO: [ view_filter ] --END-- [ RunTime:0.000084s ]
INFO: [ app_end ] --START--
INFO: Run Behavior\ShowPageTraceBehavior [ RunTime:0.000045s ]
INFO: [ app_end ] --END-- [ RunTime:0.000082s ]

[ 2016-10-28T11:35:46+08:00 ] 14.121.21.230 /singcms/index.php/home/user/edit
INFO: [ app_init ] --START--
INFO: Run Behavior\BuildLiteBehavior [ RunTime:0.000013s ]
INFO: [ app_init ] --END-- [ RunTime:0.000102s ]
INFO: [ app_begin ] --START--
INFO: Run Behavior\ReadHtmlCacheBehavior [ RunTime:0.000043s ]
INFO: [ app_begin ] --END-- [ RunTime:0.000160s ]
SQL: SHOW COLUMNS FROM `yingchao_user_true` [ RunTime:0.0007s ]
SQL: SHOW COLUMNS FROM `yingchao_user_wx` [ RunTime:0.0005s ]
SQL: SELECT * FROM `yingchao_user_true` WHERE ( id="67" ) LIMIT 1   [ RunTime:0.0001s ]
SQL: SELECT * FROM `yingchao_user_wx` WHERE ( id="67" ) LIMIT 1   [ RunTime:0.0001s ]
INFO: [ view_parse ] --START--
INFO: [ template_filter ] --START--
INFO: Run Behavior\ContentReplaceBehavior [ RunTime:0.000042s ]
INFO: [ template_filter ] --END-- [ RunTime:0.000082s ]
INFO: Run Behavior\ParseTemplateBehavior [ RunTime:0.002976s ]
INFO: [ view_parse ] --END-- [ RunTime:0.003021s ]
INFO: [ view_filter ] --START--
INFO: Run Behavior\WriteHtmlCacheBehavior [ RunTime:0.000040s ]
INFO: [ view_filter ] --END-- [ RunTime:0.000066s ]
INFO: [ app_end ] --START--
INFO: Run Behavior\ShowPageTraceBehavior [ RunTime:0.000035s ]
INFO: [ app_end ] --END-- [ RunTime:0.000060s ]

[ 2016-10-28T11:37:07+08:00 ] 101.226.66.181 /singcms/index.php/home/index/checkIsSignUp
INFO: [ app_init ] --START--
INFO: Run Behavior\BuildLiteBehavior [ RunTime:0.000018s ]
INFO: [ app_init ] --END-- [ RunTime:0.000124s ]
INFO: [ app_begin ] --START--
INFO: Run Behavior\ReadHtmlCacheBehavior [ RunTime:0.000057s ]
INFO: [ app_begin ] --END-- [ RunTime:0.000102s ]
NOTIC: [2048] Declaration of Home\Controller\IndexController::show() should be compatible with Think\Controller::show($content, $charset = '', $contentType = '', $prefix = '') /data/wwwroot/bjx.cheerskeji.com/singcms/Application/Home/Controller/IndexController.class.php 第 0 行.
NOTIC: [8] Undefined index: code /data/wwwroot/bjx.cheerskeji.com/singcms/Application/Home/Controller/IndexController.class.php 第 336 行.
SQL: SHOW COLUMNS FROM `yingchao_user_wx` [ RunTime:0.0006s ]
NOTIC: [2] curl_error(): 2 is not a valid cURL handle resource /data/wwwroot/bjx.cheerskeji.com/singcms/Application/Home/Controller/IndexController.class.php 第 193 行.
NOTIC: [8] Undefined index: openid /data/wwwroot/bjx.cheerskeji.com/singcms/Application/Home/Controller/IndexController.class.php 第 340 行.
SQL: SELECT * FROM `yingchao_user_wx` WHERE ( openid='' ) LIMIT 1   [ RunTime:0.0022s ]
INFO: [ view_parse ] --START--
INFO: [ template_filter ] --START--
INFO: Run Behavior\ContentReplaceBehavior [ RunTime:0.000044s ]
INFO: [ template_filter ] --END-- [ RunTime:0.000087s ]
INFO: Run Behavior\ParseTemplateBehavior [ RunTime:0.004424s ]
INFO: [ view_parse ] --END-- [ RunTime:0.004477s ]
INFO: [ view_filter ] --START--
INFO: Run Behavior\WriteHtmlCacheBehavior [ RunTime:0.000053s ]
INFO: [ view_filter ] --END-- [ RunTime:0.000081s ]
INFO: [ app_end ] --START--
INFO: Run Behavior\ShowPageTraceBehavior [ RunTime:0.000044s ]
INFO: [ app_end ] --END-- [ RunTime:0.000072s ]

[ 2016-10-28T11:37:39+08:00 ] 180.153.201.66 /singcms/index.php/home/user/edit
INFO: [ app_init ] --START--
INFO: Run Behavior\BuildLiteBehavior [ RunTime:0.000017s ]
INFO: [ app_init ] --END-- [ RunTime:0.000106s ]
INFO: [ app_begin ] --START--
INFO: Run Behavior\ReadHtmlCacheBehavior [ RunTime:0.000060s ]
INFO: [ app_begin ] --END-- [ RunTime:0.000113s ]
NOTIC: [8] Undefined index: id /data/wwwroot/bjx.cheerskeji.com/singcms/Application/Home/Controller/UserController.class.php 第 24 行.
SQL: SHOW COLUMNS FROM `yingchao_user_true` [ RunTime:0.0006s ]
SQL: SHOW COLUMNS FROM `yingchao_user_wx` [ RunTime:0.0005s ]
SQL: SELECT * FROM `yingchao_user_true` WHERE ( id="" ) LIMIT 1   [ RunTime:0.0003s ]
SQL: SELECT * FROM `yingchao_user_wx` WHERE ( id="" ) LIMIT 1   [ RunTime:0.0004s ]
INFO: [ view_parse ] --START--
INFO: [ template_filter ] --START--
INFO: Run Behavior\ContentReplaceBehavior [ RunTime:0.000047s ]
INFO: [ template_filter ] --END-- [ RunTime:0.000090s ]
INFO: Run Behavior\ParseTemplateBehavior [ RunTime:0.007671s ]
INFO: [ view_parse ] --END-- [ RunTime:0.007756s ]
INFO: [ view_filter ] --START--
INFO: Run Behavior\WriteHtmlCacheBehavior [ RunTime:0.000061s ]
INFO: [ view_filter ] --END-- [ RunTime:0.000090s ]
INFO: [ app_end ] --START--
INFO: Run Behavior\ShowPageTraceBehavior [ RunTime:0.000050s ]
INFO: [ app_end ] --END-- [ RunTime:0.000078s ]

[ 2016-10-28T11:38:42+08:00 ] 101.226.66.172 /singcms/index.php/home/index/userList
INFO: [ app_init ] --START--
INFO: Run Behavior\BuildLiteBehavior [ RunTime:0.000013s ]
INFO: [ app_init ] --END-- [ RunTime:0.000118s ]
INFO: [ app_begin ] --START--
INFO: Run Behavior\ReadHtmlCacheBehavior [ RunTime:0.000043s ]
INFO: [ app_begin ] --END-- [ RunTime:0.000087s ]
NOTIC: [2048] Declaration of Home\Controller\IndexController::show() should be compatible with Think\Controller::show($content, $charset = '', $contentType = '', $prefix = '') /data/wwwroot/bjx.cheerskeji.com/singcms/Application/Home/Controller/IndexController.class.php 第 3516939389 行.
NOTIC: [8] Undefined index: info /data/wwwroot/bjx.cheerskeji.com/singcms/Application/Home/Controller/IndexController.class.php 第 412 行.
NOTIC: [8] Undefined index: id /data/wwwroot/bjx.cheerskeji.com/singcms/Application/Home/Controller/IndexController.class.php 第 413 行.
SQL: SHOW COLUMNS FROM `yingchao_user_true` [ RunTime:0.0006s ]
SQL: SHOW COLUMNS FROM `yingchao_user_wx` [ RunTime:0.0004s ]
SQL: SELECT * FROM `yingchao_user_true` WHERE ( id="" ) LIMIT 1   [ RunTime:0.0001s ]
SQL: SELECT * FROM `yingchao_user_wx` WHERE ( id="" ) LIMIT 1   [ RunTime:0.0001s ]
INFO: [ view_parse ] --START--
INFO: [ template_filter ] --START--
INFO: Run Behavior\ContentReplaceBehavior [ RunTime:0.000063s ]
INFO: [ template_filter ] --END-- [ RunTime:0.000118s ]
INFO: Run Behavior\ParseTemplateBehavior [ RunTime:0.025885s ]
INFO: [ view_parse ] --END-- [ RunTime:0.025940s ]
INFO: [ view_filter ] --START--
INFO: Run Behavior\WriteHtmlCacheBehavior [ RunTime:0.000059s ]
INFO: [ view_filter ] --END-- [ RunTime:0.000086s ]
INFO: [ app_end ] --START--
INFO: Run Behavior\ShowPageTraceBehavior [ RunTime:0.000045s ]
INFO: [ app_end ] --END-- [ RunTime:0.000076s ]

[ 2016-10-28T12:11:25+08:00 ] 180.153.213.141 /singcms/index.php/home/user/edit
INFO: [ app_init ] --START--
INFO: Run Behavior\BuildLiteBehavior [ RunTime:0.000013s ]
INFO: [ app_init ] --END-- [ RunTime:0.000118s ]
INFO: [ app_begin ] --START--
INFO: Run Behavior\ReadHtmlCacheBehavior [ RunTime:0.000041s ]
INFO: [ app_begin ] --END-- [ RunTime:0.000082s ]
NOTIC: [8] Undefined index: id /data/wwwroot/bjx.cheerskeji.com/singcms/Application/Home/Controller/UserController.class.php 第 24 行.
SQL: SHOW COLUMNS FROM `yingchao_user_true` [ RunTime:0.0006s ]
SQL: SHOW COLUMNS FROM `yingchao_user_wx` [ RunTime:0.0004s ]
SQL: SELECT * FROM `yingchao_user_true` WHERE ( id="" ) LIMIT 1   [ RunTime:0.0001s ]
SQL: SELECT * FROM `yingchao_user_wx` WHERE ( id="" ) LIMIT 1   [ RunTime:0.0001s ]
INFO: [ view_parse ] --START--
INFO: [ template_filter ] --START--
INFO: Run Behavior\ContentReplaceBehavior [ RunTime:0.000039s ]
INFO: [ template_filter ] --END-- [ RunTime:0.000077s ]
INFO: Run Behavior\ParseTemplateBehavior [ RunTime:0.003190s ]
INFO: [ view_parse ] --END-- [ RunTime:0.003240s ]
INFO: [ view_filter ] --START--
INFO: Run Behavior\WriteHtmlCacheBehavior [ RunTime:0.000049s ]
INFO: [ view_filter ] --END-- [ RunTime:0.000076s ]
INFO: [ app_end ] --START--
INFO: Run Behavior\ShowPageTraceBehavior [ RunTime:0.000038s ]
INFO: [ app_end ] --END-- [ RunTime:0.000065s ]

[ 2016-10-28T14:47:42+08:00 ] 140.207.54.74 /singcms/index.php?m=home&signature=cf6a813dc917808884a014bd8491dfdf10054c36&timestamp=1477637262&nonce=1312004528&openid=okIYdw_7fZAjxv53mPS0TC0NRDLU&encrypt_type=aes&msg_signature=7eb5a5987155844bbab930595cbeed9d3f97a632
INFO: [ app_init ] --START--
INFO: Run Behavior\BuildLiteBehavior [ RunTime:0.000013s ]
INFO: [ app_init ] --END-- [ RunTime:0.000092s ]
INFO: [ app_begin ] --START--
INFO: Run Behavior\ReadHtmlCacheBehavior [ RunTime:0.000044s ]
INFO: [ app_begin ] --END-- [ RunTime:0.000081s ]
NOTIC: [2048] Declaration of Home\Controller\IndexController::show() should be compatible with Think\Controller::show($content, $charset = '', $contentType = '', $prefix = '') /data/wwwroot/bjx.cheerskeji.com/singcms/Application/Home/Controller/IndexController.class.php 第 0 行.
NOTIC: [8] Undefined index: echostr /data/wwwroot/bjx.cheerskeji.com/singcms/Application/Home/Controller/IndexController.class.php 第 27 行.

[ 2016-10-28T14:47:42+08:00 ] 183.41.29.221 /singcms/index.php?m=home&c=index&a=findOpenId
INFO: [ app_init ] --START--
INFO: Run Behavior\BuildLiteBehavior [ RunTime:0.000017s ]
INFO: [ app_init ] --END-- [ RunTime:0.000115s ]
INFO: [ app_begin ] --START--
INFO: Run Behavior\ReadHtmlCacheBehavior [ RunTime:0.000064s ]
INFO: [ app_begin ] --END-- [ RunTime:0.000109s ]
NOTIC: [2048] Declaration of Home\Controller\IndexController::show() should be compatible with Think\Controller::show($content, $charset = '', $contentType = '', $prefix = '') /data/wwwroot/bjx.cheerskeji.com/singcms/Application/Home/Controller/IndexController.class.php 第 0 行.
INFO: [ app_end ] --START--
INFO: Run Behavior\ShowPageTraceBehavior [ RunTime:0.000050s ]
INFO: [ app_end ] --END-- [ RunTime:0.000084s ]

[ 2016-10-28T14:47:43+08:00 ] 183.41.29.221 /singcms/index.php/home/index/getWebAccessToken?code=021ecYS20ifrRE1mb4Q20dvUS20ecYSp&state=0
INFO: [ app_init ] --START--
INFO: Run Behavior\BuildLiteBehavior [ RunTime:0.000012s ]
INFO: [ app_init ] --END-- [ RunTime:0.000086s ]
INFO: [ app_begin ] --START--
INFO: Run Behavior\ReadHtmlCacheBehavior [ RunTime:0.000037s ]
INFO: [ app_begin ] --END-- [ RunTime:0.000074s ]
NOTIC: [2048] Declaration of Home\Controller\IndexController::show() should be compatible with Think\Controller::show($content, $charset = '', $contentType = '', $prefix = '') /data/wwwroot/bjx.cheerskeji.com/singcms/Application/Home/Controller/IndexController.class.php 第 0 行.
SQL: SHOW COLUMNS FROM `yingchao_user_wx` [ RunTime:0.0007s ]
NOTIC: [2] curl_error(): 2 is not a valid cURL handle resource /data/wwwroot/bjx.cheerskeji.com/singcms/Application/Home/Controller/IndexController.class.php 第 193 行.
DEBUG: okIYdw_7fZAjxv53mPS0TC0NRDLU
SQL: SELECT * FROM `yingchao_user_wx` WHERE ( openid='okIYdw_7fZAjxv53mPS0TC0NRDLU' ) LIMIT 1   [ RunTime:0.0002s ]
DEBUG: 
SQL: SHOW COLUMNS FROM `yingchao_user_true` [ RunTime:0.0009s ]
SQL: SELECT * FROM `yingchao_user_true` WHERE ( id="70" ) LIMIT 1   [ RunTime:0.0001s ]
SQL: SELECT * FROM `yingchao_user_wx` WHERE ( id="70" ) LIMIT 1   [ RunTime:0.0001s ]
INFO: [ view_parse ] --START--
INFO: [ template_filter ] --START--
INFO: Run Behavior\ContentReplaceBehavior [ RunTime:0.000086s ]
INFO: [ template_filter ] --END-- [ RunTime:0.000176s ]
INFO: Run Behavior\ParseTemplateBehavior [ RunTime:0.011782s ]
INFO: [ view_parse ] --END-- [ RunTime:0.011844s ]
INFO: [ view_filter ] --START--
INFO: Run Behavior\WriteHtmlCacheBehavior [ RunTime:0.000055s ]
INFO: [ view_filter ] --END-- [ RunTime:0.000083s ]
INFO: [ app_end ] --START--
INFO: Run Behavior\ShowPageTraceBehavior [ RunTime:0.000048s ]
INFO: [ app_end ] --END-- [ RunTime:0.000087s ]

[ 2016-10-28T14:50:42+08:00 ] 140.207.185.109 /singcms/index.php/home/index/getWebAccessToken
INFO: [ app_init ] --START--
INFO: Run Behavior\BuildLiteBehavior [ RunTime:0.000019s ]
INFO: [ app_init ] --END-- [ RunTime:0.000119s ]
INFO: [ app_begin ] --START--
INFO: Run Behavior\ReadHtmlCacheBehavior [ RunTime:0.000044s ]
INFO: [ app_begin ] --END-- [ RunTime:0.000083s ]
NOTIC: [2048] Declaration of Home\Controller\IndexController::show() should be compatible with Think\Controller::show($content, $charset = '', $contentType = '', $prefix = '') /data/wwwroot/bjx.cheerskeji.com/singcms/Application/Home/Controller/IndexController.class.php 第 1143958382 行.
NOTIC: [8] Undefined index: code /data/wwwroot/bjx.cheerskeji.com/singcms/Application/Home/Controller/IndexController.class.php 第 373 行.
SQL: SHOW COLUMNS FROM `yingchao_user_wx` [ RunTime:0.0006s ]
NOTIC: [2] curl_error(): 2 is not a valid cURL handle resource /data/wwwroot/bjx.cheerskeji.com/singcms/Application/Home/Controller/IndexController.class.php 第 193 行.
NOTIC: [8] Undefined index: openid /data/wwwroot/bjx.cheerskeji.com/singcms/Application/Home/Controller/IndexController.class.php 第 377 行.
DEBUG: 
SQL: SELECT * FROM `yingchao_user_wx` WHERE ( openid='' ) LIMIT 1   [ RunTime:0.0002s ]
DEBUG: 1
NOTIC: [8] Undefined index: state /data/wwwroot/bjx.cheerskeji.com/singcms/Application/Home/Controller/IndexController.class.php 第 388 行.
NOTIC: [8] Undefined index: access_token /data/wwwroot/bjx.cheerskeji.com/singcms/Application/Home/Controller/IndexController.class.php 第 390 行.
NOTIC: [2] curl_error(): 3 is not a valid cURL handle resource /data/wwwroot/bjx.cheerskeji.com/singcms/Application/Home/Controller/IndexController.class.php 第 193 行.
ERR: 1048:Column 'id' cannot be null
 [ SQL语句 ] : INSERT INTO `yingchao_user_wx` (`id`) VALUES (NULL)
ERR: 1048:Column 'id' cannot be null
 [ SQL语句 ] : INSERT INTO `yingchao_user_wx` (`id`) VALUES (NULL)

[ 2016-10-28T17:53:49+08:00 ] 58.247.206.140 /singcms/index.php?m=home&signature=e0c55d0e4f77e9fcf420e886d99b566eb45881e3&timestamp=1477648429&nonce=1625550057&openid=okIYdw1dJkQisFW0IM7Ot1bLvJYI&encrypt_type=aes&msg_signature=6c2ba193c3d274648f040d0fc1fbdab96e8b8941
INFO: [ app_init ] --START--
INFO: Run Behavior\BuildLiteBehavior [ RunTime:0.000020s ]
INFO: [ app_init ] --END-- [ RunTime:0.000136s ]
INFO: [ app_begin ] --START--
INFO: Run Behavior\ReadHtmlCacheBehavior [ RunTime:0.000041s ]
INFO: [ app_begin ] --END-- [ RunTime:0.000078s ]
NOTIC: [2048] Declaration of Home\Controller\IndexController::show() should be compatible with Think\Controller::show($content, $charset = '', $contentType = '', $prefix = '') /data/wwwroot/bjx.cheerskeji.com/singcms/Application/Home/Controller/IndexController.class.php 第 206649200 行.
NOTIC: [8] Undefined index: echostr /data/wwwroot/bjx.cheerskeji.com/singcms/Application/Home/Controller/IndexController.class.php 第 27 行.

[ 2016-10-28T17:53:51+08:00 ] 117.136.79.16 /singcms/index.php?m=home&c=index&a=showsignup
INFO: [ app_init ] --START--
INFO: Run Behavior\BuildLiteBehavior [ RunTime:0.000011s ]
INFO: [ app_init ] --END-- [ RunTime:0.000076s ]
INFO: [ app_begin ] --START--
INFO: Run Behavior\ReadHtmlCacheBehavior [ RunTime:0.000035s ]
INFO: [ app_begin ] --END-- [ RunTime:0.000071s ]
NOTIC: [2048] Declaration of Home\Controller\IndexController::show() should be compatible with Think\Controller::show($content, $charset = '', $contentType = '', $prefix = '') /data/wwwroot/bjx.cheerskeji.com/singcms/Application/Home/Controller/IndexController.class.php 第 256 行.
INFO: [ app_end ] --START--
INFO: Run Behavior\ShowPageTraceBehavior [ RunTime:0.000054s ]
INFO: [ app_end ] --END-- [ RunTime:0.000087s ]

[ 2016-10-28T17:53:52+08:00 ] 117.136.79.16 /singcms/index.php/home/index/checkIsSignUp?code=0210GKoa1CfbST1casoa1mAJoa10GKof&state=0
INFO: [ app_init ] --START--
INFO: Run Behavior\BuildLiteBehavior [ RunTime:0.000013s ]
INFO: [ app_init ] --END-- [ RunTime:0.000120s ]
INFO: [ app_begin ] --START--
INFO: Run Behavior\ReadHtmlCacheBehavior [ RunTime:0.000059s ]
INFO: [ app_begin ] --END-- [ RunTime:0.000101s ]
NOTIC: [2048] Declaration of Home\Controller\IndexController::show() should be compatible with Think\Controller::show($content, $charset = '', $contentType = '', $prefix = '') /data/wwwroot/bjx.cheerskeji.com/singcms/Application/Home/Controller/IndexController.class.php 第 256 行.
SQL: SHOW COLUMNS FROM `yingchao_user_wx` [ RunTime:0.0007s ]
NOTIC: [2] curl_error(): 2 is not a valid cURL handle resource /data/wwwroot/bjx.cheerskeji.com/singcms/Application/Home/Controller/IndexController.class.php 第 193 行.
SQL: SELECT * FROM `yingchao_user_wx` WHERE ( openid='okIYdw1dJkQisFW0IM7Ot1bLvJYI' ) LIMIT 1   [ RunTime:0.0003s ]
INFO: [ view_parse ] --START--
INFO: [ template_filter ] --START--
INFO: Run Behavior\ContentReplaceBehavior [ RunTime:0.000042s ]
INFO: [ template_filter ] --END-- [ RunTime:0.000085s ]
INFO: Run Behavior\ParseTemplateBehavior [ RunTime:0.002062s ]
INFO: [ view_parse ] --END-- [ RunTime:0.002129s ]
INFO: [ view_filter ] --START--
INFO: Run Behavior\WriteHtmlCacheBehavior [ RunTime:0.000071s ]
INFO: [ view_filter ] --END-- [ RunTime:0.000120s ]
INFO: [ app_end ] --START--
INFO: Run Behavior\ShowPageTraceBehavior [ RunTime:0.000040s ]
INFO: [ app_end ] --END-- [ RunTime:0.000070s ]

[ 2016-10-28T17:53:56+08:00 ] 14.121.21.230 /singcms/index.php/home/index/userList
INFO: [ app_init ] --START--
INFO: Run Behavior\BuildLiteBehavior [ RunTime:0.000014s ]
INFO: [ app_init ] --END-- [ RunTime:0.000093s ]
INFO: [ app_begin ] --START--
INFO: Run Behavior\ReadHtmlCacheBehavior [ RunTime:0.000060s ]
INFO: [ app_begin ] --END-- [ RunTime:0.000113s ]
NOTIC: [2048] Declaration of Home\Controller\IndexController::show() should be compatible with Think\Controller::show($content, $charset = '', $contentType = '', $prefix = '') /data/wwwroot/bjx.cheerskeji.com/singcms/Application/Home/Controller/IndexController.class.php 第 672607632 行.
NOTIC: [8] Undefined index: info /data/wwwroot/bjx.cheerskeji.com/singcms/Application/Home/Controller/IndexController.class.php 第 412 行.
SQL: SHOW COLUMNS FROM `yingchao_user_true` [ RunTime:0.0007s ]
SQL: SHOW COLUMNS FROM `yingchao_user_wx` [ RunTime:0.0006s ]
SQL: SELECT * FROM `yingchao_user_true` WHERE ( id="67" ) LIMIT 1   [ RunTime:0.0001s ]
SQL: SELECT * FROM `yingchao_user_wx` WHERE ( id="67" ) LIMIT 1   [ RunTime:0.0001s ]
INFO: [ view_parse ] --START--
INFO: [ template_filter ] --START--
INFO: Run Behavior\ContentReplaceBehavior [ RunTime:0.000052s ]
INFO: [ template_filter ] --END-- [ RunTime:0.000140s ]
INFO: Run Behavior\ParseTemplateBehavior [ RunTime:0.009375s ]
INFO: [ view_parse ] --END-- [ RunTime:0.009430s ]
INFO: [ view_filter ] --START--
INFO: Run Behavior\WriteHtmlCacheBehavior [ RunTime:0.000043s ]
INFO: [ view_filter ] --END-- [ RunTime:0.000068s ]
INFO: [ app_end ] --START--
INFO: Run Behavior\ShowPageTraceBehavior [ RunTime:0.000077s ]
INFO: [ app_end ] --END-- [ RunTime:0.000128s ]

[ 2016-10-28T17:54:08+08:00 ] 14.121.21.230 /singcms/index.php/home/index/userList
INFO: [ app_init ] --START--
INFO: Run Behavior\BuildLiteBehavior [ RunTime:0.000019s ]
INFO: [ app_init ] --END-- [ RunTime:0.000158s ]
INFO: [ app_begin ] --START--
INFO: Run Behavior\ReadHtmlCacheBehavior [ RunTime:0.000039s ]
INFO: [ app_begin ] --END-- [ RunTime:0.000083s ]
NOTIC: [2048] Declaration of Home\Controller\IndexController::show() should be compatible with Think\Controller::show($content, $charset = '', $contentType = '', $prefix = '') /data/wwwroot/bjx.cheerskeji.com/singcms/Application/Home/Controller/IndexController.class.php 第 0 行.
NOTIC: [8] Undefined index: info /data/wwwroot/bjx.cheerskeji.com/singcms/Application/Home/Controller/IndexController.class.php 第 412 行.
SQL: SHOW COLUMNS FROM `yingchao_user_true` [ RunTime:0.0006s ]
SQL: SHOW COLUMNS FROM `yingchao_user_wx` [ RunTime:0.0005s ]
SQL: SELECT * FROM `yingchao_user_true` WHERE ( id="67" ) LIMIT 1   [ RunTime:0.0001s ]
SQL: SELECT * FROM `yingchao_user_wx` WHERE ( id="67" ) LIMIT 1   [ RunTime:0.0001s ]
INFO: [ view_parse ] --START--
INFO: [ template_filter ] --START--
INFO: Run Behavior\ContentReplaceBehavior [ RunTime:0.000061s ]
INFO: [ template_filter ] --END-- [ RunTime:0.000127s ]
INFO: Run Behavior\ParseTemplateBehavior [ RunTime:0.010126s ]
INFO: [ view_parse ] --END-- [ RunTime:0.010173s ]
INFO: [ view_filter ] --START--
INFO: Run Behavior\WriteHtmlCacheBehavior [ RunTime:0.000054s ]
INFO: [ view_filter ] --END-- [ RunTime:0.000133s ]
INFO: [ app_end ] --START--
INFO: Run Behavior\ShowPageTraceBehavior [ RunTime:0.000073s ]
INFO: [ app_end ] --END-- [ RunTime:0.000138s ]

[ 2016-10-28T17:54:14+08:00 ] 14.121.21.230 /singcms/index.php/home/user/edit
INFO: [ app_init ] --START--
INFO: Run Behavior\BuildLiteBehavior [ RunTime:0.000020s ]
INFO: [ app_init ] --END-- [ RunTime:0.000137s ]
INFO: [ app_begin ] --START--
INFO: Run Behavior\ReadHtmlCacheBehavior [ RunTime:0.000061s ]
INFO: [ app_begin ] --END-- [ RunTime:0.000117s ]
SQL: SHOW COLUMNS FROM `yingchao_user_true` [ RunTime:0.0006s ]
SQL: SHOW COLUMNS FROM `yingchao_user_wx` [ RunTime:0.0005s ]
SQL: SELECT * FROM `yingchao_user_true` WHERE ( id="67" ) LIMIT 1   [ RunTime:0.0001s ]
SQL: SELECT * FROM `yingchao_user_wx` WHERE ( id="67" ) LIMIT 1   [ RunTime:0.0001s ]
INFO: [ view_parse ] --START--
INFO: [ template_filter ] --START--
INFO: Run Behavior\ContentReplaceBehavior [ RunTime:0.000043s ]
INFO: [ template_filter ] --END-- [ RunTime:0.000085s ]
INFO: Run Behavior\ParseTemplateBehavior [ RunTime:0.003517s ]
INFO: [ view_parse ] --END-- [ RunTime:0.003580s ]
INFO: [ view_filter ] --START--
INFO: Run Behavior\WriteHtmlCacheBehavior [ RunTime:0.000073s ]
INFO: [ view_filter ] --END-- [ RunTime:0.000103s ]
INFO: [ app_end ] --START--
INFO: Run Behavior\ShowPageTraceBehavior [ RunTime:0.000040s ]
INFO: [ app_end ] --END-- [ RunTime:0.000067s ]

[ 2016-10-28T17:57:24+08:00 ] 58.247.206.139 /singcms/index.php?m=home&signature=86b485b763a7b8f3a5cb94e7aed63ed756570dc2&timestamp=1477648644&nonce=1381960725&openid=okIYdw1dJkQisFW0IM7Ot1bLvJYI&encrypt_type=aes&msg_signature=efeb5650bbe0e10062c76f9ad9d301adec6fba9e
INFO: [ app_init ] --START--
INFO: Run Behavior\BuildLiteBehavior [ RunTime:0.000019s ]
INFO: [ app_init ] --END-- [ RunTime:0.000139s ]
INFO: [ app_begin ] --START--
INFO: Run Behavior\ReadHtmlCacheBehavior [ RunTime:0.000061s ]
INFO: [ app_begin ] --END-- [ RunTime:0.000121s ]
NOTIC: [2048] Declaration of Home\Controller\IndexController::show() should be compatible with Think\Controller::show($content, $charset = '', $contentType = '', $prefix = '') /data/wwwroot/bjx.cheerskeji.com/singcms/Application/Home/Controller/IndexController.class.php 第 210301664 行.
NOTIC: [8] Undefined index: echostr /data/wwwroot/bjx.cheerskeji.com/singcms/Application/Home/Controller/IndexController.class.php 第 27 行.

[ 2016-10-28T17:57:24+08:00 ] 14.121.21.230 /singcms/index.php?m=home&c=index&a=showsignup
INFO: [ app_init ] --START--
INFO: Run Behavior\BuildLiteBehavior [ RunTime:0.000012s ]
INFO: [ app_init ] --END-- [ RunTime:0.000078s ]
INFO: [ app_begin ] --START--
INFO: Run Behavior\ReadHtmlCacheBehavior [ RunTime:0.000037s ]
INFO: [ app_begin ] --END-- [ RunTime:0.000072s ]
NOTIC: [2048] Declaration of Home\Controller\IndexController::show() should be compatible with Think\Controller::show($content, $charset = '', $contentType = '', $prefix = '') /data/wwwroot/bjx.cheerskeji.com/singcms/Application/Home/Controller/IndexController.class.php 第 0 行.
INFO: [ app_end ] --START--
INFO: Run Behavior\ShowPageTraceBehavior [ RunTime:0.000041s ]
INFO: [ app_end ] --END-- [ RunTime:0.000075s ]

[ 2016-10-28T17:57:25+08:00 ] 14.121.21.230 /singcms/index.php/home/index/checkIsSignUp?code=02173i8c0adnWv13KT7c0VYj8c073i8-&state=0
INFO: [ app_init ] --START--
INFO: Run Behavior\BuildLiteBehavior [ RunTime:0.000013s ]
INFO: [ app_init ] --END-- [ RunTime:0.000082s ]
INFO: [ app_begin ] --START--
INFO: Run Behavior\ReadHtmlCacheBehavior [ RunTime:0.000040s ]
INFO: [ app_begin ] --END-- [ RunTime:0.000075s ]
NOTIC: [2048] Declaration of Home\Controller\IndexController::show() should be compatible with Think\Controller::show($content, $charset = '', $contentType = '', $prefix = '') /data/wwwroot/bjx.cheerskeji.com/singcms/Application/Home/Controller/IndexController.class.php 第 0 行.
SQL: SHOW COLUMNS FROM `yingchao_user_wx` [ RunTime:0.0006s ]
NOTIC: [2] curl_error(): 2 is not a valid cURL handle resource /data/wwwroot/bjx.cheerskeji.com/singcms/Application/Home/Controller/IndexController.class.php 第 193 行.
SQL: SELECT * FROM `yingchao_user_wx` WHERE ( openid='okIYdw1dJkQisFW0IM7Ot1bLvJYI' ) LIMIT 1   [ RunTime:0.0002s ]
INFO: [ view_parse ] --START--
INFO: [ template_filter ] --START--
INFO: Run Behavior\ContentReplaceBehavior [ RunTime:0.000041s ]
INFO: [ template_filter ] --END-- [ RunTime:0.000081s ]
INFO: Run Behavior\ParseTemplateBehavior [ RunTime:0.001942s ]
INFO: [ view_parse ] --END-- [ RunTime:0.001996s ]
INFO: [ view_filter ] --START--
INFO: Run Behavior\WriteHtmlCacheBehavior [ RunTime:0.000080s ]
INFO: [ view_filter ] --END-- [ RunTime:0.000122s ]
INFO: [ app_end ] --START--
INFO: Run Behavior\ShowPageTraceBehavior [ RunTime:0.000036s ]
INFO: [ app_end ] --END-- [ RunTime:0.000062s ]

[ 2016-10-28T17:57:28+08:00 ] 14.121.21.230 /singcms/index.php/home/index/userList
INFO: [ app_init ] --START--
INFO: Run Behavior\BuildLiteBehavior [ RunTime:0.000013s ]
INFO: [ app_init ] --END-- [ RunTime:0.000088s ]
INFO: [ app_begin ] --START--
INFO: Run Behavior\ReadHtmlCacheBehavior [ RunTime:0.000085s ]
INFO: [ app_begin ] --END-- [ RunTime:0.000142s ]
NOTIC: [2048] Declaration of Home\Controller\IndexController::show() should be compatible with Think\Controller::show($content, $charset = '', $contentType = '', $prefix = '') /data/wwwroot/bjx.cheerskeji.com/singcms/Application/Home/Controller/IndexController.class.php 第 0 行.
NOTIC: [8] Undefined index: info /data/wwwroot/bjx.cheerskeji.com/singcms/Application/Home/Controller/IndexController.class.php 第 412 行.
SQL: SHOW COLUMNS FROM `yingchao_user_true` [ RunTime:0.0010s ]
SQL: SHOW COLUMNS FROM `yingchao_user_wx` [ RunTime:0.0005s ]
SQL: SELECT * FROM `yingchao_user_true` WHERE ( id="67" ) LIMIT 1   [ RunTime:0.0001s ]
SQL: SELECT * FROM `yingchao_user_wx` WHERE ( id="67" ) LIMIT 1   [ RunTime:0.0001s ]
INFO: [ view_parse ] --START--
INFO: [ template_filter ] --START--
INFO: Run Behavior\ContentReplaceBehavior [ RunTime:0.000072s ]
INFO: [ template_filter ] --END-- [ RunTime:0.000140s ]
INFO: Run Behavior\ParseTemplateBehavior [ RunTime:0.010365s ]
INFO: [ view_parse ] --END-- [ RunTime:0.010417s ]
INFO: [ view_filter ] --START--
INFO: Run Behavior\WriteHtmlCacheBehavior [ RunTime:0.000052s ]
INFO: [ view_filter ] --END-- [ RunTime:0.000080s ]
INFO: [ app_end ] --START--
INFO: Run Behavior\ShowPageTraceBehavior [ RunTime:0.000061s ]
INFO: [ app_end ] --END-- [ RunTime:0.000108s ]

[ 2016-10-28T17:57:30+08:00 ] 14.121.21.230 /singcms/index.php/home/user/edit
INFO: [ app_init ] --START--
INFO: Run Behavior\BuildLiteBehavior [ RunTime:0.000013s ]
INFO: [ app_init ] --END-- [ RunTime:0.000084s ]
INFO: [ app_begin ] --START--
INFO: Run Behavior\ReadHtmlCacheBehavior [ RunTime:0.000037s ]
INFO: [ app_begin ] --END-- [ RunTime:0.000072s ]
SQL: SHOW COLUMNS FROM `yingchao_user_true` [ RunTime:0.0007s ]
SQL: SHOW COLUMNS FROM `yingchao_user_wx` [ RunTime:0.0004s ]
SQL: SELECT * FROM `yingchao_user_true` WHERE ( id="67" ) LIMIT 1   [ RunTime:0.0001s ]
SQL: SELECT * FROM `yingchao_user_wx` WHERE ( id="67" ) LIMIT 1   [ RunTime:0.0001s ]
INFO: [ view_parse ] --START--
INFO: [ template_filter ] --START--
INFO: Run Behavior\ContentReplaceBehavior [ RunTime:0.000040s ]
INFO: [ template_filter ] --END-- [ RunTime:0.000076s ]
INFO: Run Behavior\ParseTemplateBehavior [ RunTime:0.002726s ]
INFO: [ view_parse ] --END-- [ RunTime:0.002775s ]
INFO: [ view_filter ] --START--
INFO: Run Behavior\WriteHtmlCacheBehavior [ RunTime:0.000070s ]
INFO: [ view_filter ] --END-- [ RunTime:0.000137s ]
INFO: [ app_end ] --START--
INFO: Run Behavior\ShowPageTraceBehavior [ RunTime:0.000043s ]
INFO: [ app_end ] --END-- [ RunTime:0.000091s ]

[ 2016-10-28T17:57:44+08:00 ] 61.151.226.191 /singcms/index.php?m=home&c=index&a=showsignup
INFO: [ app_init ] --START--
INFO: Run Behavior\BuildLiteBehavior [ RunTime:0.000012s ]
INFO: [ app_init ] --END-- [ RunTime:0.000083s ]
INFO: [ app_begin ] --START--
INFO: Run Behavior\ReadHtmlCacheBehavior [ RunTime:0.000054s ]
INFO: [ app_begin ] --END-- [ RunTime:0.000100s ]
NOTIC: [2048] Declaration of Home\Controller\IndexController::show() should be compatible with Think\Controller::show($content, $charset = '', $contentType = '', $prefix = '') /data/wwwroot/bjx.cheerskeji.com/singcms/Application/Home/Controller/IndexController.class.php 第 0 行.
INFO: [ app_end ] --START--
INFO: Run Behavior\ShowPageTraceBehavior [ RunTime:0.000042s ]
INFO: [ app_end ] --END-- [ RunTime:0.000079s ]

[ 2016-10-28T17:57:47+08:00 ] 101.226.33.203 /singcms/index.php/home/index/userList
INFO: [ app_init ] --START--
INFO: Run Behavior\BuildLiteBehavior [ RunTime:0.000012s ]
INFO: [ app_init ] --END-- [ RunTime:0.000085s ]
INFO: [ app_begin ] --START--
INFO: Run Behavior\ReadHtmlCacheBehavior [ RunTime:0.000042s ]
INFO: [ app_begin ] --END-- [ RunTime:0.000081s ]
NOTIC: [2048] Declaration of Home\Controller\IndexController::show() should be compatible with Think\Controller::show($content, $charset = '', $contentType = '', $prefix = '') /data/wwwroot/bjx.cheerskeji.com/singcms/Application/Home/Controller/IndexController.class.php 第 0 行.
NOTIC: [8] Undefined index: info /data/wwwroot/bjx.cheerskeji.com/singcms/Application/Home/Controller/IndexController.class.php 第 412 行.
NOTIC: [8] Undefined index: id /data/wwwroot/bjx.cheerskeji.com/singcms/Application/Home/Controller/IndexController.class.php 第 413 行.
SQL: SHOW COLUMNS FROM `yingchao_user_true` [ RunTime:0.0007s ]
SQL: SHOW COLUMNS FROM `yingchao_user_wx` [ RunTime:0.0005s ]
SQL: SELECT * FROM `yingchao_user_true` WHERE ( id="" ) LIMIT 1   [ RunTime:0.0001s ]
SQL: SELECT * FROM `yingchao_user_wx` WHERE ( id="" ) LIMIT 1   [ RunTime:0.0001s ]
INFO: [ view_parse ] --START--
INFO: [ template_filter ] --START--
INFO: Run Behavior\ContentReplaceBehavior [ RunTime:0.000051s ]
INFO: [ template_filter ] --END-- [ RunTime:0.000095s ]
INFO: Run Behavior\ParseTemplateBehavior [ RunTime:0.009613s ]
INFO: [ view_parse ] --END-- [ RunTime:0.009659s ]
INFO: [ view_filter ] --START--
INFO: Run Behavior\WriteHtmlCacheBehavior [ RunTime:0.000045s ]
INFO: [ view_filter ] --END-- [ RunTime:0.000070s ]
INFO: [ app_end ] --START--
INFO: Run Behavior\ShowPageTraceBehavior [ RunTime:0.000036s ]
INFO: [ app_end ] --END-- [ RunTime:0.000062s ]

