[ 2016-10-17T16:41:30+08:00 ] 14.145.34.251 /singcms/admin.php
INFO: [ app_init ] --START--
INFO: Run Behavior\BuildLiteBehavior [ RunTime:0.000016s ]
INFO: [ app_init ] --END-- [ RunTime:0.000113s ]
INFO: [ app_begin ] --START--
INFO: Run Behavior\ReadHtmlCacheBehavior [ RunTime:0.000044s ]
INFO: [ app_begin ] --END-- [ RunTime:0.000081s ]
INFO: [ view_parse ] --START--
INFO: [ template_filter ] --START--
INFO: Run Behavior\ContentReplaceBehavior [ RunTime:0.000059s ]
INFO: [ template_filter ] --END-- [ RunTime:0.000107s ]
NOTIC: [2048] Declaration of Common\Model\MenuModel::find() should be compatible with Think\Model::find($options = Array) /data/wwwroot/bjx.cheerskeji.com/singcms/Application/Common/Model/MenuModel.class.php 第 4 行.
ERR: 1146:Table 'yingchaofuwu.yingchao_menu' doesn't exist
 [ SQL语句 ] : SHOW COLUMNS FROM `yingchao_menu`
ERR: 1146:Table 'yingchaofuwu.yingchao_menu' doesn't exist
 [ SQL语句 ] : SHOW COLUMNS FROM `yingchao_menu`

[ 2016-10-17T17:18:33+08:00 ] 14.145.34.251 /singcms/admin.php
INFO: [ app_init ] --START--
INFO: Run Behavior\BuildLiteBehavior [ RunTime:0.000013s ]
INFO: [ app_init ] --END-- [ RunTime:0.000104s ]
INFO: [ app_begin ] --START--
INFO: Run Behavior\ReadHtmlCacheBehavior [ RunTime:0.000071s ]
INFO: [ app_begin ] --END-- [ RunTime:0.000137s ]
INFO: [ view_parse ] --START--
INFO: [ template_filter ] --START--
INFO: Run Behavior\ContentReplaceBehavior [ RunTime:0.000043s ]
INFO: [ template_filter ] --END-- [ RunTime:0.000091s ]
NOTIC: [2048] Declaration of Common\Model\MenuModel::find() should be compatible with Think\Model::find($options = Array) /data/wwwroot/bjx.cheerskeji.com/singcms/Application/Common/Model/MenuModel.class.php 第 4 行.
ERR: 1146:Table 'yingchaofuwu.yingchao_menu' doesn't exist
 [ SQL语句 ] : SHOW COLUMNS FROM `yingchao_menu`
ERR: 1146:Table 'yingchaofuwu.yingchao_menu' doesn't exist
 [ SQL语句 ] : SHOW COLUMNS FROM `yingchao_menu`

[ 2016-10-17T17:20:23+08:00 ] 14.145.34.251 /singcms/admin.php
INFO: [ app_init ] --START--
INFO: Run Behavior\BuildLiteBehavior [ RunTime:0.000012s ]
INFO: [ app_init ] --END-- [ RunTime:0.000092s ]
INFO: [ app_begin ] --START--
INFO: Run Behavior\ReadHtmlCacheBehavior [ RunTime:0.000049s ]
INFO: [ app_begin ] --END-- [ RunTime:0.000087s ]
INFO: [ view_parse ] --START--
INFO: [ template_filter ] --START--
INFO: Run Behavior\ContentReplaceBehavior [ RunTime:0.000039s ]
INFO: [ template_filter ] --END-- [ RunTime:0.000088s ]
NOTIC: [2048] Declaration of Common\Model\MenuModel::find() should be compatible with Think\Model::find($options = Array) /data/wwwroot/bjx.cheerskeji.com/singcms/Application/Common/Model/MenuModel.class.php 第 4 行.
ERR: SQLSTATE[HY000] [1049] Unknown database 'singcms'

[ 2016-10-17T17:20:45+08:00 ] 14.145.34.251 /singcms/admin.php
INFO: [ app_init ] --START--
INFO: Run Behavior\BuildLiteBehavior [ RunTime:0.000016s ]
INFO: [ app_init ] --END-- [ RunTime:0.000125s ]
INFO: [ app_begin ] --START--
INFO: Run Behavior\ReadHtmlCacheBehavior [ RunTime:0.000066s ]
INFO: [ app_begin ] --END-- [ RunTime:0.000121s ]
INFO: [ view_parse ] --START--
INFO: [ template_filter ] --START--
INFO: Run Behavior\ContentReplaceBehavior [ RunTime:0.000045s ]
INFO: [ template_filter ] --END-- [ RunTime:0.000116s ]
NOTIC: [2048] Declaration of Common\Model\MenuModel::find() should be compatible with Think\Model::find($options = Array) /data/wwwroot/bjx.cheerskeji.com/singcms/Application/Common/Model/MenuModel.class.php 第 4 行.
ERR: SQLSTATE[HY000] [1049] Unknown database 'singcms'

[ 2016-10-17T17:20:49+08:00 ] 14.145.34.251 /singcms/admin.php
INFO: [ app_init ] --START--
INFO: Run Behavior\BuildLiteBehavior [ RunTime:0.000011s ]
INFO: [ app_init ] --END-- [ RunTime:0.000080s ]
INFO: [ app_begin ] --START--
INFO: Run Behavior\ReadHtmlCacheBehavior [ RunTime:0.000039s ]
INFO: [ app_begin ] --END-- [ RunTime:0.000071s ]
INFO: [ view_parse ] --START--
INFO: [ template_filter ] --START--
INFO: Run Behavior\ContentReplaceBehavior [ RunTime:0.000042s ]
INFO: [ template_filter ] --END-- [ RunTime:0.000083s ]
NOTIC: [2048] Declaration of Common\Model\MenuModel::find() should be compatible with Think\Model::find($options = Array) /data/wwwroot/bjx.cheerskeji.com/singcms/Application/Common/Model/MenuModel.class.php 第 4 行.
ERR: SQLSTATE[HY000] [1049] Unknown database 'singcms'

[ 2016-10-17T17:21:15+08:00 ] 14.145.34.251 /singcms/admin.php
INFO: [ app_init ] --START--
INFO: Run Behavior\BuildLiteBehavior [ RunTime:0.000018s ]
INFO: [ app_init ] --END-- [ RunTime:0.000120s ]
INFO: [ app_begin ] --START--
INFO: Run Behavior\ReadHtmlCacheBehavior [ RunTime:0.000057s ]
INFO: [ app_begin ] --END-- [ RunTime:0.000110s ]
INFO: [ view_parse ] --START--
INFO: [ template_filter ] --START--
INFO: Run Behavior\ContentReplaceBehavior [ RunTime:0.000044s ]
INFO: [ template_filter ] --END-- [ RunTime:0.000088s ]
NOTIC: [2048] Declaration of Common\Model\MenuModel::find() should be compatible with Think\Model::find($options = Array) /data/wwwroot/bjx.cheerskeji.com/singcms/Application/Common/Model/MenuModel.class.php 第 4 行.
ERR: SQLSTATE[HY000] [1049] Unknown database 'singcms'

[ 2016-10-17T17:21:47+08:00 ] 14.145.34.251 /singcms/admin.php
INFO: [ app_init ] --START--
INFO: Run Behavior\BuildLiteBehavior [ RunTime:0.000017s ]
INFO: [ app_init ] --END-- [ RunTime:0.000135s ]
INFO: [ app_begin ] --START--
INFO: Run Behavior\ReadHtmlCacheBehavior [ RunTime:0.000072s ]
INFO: [ app_begin ] --END-- [ RunTime:0.000128s ]
INFO: [ view_parse ] --START--
INFO: [ template_filter ] --START--
INFO: Run Behavior\ContentReplaceBehavior [ RunTime:0.000044s ]
INFO: [ template_filter ] --END-- [ RunTime:0.000095s ]
NOTIC: [2048] Declaration of Common\Model\MenuModel::find() should be compatible with Think\Model::find($options = Array) /data/wwwroot/bjx.cheerskeji.com/singcms/Application/Common/Model/MenuModel.class.php 第 4 行.
ERR: SQLSTATE[HY000] [1049] Unknown database 'immoc_singcms'

[ 2016-10-17T17:22:03+08:00 ] 14.145.34.251 /singcms/admin.php
INFO: [ app_init ] --START--
INFO: Run Behavior\BuildLiteBehavior [ RunTime:0.000011s ]
INFO: [ app_init ] --END-- [ RunTime:0.000081s ]
INFO: [ app_begin ] --START--
INFO: Run Behavior\ReadHtmlCacheBehavior [ RunTime:0.000039s ]
INFO: [ app_begin ] --END-- [ RunTime:0.000074s ]
INFO: [ view_parse ] --START--
INFO: [ template_filter ] --START--
INFO: Run Behavior\ContentReplaceBehavior [ RunTime:0.000039s ]
INFO: [ template_filter ] --END-- [ RunTime:0.000081s ]
NOTIC: [2048] Declaration of Common\Model\MenuModel::find() should be compatible with Think\Model::find($options = Array) /data/wwwroot/bjx.cheerskeji.com/singcms/Application/Common/Model/MenuModel.class.php 第 4 行.
ERR: SQLSTATE[HY000] [1049] Unknown database 'immoc_singcms'

[ 2016-10-17T17:22:06+08:00 ] 14.145.34.251 /singcms/admin.php
INFO: [ app_init ] --START--
INFO: Run Behavior\BuildLiteBehavior [ RunTime:0.000012s ]
INFO: [ app_init ] --END-- [ RunTime:0.000096s ]
INFO: [ app_begin ] --START--
INFO: Run Behavior\ReadHtmlCacheBehavior [ RunTime:0.000039s ]
INFO: [ app_begin ] --END-- [ RunTime:0.000071s ]
INFO: [ view_parse ] --START--
INFO: [ template_filter ] --START--
INFO: Run Behavior\ContentReplaceBehavior [ RunTime:0.000040s ]
INFO: [ template_filter ] --END-- [ RunTime:0.000081s ]
NOTIC: [2048] Declaration of Common\Model\MenuModel::find() should be compatible with Think\Model::find($options = Array) /data/wwwroot/bjx.cheerskeji.com/singcms/Application/Common/Model/MenuModel.class.php 第 4 行.
ERR: SQLSTATE[HY000] [1049] Unknown database 'immoc_singcms'

[ 2016-10-17T17:22:16+08:00 ] 14.145.34.251 /singcms/admin.php
INFO: [ app_init ] --START--
INFO: Run Behavior\BuildLiteBehavior [ RunTime:0.000013s ]
INFO: [ app_init ] --END-- [ RunTime:0.000085s ]
INFO: [ app_begin ] --START--
INFO: Run Behavior\ReadHtmlCacheBehavior [ RunTime:0.000049s ]
INFO: [ app_begin ] --END-- [ RunTime:0.000094s ]
INFO: [ view_parse ] --START--
INFO: [ template_filter ] --START--
INFO: Run Behavior\ContentReplaceBehavior [ RunTime:0.000047s ]
INFO: [ template_filter ] --END-- [ RunTime:0.000097s ]
NOTIC: [2048] Declaration of Common\Model\MenuModel::find() should be compatible with Think\Model::find($options = Array) /data/wwwroot/bjx.cheerskeji.com/singcms/Application/Common/Model/MenuModel.class.php 第 4 行.
ERR: SQLSTATE[HY000] [1049] Unknown database 'immoc_singcms'

[ 2016-10-17T17:22:19+08:00 ] 14.145.34.251 /singcms/admin.php
INFO: [ app_init ] --START--
INFO: Run Behavior\BuildLiteBehavior [ RunTime:0.000014s ]
INFO: [ app_init ] --END-- [ RunTime:0.000100s ]
INFO: [ app_begin ] --START--
INFO: Run Behavior\ReadHtmlCacheBehavior [ RunTime:0.000042s ]
INFO: [ app_begin ] --END-- [ RunTime:0.000086s ]
INFO: [ view_parse ] --START--
INFO: [ template_filter ] --START--
INFO: Run Behavior\ContentReplaceBehavior [ RunTime:0.000042s ]
INFO: [ template_filter ] --END-- [ RunTime:0.000083s ]
NOTIC: [2048] Declaration of Common\Model\MenuModel::find() should be compatible with Think\Model::find($options = Array) /data/wwwroot/bjx.cheerskeji.com/singcms/Application/Common/Model/MenuModel.class.php 第 4 行.
ERR: SQLSTATE[HY000] [1049] Unknown database 'immoc_singcms'

[ 2016-10-17T17:22:34+08:00 ] 14.145.34.251 /singcms/admin.php
INFO: [ app_init ] --START--
INFO: Run Behavior\BuildLiteBehavior [ RunTime:0.000012s ]
INFO: [ app_init ] --END-- [ RunTime:0.000084s ]
INFO: [ app_begin ] --START--
INFO: Run Behavior\ReadHtmlCacheBehavior [ RunTime:0.000042s ]
INFO: [ app_begin ] --END-- [ RunTime:0.000077s ]
INFO: [ view_parse ] --START--
INFO: [ template_filter ] --START--
INFO: Run Behavior\ContentReplaceBehavior [ RunTime:0.000044s ]
INFO: [ template_filter ] --END-- [ RunTime:0.000090s ]
NOTIC: [2048] Declaration of Common\Model\MenuModel::find() should be compatible with Think\Model::find($options = Array) /data/wwwroot/bjx.cheerskeji.com/singcms/Application/Common/Model/MenuModel.class.php 第 4 行.
ERR: SQLSTATE[HY000] [1049] Unknown database 'immoc_singcms'

[ 2016-10-17T17:22:37+08:00 ] 14.145.34.251 /singcms/admin.php
INFO: [ app_init ] --START--
INFO: Run Behavior\BuildLiteBehavior [ RunTime:0.000012s ]
INFO: [ app_init ] --END-- [ RunTime:0.000101s ]
INFO: [ app_begin ] --START--
INFO: Run Behavior\ReadHtmlCacheBehavior [ RunTime:0.000038s ]
INFO: [ app_begin ] --END-- [ RunTime:0.000071s ]
INFO: [ view_parse ] --START--
INFO: [ template_filter ] --START--
INFO: Run Behavior\ContentReplaceBehavior [ RunTime:0.000041s ]
INFO: [ template_filter ] --END-- [ RunTime:0.000080s ]
NOTIC: [2048] Declaration of Common\Model\MenuModel::find() should be compatible with Think\Model::find($options = Array) /data/wwwroot/bjx.cheerskeji.com/singcms/Application/Common/Model/MenuModel.class.php 第 4 行.
ERR: SQLSTATE[HY000] [1049] Unknown database 'immoc_singcms'

[ 2016-10-17T17:22:38+08:00 ] 14.145.34.251 /singcms/admin.php
INFO: [ app_init ] --START--
INFO: Run Behavior\BuildLiteBehavior [ RunTime:0.000018s ]
INFO: [ app_init ] --END-- [ RunTime:0.000132s ]
INFO: [ app_begin ] --START--
INFO: Run Behavior\ReadHtmlCacheBehavior [ RunTime:0.000064s ]
INFO: [ app_begin ] --END-- [ RunTime:0.000118s ]
INFO: [ view_parse ] --START--
INFO: [ template_filter ] --START--
INFO: Run Behavior\ContentReplaceBehavior [ RunTime:0.000070s ]
INFO: [ template_filter ] --END-- [ RunTime:0.000141s ]
NOTIC: [2048] Declaration of Common\Model\MenuModel::find() should be compatible with Think\Model::find($options = Array) /data/wwwroot/bjx.cheerskeji.com/singcms/Application/Common/Model/MenuModel.class.php 第 4 行.
ERR: SQLSTATE[HY000] [1049] Unknown database 'immoc_singcms'

[ 2016-10-17T17:22:54+08:00 ] 14.145.34.251 /singcms/admin.php
INFO: [ app_init ] --START--
INFO: Run Behavior\BuildLiteBehavior [ RunTime:0.000012s ]
INFO: [ app_init ] --END-- [ RunTime:0.000095s ]
INFO: [ app_begin ] --START--
INFO: Run Behavior\ReadHtmlCacheBehavior [ RunTime:0.000071s ]
INFO: [ app_begin ] --END-- [ RunTime:0.000128s ]
INFO: [ view_parse ] --START--
INFO: [ template_filter ] --START--
INFO: Run Behavior\ContentReplaceBehavior [ RunTime:0.000042s ]
INFO: [ template_filter ] --END-- [ RunTime:0.000082s ]
NOTIC: [2048] Declaration of Common\Model\MenuModel::find() should be compatible with Think\Model::find($options = Array) /data/wwwroot/bjx.cheerskeji.com/singcms/Application/Common/Model/MenuModel.class.php 第 4 行.
ERR: 1146:Table 'imooc_singcms.yingchao_menu' doesn't exist
 [ SQL语句 ] : SHOW COLUMNS FROM `yingchao_menu`
ERR: 1146:Table 'imooc_singcms.yingchao_menu' doesn't exist
 [ SQL语句 ] : SHOW COLUMNS FROM `yingchao_menu`

[ 2016-10-17T17:23:25+08:00 ] 14.145.34.251 /singcms/admin.php
INFO: [ app_init ] --START--
INFO: Run Behavior\BuildLiteBehavior [ RunTime:0.000011s ]
INFO: [ app_init ] --END-- [ RunTime:0.000081s ]
INFO: [ app_begin ] --START--
INFO: Run Behavior\ReadHtmlCacheBehavior [ RunTime:0.000039s ]
INFO: [ app_begin ] --END-- [ RunTime:0.000072s ]
INFO: [ view_parse ] --START--
INFO: [ template_filter ] --START--
INFO: Run Behavior\ContentReplaceBehavior [ RunTime:0.000042s ]
INFO: [ template_filter ] --END-- [ RunTime:0.000079s ]
NOTIC: [2048] Declaration of Common\Model\MenuModel::find() should be compatible with Think\Model::find($options = Array) /data/wwwroot/bjx.cheerskeji.com/singcms/Application/Common/Model/MenuModel.class.php 第 4 行.
ERR: 1146:Table 'imooc_singcms.yingchao_menu' doesn't exist
 [ SQL语句 ] : SHOW COLUMNS FROM `yingchao_menu`
ERR: 1146:Table 'imooc_singcms.yingchao_menu' doesn't exist
 [ SQL语句 ] : SHOW COLUMNS FROM `yingchao_menu`

[ 2016-10-17T17:23:32+08:00 ] 14.145.34.251 /singcms/admin.php
INFO: [ app_init ] --START--
INFO: Run Behavior\BuildLiteBehavior [ RunTime:0.000013s ]
INFO: [ app_init ] --END-- [ RunTime:0.000090s ]
INFO: [ app_begin ] --START--
INFO: Run Behavior\ReadHtmlCacheBehavior [ RunTime:0.000038s ]
INFO: [ app_begin ] --END-- [ RunTime:0.000073s ]
INFO: [ view_parse ] --START--
INFO: [ template_filter ] --START--
INFO: Run Behavior\ContentReplaceBehavior [ RunTime:0.000069s ]
INFO: [ template_filter ] --END-- [ RunTime:0.000154s ]
NOTIC: [2048] Declaration of Common\Model\MenuModel::find() should be compatible with Think\Model::find($options = Array) /data/wwwroot/bjx.cheerskeji.com/singcms/Application/Common/Model/MenuModel.class.php 第 4 行.
ERR: 1146:Table 'imooc_singcms.yingchao_menu' doesn't exist
 [ SQL语句 ] : SHOW COLUMNS FROM `yingchao_menu`
ERR: 1146:Table 'imooc_singcms.yingchao_menu' doesn't exist
 [ SQL语句 ] : SHOW COLUMNS FROM `yingchao_menu`

[ 2016-10-17T17:23:37+08:00 ] 14.145.34.251 /singcms/admin.php
INFO: [ app_init ] --START--
INFO: Run Behavior\BuildLiteBehavior [ RunTime:0.000030s ]
INFO: [ app_init ] --END-- [ RunTime:0.000144s ]
INFO: [ app_begin ] --START--
INFO: Run Behavior\ReadHtmlCacheBehavior [ RunTime:0.000066s ]
INFO: [ app_begin ] --END-- [ RunTime:0.000125s ]
INFO: [ view_parse ] --START--
INFO: [ template_filter ] --START--
INFO: Run Behavior\ContentReplaceBehavior [ RunTime:0.000073s ]
INFO: [ template_filter ] --END-- [ RunTime:0.000170s ]
NOTIC: [2048] Declaration of Common\Model\MenuModel::find() should be compatible with Think\Model::find($options = Array) /data/wwwroot/bjx.cheerskeji.com/singcms/Application/Common/Model/MenuModel.class.php 第 4 行.
ERR: 1146:Table 'imooc_singcms.yingchao_menu' doesn't exist
 [ SQL语句 ] : SHOW COLUMNS FROM `yingchao_menu`
ERR: 1146:Table 'imooc_singcms.yingchao_menu' doesn't exist
 [ SQL语句 ] : SHOW COLUMNS FROM `yingchao_menu`

[ 2016-10-17T17:23:44+08:00 ] 14.145.34.251 /singcms/admin.php
INFO: [ app_init ] --START--
INFO: Run Behavior\BuildLiteBehavior [ RunTime:0.000012s ]
INFO: [ app_init ] --END-- [ RunTime:0.000081s ]
INFO: [ app_begin ] --START--
INFO: Run Behavior\ReadHtmlCacheBehavior [ RunTime:0.000069s ]
INFO: [ app_begin ] --END-- [ RunTime:0.000108s ]
INFO: [ view_parse ] --START--
INFO: [ template_filter ] --START--
INFO: Run Behavior\ContentReplaceBehavior [ RunTime:0.000042s ]
INFO: [ template_filter ] --END-- [ RunTime:0.000081s ]
NOTIC: [2048] Declaration of Common\Model\MenuModel::find() should be compatible with Think\Model::find($options = Array) /data/wwwroot/bjx.cheerskeji.com/singcms/Application/Common/Model/MenuModel.class.php 第 4 行.
ERR: 1146:Table 'imooc_singcms.yingchao_menu' doesn't exist
 [ SQL语句 ] : SHOW COLUMNS FROM `yingchao_menu`
ERR: 1146:Table 'imooc_singcms.yingchao_menu' doesn't exist
 [ SQL语句 ] : SHOW COLUMNS FROM `yingchao_menu`

[ 2016-10-17T17:24:52+08:00 ] 14.145.34.251 /singcms/admin.php
INFO: [ app_init ] --START--
INFO: Run Behavior\BuildLiteBehavior [ RunTime:0.000012s ]
INFO: [ app_init ] --END-- [ RunTime:0.000089s ]
INFO: [ app_begin ] --START--
INFO: Run Behavior\ReadHtmlCacheBehavior [ RunTime:0.000047s ]
INFO: [ app_begin ] --END-- [ RunTime:0.000084s ]
INFO: [ view_parse ] --START--
INFO: [ template_filter ] --START--
INFO: Run Behavior\ContentReplaceBehavior [ RunTime:0.000042s ]
INFO: [ template_filter ] --END-- [ RunTime:0.000083s ]
NOTIC: [2048] Declaration of Common\Model\MenuModel::find() should be compatible with Think\Model::find($options = Array) /data/wwwroot/bjx.cheerskeji.com/singcms/Application/Common/Model/MenuModel.class.php 第 4 行.
SQL: SHOW COLUMNS FROM `cms_menu` [ RunTime:0.0007s ]
SQL: SELECT * FROM `cms_menu` WHERE `status` <> -1 AND `type` = 1 ORDER BY listorder desc,menu_id desc  [ RunTime:0.0007s ]

