[ 2016-10-05T21:56:56+08:00 ] 127.0.0.1 /singcms/admin.php
INFO: [ app_init ] --START--
INFO: Run Behavior\BuildLiteBehavior [ RunTime:0.000028s ]
INFO: [ app_init ] --END-- [ RunTime:0.000690s ]
INFO: [ app_begin ] --START--
INFO: Run Behavior\ReadHtmlCacheBehavior [ RunTime:0.000789s ]
INFO: [ app_begin ] --END-- [ RunTime:0.000896s ]
INFO: [ view_parse ] --START--
INFO: [ template_filter ] --START--
INFO: Run Behavior\ContentReplaceBehavior [ RunTime:0.000093s ]
INFO: [ template_filter ] --END-- [ RunTime:0.000203s ]
NOTIC: [2048] Declaration of Common\Model\MenuModel::find() should be compatible with that of Think\Model::find() D:\wamp\www\singcms\Application\Common\Model\MenuModel.class.php 第 4 行.
SQL: SHOW COLUMNS FROM `cms_menu` [ RunTime:0.0962s ]
SQL: SELECT * FROM `cms_menu` WHERE `status` <> -1 AND `type` = 1 ORDER BY listorder desc,menu_id desc  [ RunTime:0.0476s ]
INFO: Run Behavior\ParseTemplateBehavior [ RunTime:1.488269s ]
INFO: [ view_parse ] --END-- [ RunTime:1.488403s ]
INFO: [ view_filter ] --START--
INFO: Run Behavior\WriteHtmlCacheBehavior [ RunTime:0.000597s ]
INFO: [ view_filter ] --END-- [ RunTime:0.000705s ]
INFO: [ app_end ] --START--
INFO: Run Behavior\ShowPageTraceBehavior [ RunTime:0.000727s ]
INFO: [ app_end ] --END-- [ RunTime:0.000828s ]

[ 2016-10-05T21:57:02+08:00 ] 127.0.0.1 /singcms/admin.php?c=content
INFO: [ app_init ] --START--
INFO: Run Behavior\BuildLiteBehavior [ RunTime:0.000031s ]
INFO: [ app_init ] --END-- [ RunTime:0.000732s ]
INFO: [ app_begin ] --START--
INFO: Run Behavior\ReadHtmlCacheBehavior [ RunTime:0.000815s ]
INFO: [ app_begin ] --END-- [ RunTime:0.000946s ]
INFO: [ view_parse ] --START--
INFO: [ template_filter ] --START--
INFO: Run Behavior\ContentReplaceBehavior [ RunTime:0.000151s ]
INFO: [ template_filter ] --END-- [ RunTime:0.000273s ]
NOTIC: [2048] Declaration of Common\Model\MenuModel::find() should be compatible with that of Think\Model::find() D:\wamp\www\singcms\Application\Common\Model\MenuModel.class.php 第 4 行.
SQL: SHOW COLUMNS FROM `cms_menu` [ RunTime:0.0089s ]
SQL: SELECT * FROM `cms_menu` WHERE `status` <> -1 AND `type` = 1 ORDER BY listorder desc,menu_id desc  [ RunTime:0.0007s ]
NOTIC: [8] Undefined variable: new D:\wamp\www\singcms\Application\Runtime\Cache\Admin\ccc9ced3ad798311a07cb47b740981c5.php 第 154 行.
INFO: Run Behavior\ParseTemplateBehavior [ RunTime:1.062446s ]
INFO: [ view_parse ] --END-- [ RunTime:1.062569s ]
INFO: [ view_filter ] --START--
INFO: Run Behavior\WriteHtmlCacheBehavior [ RunTime:0.000692s ]
INFO: [ view_filter ] --END-- [ RunTime:0.000818s ]
INFO: [ app_end ] --START--
INFO: Run Behavior\ShowPageTraceBehavior [ RunTime:0.000824s ]
INFO: [ app_end ] --END-- [ RunTime:0.000931s ]

[ 2016-10-05T21:57:04+08:00 ] 127.0.0.1 /singcms/admin.php?c=menu
INFO: [ app_init ] --START--
INFO: Run Behavior\BuildLiteBehavior [ RunTime:0.000028s ]
INFO: [ app_init ] --END-- [ RunTime:0.000644s ]
INFO: [ app_begin ] --START--
INFO: Run Behavior\ReadHtmlCacheBehavior [ RunTime:0.000665s ]
INFO: [ app_begin ] --END-- [ RunTime:0.000775s ]
NOTIC: [8] Undefined index: p D:\wamp\www\singcms\Application\Admin\Controller\MenuController.class.php 第 16 行.
NOTIC: [8] Undefined index: pageSize D:\wamp\www\singcms\Application\Admin\Controller\MenuController.class.php 第 17 行.
NOTIC: [2048] Declaration of Common\Model\MenuModel::find() should be compatible with that of Think\Model::find() D:\wamp\www\singcms\Application\Common\Model\MenuModel.class.php 第 4 行.
SQL: SHOW COLUMNS FROM `cms_menu` [ RunTime:0.0113s ]
SQL: SELECT * FROM `cms_menu` WHERE `status` <> -1 ORDER BY listorder desc,menu_id desc LIMIT 0,5   [ RunTime:0.0126s ]
SQL: SELECT COUNT(*) AS tp_count FROM `cms_menu` WHERE `status` <> -1 LIMIT 1   [ RunTime:0.0059s ]
INFO: [ view_parse ] --START--
INFO: [ template_filter ] --START--
INFO: Run Behavior\ContentReplaceBehavior [ RunTime:0.000096s ]
INFO: [ template_filter ] --END-- [ RunTime:0.000204s ]
SQL: SELECT * FROM `cms_menu` WHERE `status` <> -1 AND `type` = 1 ORDER BY listorder desc,menu_id desc  [ RunTime:0.0008s ]
INFO: Run Behavior\ParseTemplateBehavior [ RunTime:0.029128s ]
INFO: [ view_parse ] --END-- [ RunTime:0.029286s ]
INFO: [ view_filter ] --START--
INFO: Run Behavior\WriteHtmlCacheBehavior [ RunTime:0.000972s ]
INFO: [ view_filter ] --END-- [ RunTime:0.001156s ]
INFO: [ app_end ] --START--
INFO: Run Behavior\ShowPageTraceBehavior [ RunTime:0.000895s ]
INFO: [ app_end ] --END-- [ RunTime:0.001025s ]

[ 2016-10-05T21:57:05+08:00 ] 127.0.0.1 /singcms/admin.php?c=position
INFO: [ app_init ] --START--
INFO: Run Behavior\BuildLiteBehavior [ RunTime:0.000033s ]
INFO: [ app_init ] --END-- [ RunTime:0.000766s ]
INFO: [ app_begin ] --START--
INFO: Run Behavior\ReadHtmlCacheBehavior [ RunTime:0.001008s ]
INFO: [ app_begin ] --END-- [ RunTime:0.001212s ]
ERR: 无法加载控制器:Position

[ 2016-10-05T21:57:27+08:00 ] 127.0.0.1 /singcms/admin.php?c=menu
INFO: [ app_init ] --START--
INFO: Run Behavior\BuildLiteBehavior [ RunTime:0.000052s ]
INFO: [ app_init ] --END-- [ RunTime:0.000992s ]
INFO: [ app_begin ] --START--
INFO: Run Behavior\ReadHtmlCacheBehavior [ RunTime:0.000802s ]
INFO: [ app_begin ] --END-- [ RunTime:0.000925s ]
NOTIC: [8] Undefined index: p D:\wamp\www\singcms\Application\Admin\Controller\MenuController.class.php 第 16 行.
NOTIC: [8] Undefined index: pageSize D:\wamp\www\singcms\Application\Admin\Controller\MenuController.class.php 第 17 行.
NOTIC: [2048] Declaration of Common\Model\MenuModel::find() should be compatible with that of Think\Model::find() D:\wamp\www\singcms\Application\Common\Model\MenuModel.class.php 第 4 行.
SQL: SHOW COLUMNS FROM `cms_menu` [ RunTime:0.0083s ]
SQL: SELECT * FROM `cms_menu` WHERE `status` <> -1 ORDER BY listorder desc,menu_id desc LIMIT 0,5   [ RunTime:0.0006s ]
SQL: SELECT COUNT(*) AS tp_count FROM `cms_menu` WHERE `status` <> -1 LIMIT 1   [ RunTime:0.0005s ]
INFO: [ view_parse ] --START--
INFO: [ template_filter ] --START--
INFO: Run Behavior\ContentReplaceBehavior [ RunTime:0.000095s ]
INFO: [ template_filter ] --END-- [ RunTime:0.000202s ]
SQL: SELECT * FROM `cms_menu` WHERE `status` <> -1 AND `type` = 1 ORDER BY listorder desc,menu_id desc  [ RunTime:0.0008s ]
INFO: Run Behavior\ParseTemplateBehavior [ RunTime:0.024880s ]
INFO: [ view_parse ] --END-- [ RunTime:0.025018s ]
INFO: [ view_filter ] --START--
INFO: Run Behavior\WriteHtmlCacheBehavior [ RunTime:0.000610s ]
INFO: [ view_filter ] --END-- [ RunTime:0.000718s ]
INFO: [ app_end ] --START--
INFO: Run Behavior\ShowPageTraceBehavior [ RunTime:0.000815s ]
INFO: [ app_end ] --END-- [ RunTime:0.000917s ]

[ 2016-10-05T21:57:35+08:00 ] 127.0.0.1 /singcms/admin.php?c=menu
INFO: [ app_init ] --START--
INFO: Run Behavior\BuildLiteBehavior [ RunTime:0.000049s ]
INFO: [ app_init ] --END-- [ RunTime:0.001039s ]
INFO: [ app_begin ] --START--
INFO: Run Behavior\ReadHtmlCacheBehavior [ RunTime:0.000946s ]
INFO: [ app_begin ] --END-- [ RunTime:0.001119s ]
NOTIC: [8] Undefined index: p D:\wamp\www\singcms\Application\Admin\Controller\MenuController.class.php 第 16 行.
NOTIC: [8] Undefined index: pageSize D:\wamp\www\singcms\Application\Admin\Controller\MenuController.class.php 第 17 行.
NOTIC: [2048] Declaration of Common\Model\MenuModel::find() should be compatible with that of Think\Model::find() D:\wamp\www\singcms\Application\Common\Model\MenuModel.class.php 第 4 行.
SQL: SHOW COLUMNS FROM `cms_menu` [ RunTime:0.0098s ]
SQL: SELECT * FROM `cms_menu` WHERE `status` <> -1 ORDER BY listorder desc,menu_id desc LIMIT 0,5   [ RunTime:0.0007s ]
SQL: SELECT COUNT(*) AS tp_count FROM `cms_menu` WHERE `status` <> -1 LIMIT 1   [ RunTime:0.0005s ]
INFO: [ view_parse ] --START--
INFO: [ template_filter ] --START--
INFO: Run Behavior\ContentReplaceBehavior [ RunTime:0.000153s ]
INFO: [ template_filter ] --END-- [ RunTime:0.000389s ]
SQL: SELECT * FROM `cms_menu` WHERE `status` <> -1 AND `type` = 1 ORDER BY listorder desc,menu_id desc  [ RunTime:0.0008s ]
INFO: Run Behavior\ParseTemplateBehavior [ RunTime:0.016090s ]
INFO: [ view_parse ] --END-- [ RunTime:0.016263s ]
INFO: [ view_filter ] --START--
INFO: Run Behavior\WriteHtmlCacheBehavior [ RunTime:0.000680s ]
INFO: [ view_filter ] --END-- [ RunTime:0.000914s ]
INFO: [ app_end ] --START--
INFO: Run Behavior\ShowPageTraceBehavior [ RunTime:0.001866s ]
INFO: [ app_end ] --END-- [ RunTime:0.002198s ]

[ 2016-10-05T21:57:42+08:00 ] 127.0.0.1 /singcms/admin.php?c=content
INFO: [ app_init ] --START--
INFO: Run Behavior\BuildLiteBehavior [ RunTime:0.000028s ]
INFO: [ app_init ] --END-- [ RunTime:0.000847s ]
INFO: [ app_begin ] --START--
INFO: Run Behavior\ReadHtmlCacheBehavior [ RunTime:0.000951s ]
INFO: [ app_begin ] --END-- [ RunTime:0.001164s ]
INFO: [ view_parse ] --START--
INFO: [ template_filter ] --START--
INFO: Run Behavior\ContentReplaceBehavior [ RunTime:0.000095s ]
INFO: [ template_filter ] --END-- [ RunTime:0.000226s ]
NOTIC: [2048] Declaration of Common\Model\MenuModel::find() should be compatible with that of Think\Model::find() D:\wamp\www\singcms\Application\Common\Model\MenuModel.class.php 第 4 行.
SQL: SHOW COLUMNS FROM `cms_menu` [ RunTime:0.0077s ]
SQL: SELECT * FROM `cms_menu` WHERE `status` <> -1 AND `type` = 1 ORDER BY listorder desc,menu_id desc  [ RunTime:0.0006s ]
NOTIC: [8] Undefined variable: new D:\wamp\www\singcms\Application\Runtime\Cache\Admin\ccc9ced3ad798311a07cb47b740981c5.php 第 154 行.
INFO: Run Behavior\ParseTemplateBehavior [ RunTime:1.054049s ]
INFO: [ view_parse ] --END-- [ RunTime:1.054153s ]
INFO: [ view_filter ] --START--
INFO: Run Behavior\WriteHtmlCacheBehavior [ RunTime:0.000575s ]
INFO: [ view_filter ] --END-- [ RunTime:0.000676s ]
INFO: [ app_end ] --START--
INFO: Run Behavior\ShowPageTraceBehavior [ RunTime:0.000780s ]
INFO: [ app_end ] --END-- [ RunTime:0.000887s ]

[ 2016-10-05T21:57:44+08:00 ] 127.0.0.1 /singcms/admin.php?c=menu
INFO: [ app_init ] --START--
INFO: Run Behavior\BuildLiteBehavior [ RunTime:0.000029s ]
INFO: [ app_init ] --END-- [ RunTime:0.000621s ]
INFO: [ app_begin ] --START--
INFO: Run Behavior\ReadHtmlCacheBehavior [ RunTime:0.000562s ]
INFO: [ app_begin ] --END-- [ RunTime:0.000670s ]
NOTIC: [8] Undefined index: p D:\wamp\www\singcms\Application\Admin\Controller\MenuController.class.php 第 16 行.
NOTIC: [8] Undefined index: pageSize D:\wamp\www\singcms\Application\Admin\Controller\MenuController.class.php 第 17 行.
NOTIC: [2048] Declaration of Common\Model\MenuModel::find() should be compatible with that of Think\Model::find() D:\wamp\www\singcms\Application\Common\Model\MenuModel.class.php 第 4 行.
SQL: SHOW COLUMNS FROM `cms_menu` [ RunTime:0.0086s ]
SQL: SELECT * FROM `cms_menu` WHERE `status` <> -1 ORDER BY listorder desc,menu_id desc LIMIT 0,5   [ RunTime:0.0007s ]
SQL: SELECT COUNT(*) AS tp_count FROM `cms_menu` WHERE `status` <> -1 LIMIT 1   [ RunTime:0.0005s ]
INFO: [ view_parse ] --START--
INFO: [ template_filter ] --START--
INFO: Run Behavior\ContentReplaceBehavior [ RunTime:0.000094s ]
INFO: [ template_filter ] --END-- [ RunTime:0.000197s ]
SQL: SELECT * FROM `cms_menu` WHERE `status` <> -1 AND `type` = 1 ORDER BY listorder desc,menu_id desc  [ RunTime:0.0007s ]
INFO: Run Behavior\ParseTemplateBehavior [ RunTime:0.014426s ]
INFO: [ view_parse ] --END-- [ RunTime:0.014576s ]
INFO: [ view_filter ] --START--
INFO: Run Behavior\WriteHtmlCacheBehavior [ RunTime:0.000769s ]
INFO: [ view_filter ] --END-- [ RunTime:0.000934s ]
INFO: [ app_end ] --START--
INFO: Run Behavior\ShowPageTraceBehavior [ RunTime:0.000758s ]
INFO: [ app_end ] --END-- [ RunTime:0.000895s ]

