[ 2016-10-20T17:35:27+08:00 ] 219.137.179.112 /singcms/admin.php?
INFO: [ app_init ] --START--
INFO: Run Behavior\BuildLiteBehavior [ RunTime:0.000012s ]
INFO: [ app_init ] --END-- [ RunTime:0.000088s ]
INFO: [ app_begin ] --START--
INFO: Run Behavior\ReadHtmlCacheBehavior [ RunTime:0.000063s ]
INFO: [ app_begin ] --END-- [ RunTime:0.000123s ]
INFO: [ view_parse ] --START--
INFO: [ template_filter ] --START--
INFO: Run Behavior\ContentReplaceBehavior [ RunTime:0.000078s ]
INFO: [ template_filter ] --END-- [ RunTime:0.000152s ]
NOTIC: [2048] Declaration of Common\Model\MenuModel::find() should be compatible with Think\Model::find($options = Array) /data/wwwroot/bjx.cheerskeji.com/singcms/Application/Common/Model/MenuModel.class.php 第 4 行.
ERR: 1146:Table 'yingchaofuwu.yingchao_menu' doesn't exist
 [ SQL语句 ] : SHOW COLUMNS FROM `yingchao_menu`
ERR: 1146:Table 'yingchaofuwu.yingchao_menu' doesn't exist
 [ SQL语句 ] : SHOW COLUMNS FROM `yingchao_menu`

[ 2016-10-20T17:41:53+08:00 ] 219.137.179.112 /singcms/admin.php?index/index
INFO: [ app_init ] --START--
INFO: Run Behavior\BuildLiteBehavior [ RunTime:0.000017s ]
INFO: [ app_init ] --END-- [ RunTime:0.000112s ]
INFO: [ app_begin ] --START--
INFO: Run Behavior\ReadHtmlCacheBehavior [ RunTime:0.000070s ]
INFO: [ app_begin ] --END-- [ RunTime:0.000116s ]
INFO: [ view_parse ] --START--
INFO: [ template_filter ] --START--
INFO: Run Behavior\ContentReplaceBehavior [ RunTime:0.000044s ]
INFO: [ template_filter ] --END-- [ RunTime:0.000091s ]
NOTIC: [2048] Declaration of Common\Model\MenuModel::find() should be compatible with Think\Model::find($options = Array) /data/wwwroot/bjx.cheerskeji.com/singcms/Application/Common/Model/MenuModel.class.php 第 4 行.
ERR: 1146:Table 'yingchaofuwu.yingchao_menu' doesn't exist
 [ SQL语句 ] : SHOW COLUMNS FROM `yingchao_menu`
ERR: 1146:Table 'yingchaofuwu.yingchao_menu' doesn't exist
 [ SQL语句 ] : SHOW COLUMNS FROM `yingchao_menu`

[ 2016-10-20T17:42:09+08:00 ] 219.137.179.112 /singcms/admin.php/admin/index/index
INFO: [ app_init ] --START--
INFO: Run Behavior\BuildLiteBehavior [ RunTime:0.000013s ]
INFO: [ app_init ] --END-- [ RunTime:0.000087s ]
INFO: [ app_begin ] --START--
INFO: Run Behavior\ReadHtmlCacheBehavior [ RunTime:0.000042s ]
INFO: [ app_begin ] --END-- [ RunTime:0.000076s ]
INFO: [ view_parse ] --START--
INFO: [ template_filter ] --START--
INFO: Run Behavior\ContentReplaceBehavior [ RunTime:0.000043s ]
INFO: [ template_filter ] --END-- [ RunTime:0.000088s ]
NOTIC: [2048] Declaration of Common\Model\MenuModel::find() should be compatible with Think\Model::find($options = Array) /data/wwwroot/bjx.cheerskeji.com/singcms/Application/Common/Model/MenuModel.class.php 第 4 行.
ERR: 1146:Table 'yingchaofuwu.yingchao_menu' doesn't exist
 [ SQL语句 ] : SHOW COLUMNS FROM `yingchao_menu`
ERR: 1146:Table 'yingchaofuwu.yingchao_menu' doesn't exist
 [ SQL语句 ] : SHOW COLUMNS FROM `yingchao_menu`

[ 2016-10-20T17:47:36+08:00 ] 219.137.179.112 /singcms/admin.php/admin/index/index
INFO: [ app_init ] --START--
INFO: Run Behavior\BuildLiteBehavior [ RunTime:0.000013s ]
INFO: [ app_init ] --END-- [ RunTime:0.000116s ]
INFO: [ app_begin ] --START--
INFO: Run Behavior\ReadHtmlCacheBehavior [ RunTime:0.000044s ]
INFO: [ app_begin ] --END-- [ RunTime:0.000079s ]
INFO: [ view_parse ] --START--
INFO: [ template_filter ] --START--
INFO: Run Behavior\ContentReplaceBehavior [ RunTime:0.000043s ]
INFO: [ template_filter ] --END-- [ RunTime:0.000084s ]
NOTIC: [2048] Declaration of Common\Model\MenuModel::find() should be compatible with Think\Model::find($options = Array) /data/wwwroot/bjx.cheerskeji.com/singcms/Application/Common/Model/MenuModel.class.php 第 4 行.
ERR: 1146:Table 'yingchaofuwu.yingchao_menu' doesn't exist
 [ SQL语句 ] : SHOW COLUMNS FROM `yingchao_menu`
ERR: 1146:Table 'yingchaofuwu.yingchao_menu' doesn't exist
 [ SQL语句 ] : SHOW COLUMNS FROM `yingchao_menu`

[ 2016-10-20T17:47:47+08:00 ] 219.137.179.112 /singcms/admin.php/admin/index/index
INFO: [ app_init ] --START--
INFO: Run Behavior\BuildLiteBehavior [ RunTime:0.000013s ]
INFO: [ app_init ] --END-- [ RunTime:0.000107s ]
INFO: [ app_begin ] --START--
INFO: Run Behavior\ReadHtmlCacheBehavior [ RunTime:0.000062s ]
INFO: [ app_begin ] --END-- [ RunTime:0.000113s ]
INFO: [ view_parse ] --START--
INFO: [ template_filter ] --START--
INFO: Run Behavior\ContentReplaceBehavior [ RunTime:0.000041s ]
INFO: [ template_filter ] --END-- [ RunTime:0.000081s ]
NOTIC: [2048] Declaration of Common\Model\MenuModel::find() should be compatible with Think\Model::find($options = Array) /data/wwwroot/bjx.cheerskeji.com/singcms/Application/Common/Model/MenuModel.class.php 第 4 行.
ERR: 1146:Table 'yingchaofuwu.yingchao_menu' doesn't exist
 [ SQL语句 ] : SHOW COLUMNS FROM `yingchao_menu`
ERR: 1146:Table 'yingchaofuwu.yingchao_menu' doesn't exist
 [ SQL语句 ] : SHOW COLUMNS FROM `yingchao_menu`

[ 2016-10-20T17:49:26+08:00 ] 219.137.179.112 /singcms/admin.php/admin/index/index
INFO: [ app_init ] --START--
INFO: Run Behavior\BuildLiteBehavior [ RunTime:0.000013s ]
INFO: [ app_init ] --END-- [ RunTime:0.000127s ]
INFO: [ app_begin ] --START--
INFO: Run Behavior\ReadHtmlCacheBehavior [ RunTime:0.000049s ]
INFO: [ app_begin ] --END-- [ RunTime:0.000099s ]
INFO: [ view_parse ] --START--
INFO: [ template_filter ] --START--
INFO: Run Behavior\ContentReplaceBehavior [ RunTime:0.000043s ]
INFO: [ template_filter ] --END-- [ RunTime:0.000084s ]
NOTIC: [8] Undefined variable: navs /data/wwwroot/bjx.cheerskeji.com/singcms/Application/Runtime/Cache/Admin/b595b808c2ebeeeb0478ffc30bb4e87a.php 第 77 行.
INFO: Run Behavior\ParseTemplateBehavior [ RunTime:0.004320s ]
INFO: [ view_parse ] --END-- [ RunTime:0.004365s ]
INFO: [ view_filter ] --START--
INFO: Run Behavior\WriteHtmlCacheBehavior [ RunTime:0.000044s ]
INFO: [ view_filter ] --END-- [ RunTime:0.000071s ]
INFO: [ app_end ] --START--
INFO: Run Behavior\ShowPageTraceBehavior [ RunTime:0.000040s ]
INFO: [ app_end ] --END-- [ RunTime:0.000068s ]

[ 2016-10-20T19:38:36+08:00 ] 110.64.69.64 /singcms/admin.php/admin/index/index
INFO: [ app_init ] --START--
INFO: Run Behavior\BuildLiteBehavior [ RunTime:0.000012s ]
INFO: [ app_init ] --END-- [ RunTime:0.000097s ]
INFO: [ app_begin ] --START--
INFO: Run Behavior\ReadHtmlCacheBehavior [ RunTime:0.000048s ]
INFO: [ app_begin ] --END-- [ RunTime:0.000092s ]
INFO: [ view_parse ] --START--
INFO: [ template_filter ] --START--
INFO: Run Behavior\ContentReplaceBehavior [ RunTime:0.000045s ]
INFO: [ template_filter ] --END-- [ RunTime:0.000087s ]
NOTIC: [8] Undefined variable: navs /data/wwwroot/bjx.cheerskeji.com/singcms/Application/Runtime/Cache/Admin/b595b808c2ebeeeb0478ffc30bb4e87a.php 第 77 行.
INFO: Run Behavior\ParseTemplateBehavior [ RunTime:0.004899s ]
INFO: [ view_parse ] --END-- [ RunTime:0.004959s ]
INFO: [ view_filter ] --START--
INFO: Run Behavior\WriteHtmlCacheBehavior [ RunTime:0.000071s ]
INFO: [ view_filter ] --END-- [ RunTime:0.000119s ]
INFO: [ app_end ] --START--
INFO: Run Behavior\ShowPageTraceBehavior [ RunTime:0.000059s ]
INFO: [ app_end ] --END-- [ RunTime:0.000099s ]

[ 2016-10-20T19:38:46+08:00 ] 110.64.69.64 /singcms/admin.php?c=login&a=loginout
INFO: [ app_init ] --START--
INFO: Run Behavior\BuildLiteBehavior [ RunTime:0.000011s ]
INFO: [ app_init ] --END-- [ RunTime:0.000080s ]
INFO: [ app_begin ] --START--
INFO: Run Behavior\ReadHtmlCacheBehavior [ RunTime:0.000039s ]
INFO: [ app_begin ] --END-- [ RunTime:0.000072s ]
NOTIC: [8] Undefined variable: module /data/wwwroot/bjx.cheerskeji.com/singcms/ThinkPHP/Common/functions.php 第 990 行.
NOTIC: [8] Undefined variable: var /data/wwwroot/bjx.cheerskeji.com/singcms/ThinkPHP/Common/functions.php 第 990 行.
NOTIC: [2] array_reverse() expects parameter 1 to be array, null given /data/wwwroot/bjx.cheerskeji.com/singcms/ThinkPHP/Common/functions.php 第 990 行.
NOTIC: [2] http_build_query(): Parameter 1 expected to be Array or Object.  Incorrect value given /data/wwwroot/bjx.cheerskeji.com/singcms/ThinkPHP/Common/functions.php 第 990 行.

[ 2016-10-20T19:38:46+08:00 ] 110.64.69.64 /singcms/admin.php?m=&&c=login
INFO: [ app_init ] --START--
INFO: Run Behavior\BuildLiteBehavior [ RunTime:0.000011s ]
INFO: [ app_init ] --END-- [ RunTime:0.000080s ]
INFO: [ app_begin ] --START--
INFO: Run Behavior\ReadHtmlCacheBehavior [ RunTime:0.000048s ]
INFO: [ app_begin ] --END-- [ RunTime:0.000102s ]
INFO: [ view_parse ] --START--
INFO: [ template_filter ] --START--
INFO: Run Behavior\ContentReplaceBehavior [ RunTime:0.000037s ]
INFO: [ template_filter ] --END-- [ RunTime:0.000074s ]
INFO: Run Behavior\ParseTemplateBehavior [ RunTime:0.001595s ]
INFO: [ view_parse ] --END-- [ RunTime:0.001658s ]
INFO: [ view_filter ] --START--
INFO: Run Behavior\WriteHtmlCacheBehavior [ RunTime:0.000043s ]
INFO: [ view_filter ] --END-- [ RunTime:0.000070s ]
INFO: [ app_end ] --START--
INFO: Run Behavior\ShowPageTraceBehavior [ RunTime:0.000038s ]
INFO: [ app_end ] --END-- [ RunTime:0.000066s ]

[ 2016-10-20T19:38:47+08:00 ] 110.64.69.62 /singcms/admin.php?m=&&c=login
INFO: [ app_init ] --START--
INFO: Run Behavior\BuildLiteBehavior [ RunTime:0.000012s ]
INFO: [ app_init ] --END-- [ RunTime:0.000081s ]
INFO: [ app_begin ] --START--
INFO: Run Behavior\ReadHtmlCacheBehavior [ RunTime:0.000039s ]
INFO: [ app_begin ] --END-- [ RunTime:0.000070s ]
INFO: [ view_parse ] --START--
INFO: [ template_filter ] --START--
INFO: Run Behavior\ContentReplaceBehavior [ RunTime:0.000036s ]
INFO: [ template_filter ] --END-- [ RunTime:0.000077s ]
INFO: Run Behavior\ParseTemplateBehavior [ RunTime:0.001623s ]
INFO: [ view_parse ] --END-- [ RunTime:0.001664s ]
INFO: [ view_filter ] --START--
INFO: Run Behavior\WriteHtmlCacheBehavior [ RunTime:0.000041s ]
INFO: [ view_filter ] --END-- [ RunTime:0.000066s ]
INFO: [ app_end ] --START--
INFO: Run Behavior\ShowPageTraceBehavior [ RunTime:0.000037s ]
INFO: [ app_end ] --END-- [ RunTime:0.000067s ]

[ 2016-10-20T19:38:54+08:00 ] 110.64.69.62 /singcms/index.php?m=admin&c=login&a=check
INFO: [ app_init ] --START--
INFO: Run Behavior\BuildLiteBehavior [ RunTime:0.000012s ]
INFO: [ app_init ] --END-- [ RunTime:0.000085s ]
INFO: [ app_begin ] --START--
INFO: Run Behavior\ReadHtmlCacheBehavior [ RunTime:0.000036s ]
INFO: [ app_begin ] --END-- [ RunTime:0.000085s ]
ERR: 1146:Table 'yingchaofuwu.yingchao_admin' doesn't exist
 [ SQL语句 ] : SHOW COLUMNS FROM `yingchao_admin`
ERR: 1146:Table 'yingchaofuwu.yingchao_admin' doesn't exist
 [ SQL语句 ] : SHOW COLUMNS FROM `yingchao_admin`

[ 2016-10-20T19:38:58+08:00 ] 110.64.69.62 /singcms/index.php?m=admin&c=login&a=check
INFO: [ app_init ] --START--
INFO: Run Behavior\BuildLiteBehavior [ RunTime:0.000012s ]
INFO: [ app_init ] --END-- [ RunTime:0.000082s ]
INFO: [ app_begin ] --START--
INFO: Run Behavior\ReadHtmlCacheBehavior [ RunTime:0.000038s ]
INFO: [ app_begin ] --END-- [ RunTime:0.000071s ]
ERR: 1146:Table 'yingchaofuwu.yingchao_admin' doesn't exist
 [ SQL语句 ] : SHOW COLUMNS FROM `yingchao_admin`
ERR: 1146:Table 'yingchaofuwu.yingchao_admin' doesn't exist
 [ SQL语句 ] : SHOW COLUMNS FROM `yingchao_admin`

[ 2016-10-20T19:39:05+08:00 ] 110.64.69.64 /singcms/admin.php
INFO: [ app_init ] --START--
INFO: Run Behavior\BuildLiteBehavior [ RunTime:0.000013s ]
INFO: [ app_init ] --END-- [ RunTime:0.000084s ]
INFO: [ app_begin ] --START--
INFO: Run Behavior\ReadHtmlCacheBehavior [ RunTime:0.000038s ]
INFO: [ app_begin ] --END-- [ RunTime:0.000071s ]
INFO: [ view_parse ] --START--
INFO: [ template_filter ] --START--
INFO: Run Behavior\ContentReplaceBehavior [ RunTime:0.000043s ]
INFO: [ template_filter ] --END-- [ RunTime:0.000084s ]
NOTIC: [8] Undefined variable: navs /data/wwwroot/bjx.cheerskeji.com/singcms/Application/Runtime/Cache/Admin/b595b808c2ebeeeb0478ffc30bb4e87a.php 第 77 行.
INFO: Run Behavior\ParseTemplateBehavior [ RunTime:0.004229s ]
INFO: [ view_parse ] --END-- [ RunTime:0.004272s ]
INFO: [ view_filter ] --START--
INFO: Run Behavior\WriteHtmlCacheBehavior [ RunTime:0.000043s ]
INFO: [ view_filter ] --END-- [ RunTime:0.000068s ]
INFO: [ app_end ] --START--
INFO: Run Behavior\ShowPageTraceBehavior [ RunTime:0.000037s ]
INFO: [ app_end ] --END-- [ RunTime:0.000063s ]

[ 2016-10-20T19:43:44+08:00 ] 110.64.69.62 /singcms/admin.php
INFO: [ app_init ] --START--
INFO: Run Behavior\BuildLiteBehavior [ RunTime:0.000020s ]
INFO: [ app_init ] --END-- [ RunTime:0.000149s ]
INFO: [ app_begin ] --START--
INFO: Run Behavior\ReadHtmlCacheBehavior [ RunTime:0.000076s ]
INFO: [ app_begin ] --END-- [ RunTime:0.000147s ]
INFO: [ view_parse ] --START--
INFO: [ template_filter ] --START--
INFO: Run Behavior\ContentReplaceBehavior [ RunTime:0.000043s ]
INFO: [ template_filter ] --END-- [ RunTime:0.000082s ]
NOTIC: [8] Undefined variable: navs /data/wwwroot/bjx.cheerskeji.com/singcms/Application/Runtime/Cache/Admin/b595b808c2ebeeeb0478ffc30bb4e87a.php 第 77 行.
INFO: Run Behavior\ParseTemplateBehavior [ RunTime:0.004606s ]
INFO: [ view_parse ] --END-- [ RunTime:0.004653s ]
INFO: [ view_filter ] --START--
INFO: Run Behavior\WriteHtmlCacheBehavior [ RunTime:0.000064s ]
INFO: [ view_filter ] --END-- [ RunTime:0.000093s ]
INFO: [ app_end ] --START--
INFO: Run Behavior\ShowPageTraceBehavior [ RunTime:0.000042s ]
INFO: [ app_end ] --END-- [ RunTime:0.000068s ]

[ 2016-10-20T19:44:29+08:00 ] 110.64.69.64 /singcms/admin.php
INFO: [ app_init ] --START--
INFO: Run Behavior\BuildLiteBehavior [ RunTime:0.000012s ]
INFO: [ app_init ] --END-- [ RunTime:0.000082s ]
INFO: [ app_begin ] --START--
INFO: Run Behavior\ReadHtmlCacheBehavior [ RunTime:0.000037s ]
INFO: [ app_begin ] --END-- [ RunTime:0.000070s ]
INFO: [ view_parse ] --START--
INFO: [ template_filter ] --START--
INFO: Run Behavior\ContentReplaceBehavior [ RunTime:0.000045s ]
INFO: [ template_filter ] --END-- [ RunTime:0.000092s ]
NOTIC: [8] Undefined variable: navs /data/wwwroot/bjx.cheerskeji.com/singcms/Application/Runtime/Cache/Admin/b595b808c2ebeeeb0478ffc30bb4e87a.php 第 77 行.
INFO: Run Behavior\ParseTemplateBehavior [ RunTime:0.004344s ]
INFO: [ view_parse ] --END-- [ RunTime:0.004386s ]
INFO: [ view_filter ] --START--
INFO: Run Behavior\WriteHtmlCacheBehavior [ RunTime:0.000043s ]
INFO: [ view_filter ] --END-- [ RunTime:0.000069s ]
INFO: [ app_end ] --START--
INFO: Run Behavior\ShowPageTraceBehavior [ RunTime:0.000036s ]
INFO: [ app_end ] --END-- [ RunTime:0.000061s ]

[ 2016-10-20T19:48:11+08:00 ] 110.64.69.62 /singcms/admin.php
INFO: [ app_init ] --START--
INFO: Run Behavior\BuildLiteBehavior [ RunTime:0.000018s ]
INFO: [ app_init ] --END-- [ RunTime:0.000139s ]
INFO: [ app_begin ] --START--
INFO: Run Behavior\ReadHtmlCacheBehavior [ RunTime:0.000053s ]
INFO: [ app_begin ] --END-- [ RunTime:0.000091s ]
INFO: [ view_parse ] --START--
INFO: [ template_filter ] --START--
INFO: Run Behavior\ContentReplaceBehavior [ RunTime:0.000040s ]
INFO: [ template_filter ] --END-- [ RunTime:0.000086s ]
NOTIC: [8] Undefined variable: navs /data/wwwroot/bjx.cheerskeji.com/singcms/Application/Runtime/Cache/Admin/b595b808c2ebeeeb0478ffc30bb4e87a.php 第 77 行.
INFO: Run Behavior\ParseTemplateBehavior [ RunTime:0.003362s ]
INFO: [ view_parse ] --END-- [ RunTime:0.003406s ]
INFO: [ view_filter ] --START--
INFO: Run Behavior\WriteHtmlCacheBehavior [ RunTime:0.000053s ]
INFO: [ view_filter ] --END-- [ RunTime:0.000079s ]
INFO: [ app_end ] --START--
INFO: Run Behavior\ShowPageTraceBehavior [ RunTime:0.000044s ]
INFO: [ app_end ] --END-- [ RunTime:0.000070s ]

[ 2016-10-20T20:30:53+08:00 ] 110.64.69.62 /singcms/admin.php
INFO: [ app_init ] --START--
INFO: Run Behavior\BuildLiteBehavior [ RunTime:0.000012s ]
INFO: [ app_init ] --END-- [ RunTime:0.000091s ]
INFO: [ app_begin ] --START--
INFO: Run Behavior\ReadHtmlCacheBehavior [ RunTime:0.000045s ]
INFO: [ app_begin ] --END-- [ RunTime:0.000080s ]
SQL: SHOW COLUMNS FROM `yingchao_user_true` [ RunTime:0.0006s ]
SQL: SHOW COLUMNS FROM `yingchao_user_wx` [ RunTime:0.0004s ]
SQL: SELECT * FROM `yingchao_user_true`  [ RunTime:0.0003s ]
SQL: SELECT * FROM `yingchao_user_wx`  [ RunTime:0.0002s ]
INFO: [ view_parse ] --START--
INFO: [ template_filter ] --START--
INFO: Run Behavior\ContentReplaceBehavior [ RunTime:0.000046s ]
INFO: [ template_filter ] --END-- [ RunTime:0.000089s ]
NOTIC: [8] Undefined variable: navs /data/wwwroot/bjx.cheerskeji.com/singcms/Application/Runtime/Cache/Admin/b595b808c2ebeeeb0478ffc30bb4e87a.php 第 77 行.
INFO: Run Behavior\ParseTemplateBehavior [ RunTime:0.004087s ]
INFO: [ view_parse ] --END-- [ RunTime:0.004123s ]
INFO: [ view_filter ] --START--
INFO: Run Behavior\WriteHtmlCacheBehavior [ RunTime:0.000048s ]
INFO: [ view_filter ] --END-- [ RunTime:0.000074s ]
INFO: [ app_end ] --START--
INFO: Run Behavior\ShowPageTraceBehavior [ RunTime:0.000073s ]
INFO: [ app_end ] --END-- [ RunTime:0.000102s ]

[ 2016-10-20T20:31:27+08:00 ] 110.64.69.62 /singcms/admin.php
INFO: [ app_init ] --START--
INFO: Run Behavior\BuildLiteBehavior [ RunTime:0.000013s ]
INFO: [ app_init ] --END-- [ RunTime:0.000083s ]
INFO: [ app_begin ] --START--
INFO: Run Behavior\ReadHtmlCacheBehavior [ RunTime:0.000074s ]
INFO: [ app_begin ] --END-- [ RunTime:0.000114s ]
SQL: SHOW COLUMNS FROM `yingchao_user_true` [ RunTime:0.0006s ]
SQL: SHOW COLUMNS FROM `yingchao_user_wx` [ RunTime:0.0004s ]
SQL: SELECT * FROM `yingchao_user_true`  [ RunTime:0.0001s ]
SQL: SELECT * FROM `yingchao_user_wx`  [ RunTime:0.0001s ]
INFO: [ view_parse ] --START--
INFO: [ template_filter ] --START--
INFO: Run Behavior\ContentReplaceBehavior [ RunTime:0.000040s ]
INFO: [ template_filter ] --END-- [ RunTime:0.000079s ]
NOTIC: [8] Undefined variable: navs /data/wwwroot/bjx.cheerskeji.com/singcms/Application/Runtime/Cache/Admin/b595b808c2ebeeeb0478ffc30bb4e87a.php 第 77 行.
NOTIC: [8] Array to string conversion /data/wwwroot/bjx.cheerskeji.com/singcms/Application/Runtime/Cache/Admin/b595b808c2ebeeeb0478ffc30bb4e87a.php 第 117 行.
NOTIC: [8] Undefined variable: Array /data/wwwroot/bjx.cheerskeji.com/singcms/Application/Runtime/Cache/Admin/b595b808c2ebeeeb0478ffc30bb4e87a.php 第 117 行.
INFO: Run Behavior\ParseTemplateBehavior [ RunTime:0.004299s ]
INFO: [ view_parse ] --END-- [ RunTime:0.004335s ]
INFO: [ view_filter ] --START--
INFO: Run Behavior\WriteHtmlCacheBehavior [ RunTime:0.000040s ]
INFO: [ view_filter ] --END-- [ RunTime:0.000066s ]
INFO: [ app_end ] --START--
INFO: Run Behavior\ShowPageTraceBehavior [ RunTime:0.000038s ]
INFO: [ app_end ] --END-- [ RunTime:0.000064s ]

[ 2016-10-20T20:33:01+08:00 ] 110.64.69.62 /singcms/admin.php
INFO: [ app_init ] --START--
INFO: Run Behavior\BuildLiteBehavior [ RunTime:0.000012s ]
INFO: [ app_init ] --END-- [ RunTime:0.000090s ]
INFO: [ app_begin ] --START--
INFO: Run Behavior\ReadHtmlCacheBehavior [ RunTime:0.000045s ]
INFO: [ app_begin ] --END-- [ RunTime:0.000080s ]
SQL: SHOW COLUMNS FROM `yingchao_user_true` [ RunTime:0.0007s ]
SQL: SHOW COLUMNS FROM `yingchao_user_wx` [ RunTime:0.0004s ]
SQL: SELECT * FROM `yingchao_user_true`  [ RunTime:0.0002s ]
SQL: SELECT * FROM `yingchao_user_wx`  [ RunTime:0.0001s ]
INFO: [ view_parse ] --START--
INFO: [ template_filter ] --START--
INFO: Run Behavior\ContentReplaceBehavior [ RunTime:0.000041s ]
INFO: [ template_filter ] --END-- [ RunTime:0.000086s ]
NOTIC: [8] Undefined variable: navs /data/wwwroot/bjx.cheerskeji.com/singcms/Application/Runtime/Cache/Admin/b595b808c2ebeeeb0478ffc30bb4e87a.php 第 77 行.
NOTIC: [8] Array to string conversion /data/wwwroot/bjx.cheerskeji.com/singcms/Application/Runtime/Cache/Admin/b595b808c2ebeeeb0478ffc30bb4e87a.php 第 117 行.
NOTIC: [8] Undefined variable: Array /data/wwwroot/bjx.cheerskeji.com/singcms/Application/Runtime/Cache/Admin/b595b808c2ebeeeb0478ffc30bb4e87a.php 第 117 行.
INFO: Run Behavior\ParseTemplateBehavior [ RunTime:0.004707s ]
INFO: [ view_parse ] --END-- [ RunTime:0.004755s ]
INFO: [ view_filter ] --START--
INFO: Run Behavior\WriteHtmlCacheBehavior [ RunTime:0.000047s ]
INFO: [ view_filter ] --END-- [ RunTime:0.000072s ]
INFO: [ app_end ] --START--
INFO: Run Behavior\ShowPageTraceBehavior [ RunTime:0.000045s ]
INFO: [ app_end ] --END-- [ RunTime:0.000072s ]

[ 2016-10-20T20:33:03+08:00 ] 110.64.69.62 /singcms/admin.php
INFO: [ app_init ] --START--
INFO: Run Behavior\BuildLiteBehavior [ RunTime:0.000018s ]
INFO: [ app_init ] --END-- [ RunTime:0.000130s ]
INFO: [ app_begin ] --START--
INFO: Run Behavior\ReadHtmlCacheBehavior [ RunTime:0.000064s ]
INFO: [ app_begin ] --END-- [ RunTime:0.000125s ]
SQL: SHOW COLUMNS FROM `yingchao_user_true` [ RunTime:0.0009s ]
SQL: SHOW COLUMNS FROM `yingchao_user_wx` [ RunTime:0.0006s ]
SQL: SELECT * FROM `yingchao_user_true`  [ RunTime:0.0002s ]
SQL: SELECT * FROM `yingchao_user_wx`  [ RunTime:0.0001s ]
INFO: [ view_parse ] --START--
INFO: [ template_filter ] --START--
INFO: Run Behavior\ContentReplaceBehavior [ RunTime:0.000039s ]
INFO: [ template_filter ] --END-- [ RunTime:0.000077s ]
NOTIC: [8] Undefined variable: navs /data/wwwroot/bjx.cheerskeji.com/singcms/Application/Runtime/Cache/Admin/b595b808c2ebeeeb0478ffc30bb4e87a.php 第 77 行.
NOTIC: [8] Array to string conversion /data/wwwroot/bjx.cheerskeji.com/singcms/Application/Runtime/Cache/Admin/b595b808c2ebeeeb0478ffc30bb4e87a.php 第 117 行.
NOTIC: [8] Undefined variable: Array /data/wwwroot/bjx.cheerskeji.com/singcms/Application/Runtime/Cache/Admin/b595b808c2ebeeeb0478ffc30bb4e87a.php 第 117 行.
INFO: Run Behavior\ParseTemplateBehavior [ RunTime:0.004118s ]
INFO: [ view_parse ] --END-- [ RunTime:0.004153s ]
INFO: [ view_filter ] --START--
INFO: Run Behavior\WriteHtmlCacheBehavior [ RunTime:0.000039s ]
INFO: [ view_filter ] --END-- [ RunTime:0.000064s ]
INFO: [ app_end ] --START--
INFO: Run Behavior\ShowPageTraceBehavior [ RunTime:0.000034s ]
INFO: [ app_end ] --END-- [ RunTime:0.000059s ]

[ 2016-10-20T20:33:09+08:00 ] 110.64.69.62 /singcms/admin.php
INFO: [ app_init ] --START--
INFO: Run Behavior\BuildLiteBehavior [ RunTime:0.000011s ]
INFO: [ app_init ] --END-- [ RunTime:0.000085s ]
INFO: [ app_begin ] --START--
INFO: Run Behavior\ReadHtmlCacheBehavior [ RunTime:0.000037s ]
INFO: [ app_begin ] --END-- [ RunTime:0.000069s ]
SQL: SHOW COLUMNS FROM `yingchao_user_true` [ RunTime:0.0006s ]
SQL: SHOW COLUMNS FROM `yingchao_user_wx` [ RunTime:0.0004s ]
SQL: SELECT * FROM `yingchao_user_true`  [ RunTime:0.0001s ]
SQL: SELECT * FROM `yingchao_user_wx`  [ RunTime:0.0001s ]
INFO: [ view_parse ] --START--
INFO: [ template_filter ] --START--
INFO: Run Behavior\ContentReplaceBehavior [ RunTime:0.000043s ]
INFO: [ template_filter ] --END-- [ RunTime:0.000085s ]
NOTIC: [8] Undefined variable: navs /data/wwwroot/bjx.cheerskeji.com/singcms/Application/Runtime/Cache/Admin/b595b808c2ebeeeb0478ffc30bb4e87a.php 第 77 行.
NOTIC: [8] Array to string conversion /data/wwwroot/bjx.cheerskeji.com/singcms/Application/Runtime/Cache/Admin/b595b808c2ebeeeb0478ffc30bb4e87a.php 第 117 行.
NOTIC: [8] Undefined variable: Array /data/wwwroot/bjx.cheerskeji.com/singcms/Application/Runtime/Cache/Admin/b595b808c2ebeeeb0478ffc30bb4e87a.php 第 117 行.
INFO: Run Behavior\ParseTemplateBehavior [ RunTime:0.004329s ]
INFO: [ view_parse ] --END-- [ RunTime:0.004366s ]
INFO: [ view_filter ] --START--
INFO: Run Behavior\WriteHtmlCacheBehavior [ RunTime:0.000054s ]
INFO: [ view_filter ] --END-- [ RunTime:0.000080s ]
INFO: [ app_end ] --START--
INFO: Run Behavior\ShowPageTraceBehavior [ RunTime:0.000041s ]
INFO: [ app_end ] --END-- [ RunTime:0.000069s ]

[ 2016-10-20T20:33:23+08:00 ] 110.64.69.64 /singcms/admin.php/admin/index/index
INFO: [ app_init ] --START--
INFO: Run Behavior\BuildLiteBehavior [ RunTime:0.000019s ]
INFO: [ app_init ] --END-- [ RunTime:0.000134s ]
INFO: [ app_begin ] --START--
INFO: Run Behavior\ReadHtmlCacheBehavior [ RunTime:0.000046s ]
INFO: [ app_begin ] --END-- [ RunTime:0.000085s ]
SQL: SHOW COLUMNS FROM `yingchao_user_true` [ RunTime:0.0010s ]
SQL: SHOW COLUMNS FROM `yingchao_user_wx` [ RunTime:0.0007s ]
SQL: SELECT * FROM `yingchao_user_true`  [ RunTime:0.0002s ]
SQL: SELECT * FROM `yingchao_user_wx`  [ RunTime:0.0001s ]
INFO: [ view_parse ] --START--
INFO: [ template_filter ] --START--
INFO: Run Behavior\ContentReplaceBehavior [ RunTime:0.000063s ]
INFO: [ template_filter ] --END-- [ RunTime:0.000133s ]
NOTIC: [8] Undefined variable: navs /data/wwwroot/bjx.cheerskeji.com/singcms/Application/Runtime/Cache/Admin/b595b808c2ebeeeb0478ffc30bb4e87a.php 第 77 行.
NOTIC: [8] Array to string conversion /data/wwwroot/bjx.cheerskeji.com/singcms/Application/Runtime/Cache/Admin/b595b808c2ebeeeb0478ffc30bb4e87a.php 第 117 行.
NOTIC: [8] Undefined variable: Array /data/wwwroot/bjx.cheerskeji.com/singcms/Application/Runtime/Cache/Admin/b595b808c2ebeeeb0478ffc30bb4e87a.php 第 117 行.
INFO: Run Behavior\ParseTemplateBehavior [ RunTime:0.007131s ]
INFO: [ view_parse ] --END-- [ RunTime:0.007210s ]
INFO: [ view_filter ] --START--
INFO: Run Behavior\WriteHtmlCacheBehavior [ RunTime:0.000100s ]
INFO: [ view_filter ] --END-- [ RunTime:0.000158s ]
INFO: [ app_end ] --START--
INFO: Run Behavior\ShowPageTraceBehavior [ RunTime:0.000062s ]
INFO: [ app_end ] --END-- [ RunTime:0.000107s ]

[ 2016-10-20T21:29:00+08:00 ] 110.64.69.64 /singcms/admin.php/admin/index/signin.css
ERR: 非法操作:signin.css

[ 2016-10-20T21:29:34+08:00 ] 110.64.69.64 /singcms/admin.php/admin/index/signin.css
ERR: 非法操作:signin.css

[ 2016-10-20T21:30:14+08:00 ] 110.64.69.64 /singcms/index.php?m=admin&c=login&a=check
INFO: [ app_begin ] --START--
INFO: Run Behavior\ReadHtmlCacheBehavior [ RunTime:0.000109s ]
INFO: [ app_begin ] --END-- [ RunTime:0.000173s ]

[ 2016-10-20T21:33:13+08:00 ] 110.64.69.64 /singcms/admin.php/admin/index/signin.css
ERR: 非法操作:signin.css

[ 2016-10-20T21:33:20+08:00 ] 110.64.69.62 /singcms/admin.php/admin/index/signin.css
ERR: 非法操作:signin.css

[ 2016-10-20T21:33:47+08:00 ] 110.64.69.62 /singcms/index.php?m=admin&c=login&a=check
INFO: [ app_begin ] --START--
INFO: Run Behavior\ReadHtmlCacheBehavior [ RunTime:0.000035s ]
INFO: [ app_begin ] --END-- [ RunTime:0.000084s ]
ERR: 1146:Table 'yingchaofuwu.yingchao_admin_user' doesn't exist
 [ SQL语句 ] : SHOW COLUMNS FROM `yingchao_admin_user`
ERR: 1146:Table 'yingchaofuwu.yingchao_admin_user' doesn't exist
 [ SQL语句 ] : SHOW COLUMNS FROM `yingchao_admin_user`

[ 2016-10-20T21:34:22+08:00 ] 110.64.69.64 /singcms/admin.php/admin/index/signin.css
ERR: 非法操作:signin.css

[ 2016-10-20T21:34:39+08:00 ] 110.64.69.62 /singcms/index.php?m=admin&c=login&a=check
INFO: [ app_begin ] --START--
INFO: Run Behavior\ReadHtmlCacheBehavior [ RunTime:0.000042s ]
INFO: [ app_begin ] --END-- [ RunTime:0.000199s ]
SQL: SHOW COLUMNS FROM `yingchao_admin_user` [ RunTime:0.0010s ]
ERR: 1054:Unknown column 'yingchaofuwu' in 'where clause'
 [ SQL语句 ] : SELECT * FROM `yingchao_admin_user` WHERE ( username=yingchaofuwu ) LIMIT 1  
ERR: 1054:Unknown column 'yingchaofuwu' in 'where clause'
 [ SQL语句 ] : SELECT * FROM `yingchao_admin_user` WHERE ( username=yingchaofuwu ) LIMIT 1  

[ 2016-10-20T21:36:14+08:00 ] 110.64.69.64 /singcms/admin.php/admin/index/signin.css
ERR: 非法操作:signin.css

[ 2016-10-20T21:36:32+08:00 ] 110.64.69.64 /singcms/index.php?m=admin&c=login&a=check
INFO: [ app_begin ] --START--
INFO: Run Behavior\ReadHtmlCacheBehavior [ RunTime:0.000040s ]
INFO: [ app_begin ] --END-- [ RunTime:0.000123s ]
SQL: SHOW COLUMNS FROM `yingchao_admin_user` [ RunTime:0.0006s ]
SQL: SELECT * FROM `yingchao_admin_user` WHERE ( username="yingchaofuwu" ) LIMIT 1   [ RunTime:0.0003s ]

[ 2016-10-20T21:41:11+08:00 ] 110.64.69.64 /singcms/index.php?m=admin&c=login&a=check
INFO: [ app_begin ] --START--
INFO: Run Behavior\ReadHtmlCacheBehavior [ RunTime:0.000063s ]
INFO: [ app_begin ] --END-- [ RunTime:0.000152s ]
SQL: SHOW COLUMNS FROM `yingchao_admin_user` [ RunTime:0.0008s ]
SQL: SELECT * FROM `yingchao_admin_user` WHERE ( username="yingchaofuwu" ) LIMIT 1   [ RunTime:0.0001s ]

[ 2016-10-20T21:45:10+08:00 ] 110.64.69.62 /singcms/admin.php?c=admin&a=personal
ERR: 无法加载控制器:Admin

[ 2016-10-20T21:46:16+08:00 ] 110.64.69.64 /singcms/index.php?m=admin&c=login&a=check
INFO: [ app_begin ] --START--
INFO: Run Behavior\ReadHtmlCacheBehavior [ RunTime:0.000036s ]
INFO: [ app_begin ] --END-- [ RunTime:0.000084s ]
SQL: SHOW COLUMNS FROM `yingchao_admin_user` [ RunTime:0.0006s ]
SQL: SELECT * FROM `yingchao_admin_user` WHERE ( username="yingchaofuwu" ) LIMIT 1   [ RunTime:0.0001s ]

[ 2016-10-20T21:46:26+08:00 ] 110.64.69.62 /singcms/index.php?m=admin&c=login&a=check
INFO: [ app_begin ] --START--
INFO: Run Behavior\ReadHtmlCacheBehavior [ RunTime:0.000033s ]
INFO: [ app_begin ] --END-- [ RunTime:0.000082s ]
SQL: SHOW COLUMNS FROM `yingchao_admin_user` [ RunTime:0.0007s ]
SQL: SELECT * FROM `yingchao_admin_user` WHERE ( username="dsds" ) LIMIT 1   [ RunTime:0.0003s ]

[ 2016-10-20T21:46:34+08:00 ] 110.64.69.64 /singcms/index.php?m=admin&c=login&a=check
INFO: [ app_begin ] --START--
INFO: Run Behavior\ReadHtmlCacheBehavior [ RunTime:0.000035s ]
INFO: [ app_begin ] --END-- [ RunTime:0.000084s ]
SQL: SHOW COLUMNS FROM `yingchao_admin_user` [ RunTime:0.0006s ]
SQL: SELECT * FROM `yingchao_admin_user` WHERE ( username="yingchaofuwu" ) LIMIT 1   [ RunTime:0.0002s ]

[ 2016-10-20T21:57:27+08:00 ] 110.64.69.64 /singcms/index.php?m=admin&c=login&a=check
INFO: [ app_begin ] --START--
INFO: Run Behavior\ReadHtmlCacheBehavior [ RunTime:0.000037s ]
INFO: [ app_begin ] --END-- [ RunTime:0.000090s ]
SQL: SHOW COLUMNS FROM `yingchao_admin_user` [ RunTime:0.0006s ]
SQL: SELECT * FROM `yingchao_admin_user` WHERE ( username="yingchaofuwu" ) LIMIT 1   [ RunTime:0.0001s ]

